CRITICAL - 2023-06-19 04:01:04 --> Undefined variable $stk_discount
in APPPATH\Views\order\more-info.php on line 72.
 1 APPPATH\Views\order\more-info.php(72): CodeIgniter\Debug\Exceptions->errorHandler(2, 'Undefined variable $stk_discount', 'C:\\xampp\\htdocs\\cg\\app\\Views\\order\\more-info.php', 72)
 2 SYSTEMPATH\View\View.php(213): include('C:\\xampp\\htdocs\\cg\\app\\Views\\order\\more-info.php')
 3 SYSTEMPATH\View\View.php(216): CodeIgniter\View\View->CodeIgniter\View\{closure}()
 4 SYSTEMPATH\Common.php(1184): CodeIgniter\View\View->render('order/more-info', [], true)
 5 APPPATH\Controllers\Order.php(427): view('order/more-info', [...])
 6 SYSTEMPATH\CodeIgniter.php(934): App\Controllers\Order->more_information()
 7 SYSTEMPATH\CodeIgniter.php(499): CodeIgniter\CodeIgniter->runController(Object(App\Controllers\Order))
 8 SYSTEMPATH\CodeIgniter.php(368): CodeIgniter\CodeIgniter->handleRequest(null, Object(Config\Cache), false)
 9 FCPATH\index.php(67): CodeIgniter\CodeIgniter->run()
CRITICAL - 2023-06-19 04:02:27 --> syntax error, unexpected token "=>", expecting "]"
in APPPATH\Controllers\Order.php on line 418.
 1 SYSTEMPATH\Autoloader\Autoloader.php(289): CodeIgniter\Autoloader\Autoloader->includeFile('C:\\xampp\\htdocs\\cg\\app\\Controllers\\Order.php')
 2 SYSTEMPATH\Autoloader\Autoloader.php(267): CodeIgniter\Autoloader\Autoloader->loadInNamespace('App\\Controllers\\Order')
 3 [internal function]: CodeIgniter\Autoloader\Autoloader->loadClass('App\\Controllers\\Order')
 4 SYSTEMPATH\CodeIgniter.php(892): class_exists('\\App\\Controllers\\Order', true)
 5 SYSTEMPATH\CodeIgniter.php(486): CodeIgniter\CodeIgniter->startController()
 6 SYSTEMPATH\CodeIgniter.php(368): CodeIgniter\CodeIgniter->handleRequest(null, Object(Config\Cache), false)
 7 FCPATH\index.php(67): CodeIgniter\CodeIgniter->run()
CRITICAL - 2023-06-19 04:02:39 --> Undefined variable $stk_discount
in APPPATH\Views\order\more-info.php on line 72.
 1 APPPATH\Views\order\more-info.php(72): CodeIgniter\Debug\Exceptions->errorHandler(2, 'Undefined variable $stk_discount', 'C:\\xampp\\htdocs\\cg\\app\\Views\\order\\more-info.php', 72)
 2 SYSTEMPATH\View\View.php(213): include('C:\\xampp\\htdocs\\cg\\app\\Views\\order\\more-info.php')
 3 SYSTEMPATH\View\View.php(216): CodeIgniter\View\View->CodeIgniter\View\{closure}()
 4 SYSTEMPATH\Common.php(1184): CodeIgniter\View\View->render('order/more-info', [], true)
 5 APPPATH\Controllers\Order.php(428): view('order/more-info', [...])
 6 SYSTEMPATH\CodeIgniter.php(934): App\Controllers\Order->more_information()
 7 SYSTEMPATH\CodeIgniter.php(499): CodeIgniter\CodeIgniter->runController(Object(App\Controllers\Order))
 8 SYSTEMPATH\CodeIgniter.php(368): CodeIgniter\CodeIgniter->handleRequest(null, Object(Config\Cache), false)
 9 FCPATH\index.php(67): CodeIgniter\CodeIgniter->run()
CRITICAL - 2023-06-19 04:03:18 --> Undefined variable $stk_discount
in APPPATH\Views\order\more-info.php on line 72.
 1 APPPATH\Views\order\more-info.php(72): CodeIgniter\Debug\Exceptions->errorHandler(2, 'Undefined variable $stk_discount', 'C:\\xampp\\htdocs\\cg\\app\\Views\\order\\more-info.php', 72)
 2 SYSTEMPATH\View\View.php(213): include('C:\\xampp\\htdocs\\cg\\app\\Views\\order\\more-info.php')
 3 SYSTEMPATH\View\View.php(216): CodeIgniter\View\View->CodeIgniter\View\{closure}()
 4 SYSTEMPATH\Common.php(1184): CodeIgniter\View\View->render('order/more-info', [], true)
 5 APPPATH\Controllers\Order.php(428): view('order/more-info', [...])
 6 SYSTEMPATH\CodeIgniter.php(934): App\Controllers\Order->more_information()
 7 SYSTEMPATH\CodeIgniter.php(499): CodeIgniter\CodeIgniter->runController(Object(App\Controllers\Order))
 8 SYSTEMPATH\CodeIgniter.php(368): CodeIgniter\CodeIgniter->handleRequest(null, Object(Config\Cache), false)
 9 FCPATH\index.php(67): CodeIgniter\CodeIgniter->run()
CRITICAL - 2023-06-19 04:05:20 --> Undefined variable $stk_discount
in APPPATH\Views\order\more-info.php on line 72.
 1 APPPATH\Views\order\more-info.php(72): CodeIgniter\Debug\Exceptions->errorHandler(2, 'Undefined variable $stk_discount', 'C:\\xampp\\htdocs\\cg\\app\\Views\\order\\more-info.php', 72)
 2 SYSTEMPATH\View\View.php(213): include('C:\\xampp\\htdocs\\cg\\app\\Views\\order\\more-info.php')
 3 SYSTEMPATH\View\View.php(216): CodeIgniter\View\View->CodeIgniter\View\{closure}()
 4 SYSTEMPATH\Common.php(1184): CodeIgniter\View\View->render('order/more-info', [], true)
 5 APPPATH\Controllers\Order.php(428): view('order/more-info', [...])
 6 SYSTEMPATH\CodeIgniter.php(934): App\Controllers\Order->more_information()
 7 SYSTEMPATH\CodeIgniter.php(499): CodeIgniter\CodeIgniter->runController(Object(App\Controllers\Order))
 8 SYSTEMPATH\CodeIgniter.php(368): CodeIgniter\CodeIgniter->handleRequest(null, Object(Config\Cache), false)
 9 FCPATH\index.php(67): CodeIgniter\CodeIgniter->run()
CRITICAL - 2023-06-19 04:07:45 --> Undefined variable $stk_discount
in APPPATH\Views\order\more-info.php on line 72.
 1 APPPATH\Views\order\more-info.php(72): CodeIgniter\Debug\Exceptions->errorHandler(2, 'Undefined variable $stk_discount', 'C:\\xampp\\htdocs\\cg\\app\\Views\\order\\more-info.php', 72)
 2 SYSTEMPATH\View\View.php(213): include('C:\\xampp\\htdocs\\cg\\app\\Views\\order\\more-info.php')
 3 SYSTEMPATH\View\View.php(216): CodeIgniter\View\View->CodeIgniter\View\{closure}()
 4 SYSTEMPATH\Common.php(1184): CodeIgniter\View\View->render('order/more-info', [], true)
 5 APPPATH\Controllers\Order.php(428): view('order/more-info', [...])
 6 SYSTEMPATH\CodeIgniter.php(934): App\Controllers\Order->more_information()
 7 SYSTEMPATH\CodeIgniter.php(499): CodeIgniter\CodeIgniter->runController(Object(App\Controllers\Order))
 8 SYSTEMPATH\CodeIgniter.php(368): CodeIgniter\CodeIgniter->handleRequest(null, Object(Config\Cache), false)
 9 FCPATH\index.php(67): CodeIgniter\CodeIgniter->run()
CRITICAL - 2023-06-19 04:08:13 --> syntax error, unexpected token "<", expecting end of file
in APPPATH\Views\order\more-info.php on line 72.
 1 SYSTEMPATH\View\View.php(216): CodeIgniter\View\View->CodeIgniter\View\{closure}()
 2 SYSTEMPATH\Common.php(1184): CodeIgniter\View\View->render('order/more-info', [], true)
 3 APPPATH\Controllers\Order.php(428): view('order/more-info', [...])
 4 SYSTEMPATH\CodeIgniter.php(934): App\Controllers\Order->more_information()
 5 SYSTEMPATH\CodeIgniter.php(499): CodeIgniter\CodeIgniter->runController(Object(App\Controllers\Order))
 6 SYSTEMPATH\CodeIgniter.php(368): CodeIgniter\CodeIgniter->handleRequest(null, Object(Config\Cache), false)
 7 FCPATH\index.php(67): CodeIgniter\CodeIgniter->run()
CRITICAL - 2023-06-19 04:08:30 --> Undefined variable $stk_discount
in APPPATH\Views\order\more-info.php on line 73.
 1 APPPATH\Views\order\more-info.php(73): CodeIgniter\Debug\Exceptions->errorHandler(2, 'Undefined variable $stk_discount', 'C:\\xampp\\htdocs\\cg\\app\\Views\\order\\more-info.php', 73)
 2 SYSTEMPATH\View\View.php(213): include('C:\\xampp\\htdocs\\cg\\app\\Views\\order\\more-info.php')
 3 SYSTEMPATH\View\View.php(216): CodeIgniter\View\View->CodeIgniter\View\{closure}()
 4 SYSTEMPATH\Common.php(1184): CodeIgniter\View\View->render('order/more-info', [], true)
 5 APPPATH\Controllers\Order.php(428): view('order/more-info', [...])
 6 SYSTEMPATH\CodeIgniter.php(934): App\Controllers\Order->more_information()
 7 SYSTEMPATH\CodeIgniter.php(499): CodeIgniter\CodeIgniter->runController(Object(App\Controllers\Order))
 8 SYSTEMPATH\CodeIgniter.php(368): CodeIgniter\CodeIgniter->handleRequest(null, Object(Config\Cache), false)
 9 FCPATH\index.php(67): CodeIgniter\CodeIgniter->run()
CRITICAL - 2023-06-19 04:08:58 --> syntax error, unexpected variable "$data"
in APPPATH\Controllers\Order.php on line 420.
 1 SYSTEMPATH\Autoloader\Autoloader.php(289): CodeIgniter\Autoloader\Autoloader->includeFile('C:\\xampp\\htdocs\\cg\\app\\Controllers\\Order.php')
 2 SYSTEMPATH\Autoloader\Autoloader.php(267): CodeIgniter\Autoloader\Autoloader->loadInNamespace('App\\Controllers\\Order')
 3 [internal function]: CodeIgniter\Autoloader\Autoloader->loadClass('App\\Controllers\\Order')
 4 SYSTEMPATH\CodeIgniter.php(892): class_exists('\\App\\Controllers\\Order', true)
 5 SYSTEMPATH\CodeIgniter.php(486): CodeIgniter\CodeIgniter->startController()
 6 SYSTEMPATH\CodeIgniter.php(368): CodeIgniter\CodeIgniter->handleRequest(null, Object(Config\Cache), false)
 7 FCPATH\index.php(67): CodeIgniter\CodeIgniter->run()
CRITICAL - 2023-06-19 04:09:08 --> syntax error, unexpected variable "$data"
in APPPATH\Controllers\Order.php on line 420.
 1 SYSTEMPATH\Autoloader\Autoloader.php(289): CodeIgniter\Autoloader\Autoloader->includeFile('C:\\xampp\\htdocs\\cg\\app\\Controllers\\Order.php')
 2 SYSTEMPATH\Autoloader\Autoloader.php(267): CodeIgniter\Autoloader\Autoloader->loadInNamespace('App\\Controllers\\Order')
 3 [internal function]: CodeIgniter\Autoloader\Autoloader->loadClass('App\\Controllers\\Order')
 4 SYSTEMPATH\CodeIgniter.php(892): class_exists('\\App\\Controllers\\Order', true)
 5 SYSTEMPATH\CodeIgniter.php(486): CodeIgniter\CodeIgniter->startController()
 6 SYSTEMPATH\CodeIgniter.php(368): CodeIgniter\CodeIgniter->handleRequest(null, Object(Config\Cache), false)
 7 FCPATH\index.php(67): CodeIgniter\CodeIgniter->run()
CRITICAL - 2023-06-19 04:10:16 --> syntax error, unexpected token "if"
in APPPATH\Views\order\more-info.php on line 72.
 1 SYSTEMPATH\View\View.php(216): CodeIgniter\View\View->CodeIgniter\View\{closure}()
 2 SYSTEMPATH\Common.php(1184): CodeIgniter\View\View->render('order/more-info', [], true)
 3 APPPATH\Controllers\Order.php(428): view('order/more-info', [...])
 4 SYSTEMPATH\CodeIgniter.php(934): App\Controllers\Order->more_information()
 5 SYSTEMPATH\CodeIgniter.php(499): CodeIgniter\CodeIgniter->runController(Object(App\Controllers\Order))
 6 SYSTEMPATH\CodeIgniter.php(368): CodeIgniter\CodeIgniter->handleRequest(null, Object(Config\Cache), false)
 7 FCPATH\index.php(67): CodeIgniter\CodeIgniter->run()
CRITICAL - 2023-06-19 04:10:24 --> Undefined variable $stk_discount
in APPPATH\Views\order\more-info.php on line 72.
 1 APPPATH\Views\order\more-info.php(72): CodeIgniter\Debug\Exceptions->errorHandler(2, 'Undefined variable $stk_discount', 'C:\\xampp\\htdocs\\cg\\app\\Views\\order\\more-info.php', 72)
 2 SYSTEMPATH\View\View.php(213): include('C:\\xampp\\htdocs\\cg\\app\\Views\\order\\more-info.php')
 3 SYSTEMPATH\View\View.php(216): CodeIgniter\View\View->CodeIgniter\View\{closure}()
 4 SYSTEMPATH\Common.php(1184): CodeIgniter\View\View->render('order/more-info', [], true)
 5 APPPATH\Controllers\Order.php(428): view('order/more-info', [...])
 6 SYSTEMPATH\CodeIgniter.php(934): App\Controllers\Order->more_information()
 7 SYSTEMPATH\CodeIgniter.php(499): CodeIgniter\CodeIgniter->runController(Object(App\Controllers\Order))
 8 SYSTEMPATH\CodeIgniter.php(368): CodeIgniter\CodeIgniter->handleRequest(null, Object(Config\Cache), false)
 9 FCPATH\index.php(67): CodeIgniter\CodeIgniter->run()
CRITICAL - 2023-06-19 04:19:04 --> Undefined variable $avl_stock
in APPPATH\Views\order\more-info.php on line 351.
 1 APPPATH\Views\order\more-info.php(351): CodeIgniter\Debug\Exceptions->errorHandler(2, 'Undefined variable $avl_stock', 'C:\\xampp\\htdocs\\cg\\app\\Views\\order\\more-info.php', 351)
 2 SYSTEMPATH\View\View.php(213): include('C:\\xampp\\htdocs\\cg\\app\\Views\\order\\more-info.php')
 3 SYSTEMPATH\View\View.php(216): CodeIgniter\View\View->CodeIgniter\View\{closure}()
 4 SYSTEMPATH\Common.php(1184): CodeIgniter\View\View->render('order/more-info', [], true)
 5 APPPATH\Controllers\Order.php(429): view('order/more-info', [...])
 6 SYSTEMPATH\CodeIgniter.php(934): App\Controllers\Order->more_information()
 7 SYSTEMPATH\CodeIgniter.php(499): CodeIgniter\CodeIgniter->runController(Object(App\Controllers\Order))
 8 SYSTEMPATH\CodeIgniter.php(368): CodeIgniter\CodeIgniter->handleRequest(null, Object(Config\Cache), false)
 9 FCPATH\index.php(67): CodeIgniter\CodeIgniter->run()
CRITICAL - 2023-06-19 04:30:52 --> Undefined variable $mstatus
in APPPATH\Views\order\more-info.php on line 196.
 1 APPPATH\Views\order\more-info.php(196): CodeIgniter\Debug\Exceptions->errorHandler(2, 'Undefined variable $mstatus', 'C:\\xampp\\htdocs\\cg\\app\\Views\\order\\more-info.php', 196)
 2 SYSTEMPATH\View\View.php(213): include('C:\\xampp\\htdocs\\cg\\app\\Views\\order\\more-info.php')
 3 SYSTEMPATH\View\View.php(216): CodeIgniter\View\View->CodeIgniter\View\{closure}()
 4 SYSTEMPATH\Common.php(1184): CodeIgniter\View\View->render('order/more-info', [], true)
 5 APPPATH\Controllers\Order.php(429): view('order/more-info', [...])
 6 SYSTEMPATH\CodeIgniter.php(934): App\Controllers\Order->more_information()
 7 SYSTEMPATH\CodeIgniter.php(499): CodeIgniter\CodeIgniter->runController(Object(App\Controllers\Order))
 8 SYSTEMPATH\CodeIgniter.php(368): CodeIgniter\CodeIgniter->handleRequest(null, Object(Config\Cache), false)
 9 FCPATH\index.php(67): CodeIgniter\CodeIgniter->run()
CRITICAL - 2023-06-19 04:32:30 --> Undefined variable $mstatus
in APPPATH\Views\order\more-info.php on line 198.
 1 APPPATH\Views\order\more-info.php(198): CodeIgniter\Debug\Exceptions->errorHandler(2, 'Undefined variable $mstatus', 'C:\\xampp\\htdocs\\cg\\app\\Views\\order\\more-info.php', 198)
 2 SYSTEMPATH\View\View.php(213): include('C:\\xampp\\htdocs\\cg\\app\\Views\\order\\more-info.php')
 3 SYSTEMPATH\View\View.php(216): CodeIgniter\View\View->CodeIgniter\View\{closure}()
 4 SYSTEMPATH\Common.php(1184): CodeIgniter\View\View->render('order/more-info', [], true)
 5 APPPATH\Controllers\Order.php(429): view('order/more-info', [...])
 6 SYSTEMPATH\CodeIgniter.php(934): App\Controllers\Order->more_information()
 7 SYSTEMPATH\CodeIgniter.php(499): CodeIgniter\CodeIgniter->runController(Object(App\Controllers\Order))
 8 SYSTEMPATH\CodeIgniter.php(368): CodeIgniter\CodeIgniter->handleRequest(null, Object(Config\Cache), false)
 9 FCPATH\index.php(67): CodeIgniter\CodeIgniter->run()
CRITICAL - 2023-06-19 04:44:41 --> Undefined variable $mstatus
in APPPATH\Views\order\more-info.php on line 231.
 1 APPPATH\Views\order\more-info.php(231): CodeIgniter\Debug\Exceptions->errorHandler(2, 'Undefined variable $mstatus', 'C:\\xampp\\htdocs\\cg\\app\\Views\\order\\more-info.php', 231)
 2 SYSTEMPATH\View\View.php(213): include('C:\\xampp\\htdocs\\cg\\app\\Views\\order\\more-info.php')
 3 SYSTEMPATH\View\View.php(216): CodeIgniter\View\View->CodeIgniter\View\{closure}()
 4 SYSTEMPATH\Common.php(1184): CodeIgniter\View\View->render('order/more-info', [], true)
 5 APPPATH\Controllers\Order.php(429): view('order/more-info', [...])
 6 SYSTEMPATH\CodeIgniter.php(934): App\Controllers\Order->more_information()
 7 SYSTEMPATH\CodeIgniter.php(499): CodeIgniter\CodeIgniter->runController(Object(App\Controllers\Order))
 8 SYSTEMPATH\CodeIgniter.php(368): CodeIgniter\CodeIgniter->handleRequest(null, Object(Config\Cache), false)
 9 FCPATH\index.php(67): CodeIgniter\CodeIgniter->run()
CRITICAL - 2023-06-19 04:45:04 --> Undefined variable $stk_discount
in APPPATH\Views\order\more-info.php on line 232.
 1 APPPATH\Views\order\more-info.php(232): CodeIgniter\Debug\Exceptions->errorHandler(2, 'Undefined variable $stk_discount', 'C:\\xampp\\htdocs\\cg\\app\\Views\\order\\more-info.php', 232)
 2 SYSTEMPATH\View\View.php(213): include('C:\\xampp\\htdocs\\cg\\app\\Views\\order\\more-info.php')
 3 SYSTEMPATH\View\View.php(216): CodeIgniter\View\View->CodeIgniter\View\{closure}()
 4 SYSTEMPATH\Common.php(1184): CodeIgniter\View\View->render('order/more-info', [], true)
 5 APPPATH\Controllers\Order.php(429): view('order/more-info', [...])
 6 SYSTEMPATH\CodeIgniter.php(934): App\Controllers\Order->more_information()
 7 SYSTEMPATH\CodeIgniter.php(499): CodeIgniter\CodeIgniter->runController(Object(App\Controllers\Order))
 8 SYSTEMPATH\CodeIgniter.php(368): CodeIgniter\CodeIgniter->handleRequest(null, Object(Config\Cache), false)
 9 FCPATH\index.php(67): CodeIgniter\CodeIgniter->run()
CRITICAL - 2023-06-19 04:45:31 --> Undefined variable $pno
in APPPATH\Views\order\more-info.php on line 237.
 1 APPPATH\Views\order\more-info.php(237): CodeIgniter\Debug\Exceptions->errorHandler(2, 'Undefined variable $pno', 'C:\\xampp\\htdocs\\cg\\app\\Views\\order\\more-info.php', 237)
 2 SYSTEMPATH\View\View.php(213): include('C:\\xampp\\htdocs\\cg\\app\\Views\\order\\more-info.php')
 3 SYSTEMPATH\View\View.php(216): CodeIgniter\View\View->CodeIgniter\View\{closure}()
 4 SYSTEMPATH\Common.php(1184): CodeIgniter\View\View->render('order/more-info', [], true)
 5 APPPATH\Controllers\Order.php(429): view('order/more-info', [...])
 6 SYSTEMPATH\CodeIgniter.php(934): App\Controllers\Order->more_information()
 7 SYSTEMPATH\CodeIgniter.php(499): CodeIgniter\CodeIgniter->runController(Object(App\Controllers\Order))
 8 SYSTEMPATH\CodeIgniter.php(368): CodeIgniter\CodeIgniter->handleRequest(null, Object(Config\Cache), false)
 9 FCPATH\index.php(67): CodeIgniter\CodeIgniter->run()
CRITICAL - 2023-06-19 04:48:05 --> Call to undefined function App\Controllers\alert()
in APPPATH\Controllers\Order.php on line 464.
 1 SYSTEMPATH\CodeIgniter.php(934): App\Controllers\Order->add_to_cart()
 2 SYSTEMPATH\CodeIgniter.php(499): CodeIgniter\CodeIgniter->runController(Object(App\Controllers\Order))
 3 SYSTEMPATH\CodeIgniter.php(368): CodeIgniter\CodeIgniter->handleRequest(null, Object(Config\Cache), false)
 4 FCPATH\index.php(67): CodeIgniter\CodeIgniter->run()
CRITICAL - 2023-06-19 04:48:49 --> Call to undefined function App\Controllers\alert()
in APPPATH\Controllers\Order.php on line 465.
 1 SYSTEMPATH\CodeIgniter.php(934): App\Controllers\Order->add_cart()
 2 SYSTEMPATH\CodeIgniter.php(499): CodeIgniter\CodeIgniter->runController(Object(App\Controllers\Order))
 3 SYSTEMPATH\CodeIgniter.php(368): CodeIgniter\CodeIgniter->handleRequest(null, Object(Config\Cache), false)
 4 FCPATH\index.php(67): CodeIgniter\CodeIgniter->run()
CRITICAL - 2023-06-19 04:53:11 --> Too few arguments to function App\Models\Ordermodel::checking_avail_stock(), 1 passed in C:\xampp\htdocs\cg\app\Controllers\Order.php on line 486 and exactly 2 expected
in APPPATH\Models\Ordermodel.php on line 153.
 1 APPPATH\Controllers\Order.php(486): App\Models\Ordermodel::checking_avail_stock('T1000')
 2 SYSTEMPATH\CodeIgniter.php(934): App\Controllers\Order->add_cart()
 3 SYSTEMPATH\CodeIgniter.php(499): CodeIgniter\CodeIgniter->runController(Object(App\Controllers\Order))
 4 SYSTEMPATH\CodeIgniter.php(368): CodeIgniter\CodeIgniter->handleRequest(null, Object(Config\Cache), false)
 5 FCPATH\index.php(67): CodeIgniter\CodeIgniter->run()
CRITICAL - 2023-06-19 04:55:14 --> Undefined array key "S_AVAIL"
in APPPATH\Controllers\Order.php on line 490.
 1 APPPATH\Controllers\Order.php(490): CodeIgniter\Debug\Exceptions->errorHandler(2, 'Undefined array key "S_AVAIL"', 'C:\\xampp\\htdocs\\cg\\app\\Controllers\\Order.php', 490)
 2 SYSTEMPATH\CodeIgniter.php(934): App\Controllers\Order->add_cart()
 3 SYSTEMPATH\CodeIgniter.php(499): CodeIgniter\CodeIgniter->runController(Object(App\Controllers\Order))
 4 SYSTEMPATH\CodeIgniter.php(368): CodeIgniter\CodeIgniter->handleRequest(null, Object(Config\Cache), false)
 5 FCPATH\index.php(67): CodeIgniter\CodeIgniter->run()
CRITICAL - 2023-06-19 04:56:02 --> Undefined array key "S_AVAIL"
in APPPATH\Controllers\Order.php on line 490.
 1 APPPATH\Controllers\Order.php(490): CodeIgniter\Debug\Exceptions->errorHandler(2, 'Undefined array key "S_AVAIL"', 'C:\\xampp\\htdocs\\cg\\app\\Controllers\\Order.php', 490)
 2 SYSTEMPATH\CodeIgniter.php(934): App\Controllers\Order->add_cart()
 3 SYSTEMPATH\CodeIgniter.php(499): CodeIgniter\CodeIgniter->runController(Object(App\Controllers\Order))
 4 SYSTEMPATH\CodeIgniter.php(368): CodeIgniter\CodeIgniter->handleRequest(null, Object(Config\Cache), false)
 5 FCPATH\index.php(67): CodeIgniter\CodeIgniter->run()
CRITICAL - 2023-06-19 04:56:35 --> Undefined array key "S_AVAIL"
in APPPATH\Controllers\Order.php on line 490.
 1 APPPATH\Controllers\Order.php(490): CodeIgniter\Debug\Exceptions->errorHandler(2, 'Undefined array key "S_AVAIL"', 'C:\\xampp\\htdocs\\cg\\app\\Controllers\\Order.php', 490)
 2 SYSTEMPATH\CodeIgniter.php(934): App\Controllers\Order->add_cart()
 3 SYSTEMPATH\CodeIgniter.php(499): CodeIgniter\CodeIgniter->runController(Object(App\Controllers\Order))
 4 SYSTEMPATH\CodeIgniter.php(368): CodeIgniter\CodeIgniter->handleRequest(null, Object(Config\Cache), false)
 5 FCPATH\index.php(67): CodeIgniter\CodeIgniter->run()
CRITICAL - 2023-06-19 04:58:34 --> Undefined array key "S_AVAIL"
in APPPATH\Controllers\Order.php on line 490.
 1 APPPATH\Controllers\Order.php(490): CodeIgniter\Debug\Exceptions->errorHandler(2, 'Undefined array key "S_AVAIL"', 'C:\\xampp\\htdocs\\cg\\app\\Controllers\\Order.php', 490)
 2 SYSTEMPATH\CodeIgniter.php(934): App\Controllers\Order->add_cart()
 3 SYSTEMPATH\CodeIgniter.php(499): CodeIgniter\CodeIgniter->runController(Object(App\Controllers\Order))
 4 SYSTEMPATH\CodeIgniter.php(368): CodeIgniter\CodeIgniter->handleRequest(null, Object(Config\Cache), false)
 5 FCPATH\index.php(67): CodeIgniter\CodeIgniter->run()
CRITICAL - 2023-06-19 04:59:18 --> Undefined array key "S_AVAIL"
in APPPATH\Controllers\Order.php on line 491.
 1 APPPATH\Controllers\Order.php(491): CodeIgniter\Debug\Exceptions->errorHandler(2, 'Undefined array key "S_AVAIL"', 'C:\\xampp\\htdocs\\cg\\app\\Controllers\\Order.php', 491)
 2 SYSTEMPATH\CodeIgniter.php(934): App\Controllers\Order->add_cart()
 3 SYSTEMPATH\CodeIgniter.php(499): CodeIgniter\CodeIgniter->runController(Object(App\Controllers\Order))
 4 SYSTEMPATH\CodeIgniter.php(368): CodeIgniter\CodeIgniter->handleRequest(null, Object(Config\Cache), false)
 5 FCPATH\index.php(67): CodeIgniter\CodeIgniter->run()
CRITICAL - 2023-06-19 05:01:04 --> Undefined array key "S_AVAIL"
in APPPATH\Controllers\Order.php on line 490.
 1 APPPATH\Controllers\Order.php(490): CodeIgniter\Debug\Exceptions->errorHandler(2, 'Undefined array key "S_AVAIL"', 'C:\\xampp\\htdocs\\cg\\app\\Controllers\\Order.php', 490)
 2 SYSTEMPATH\CodeIgniter.php(934): App\Controllers\Order->add_cart()
 3 SYSTEMPATH\CodeIgniter.php(499): CodeIgniter\CodeIgniter->runController(Object(App\Controllers\Order))
 4 SYSTEMPATH\CodeIgniter.php(368): CodeIgniter\CodeIgniter->handleRequest(null, Object(Config\Cache), false)
 5 FCPATH\index.php(67): CodeIgniter\CodeIgniter->run()
CRITICAL - 2023-06-19 05:02:43 --> Undefined array key "S_AVAIL"
in APPPATH\Controllers\Order.php on line 490.
 1 APPPATH\Controllers\Order.php(490): CodeIgniter\Debug\Exceptions->errorHandler(2, 'Undefined array key "S_AVAIL"', 'C:\\xampp\\htdocs\\cg\\app\\Controllers\\Order.php', 490)
 2 SYSTEMPATH\CodeIgniter.php(934): App\Controllers\Order->add_cart()
 3 SYSTEMPATH\CodeIgniter.php(499): CodeIgniter\CodeIgniter->runController(Object(App\Controllers\Order))
 4 SYSTEMPATH\CodeIgniter.php(368): CodeIgniter\CodeIgniter->handleRequest(null, Object(Config\Cache), false)
 5 FCPATH\index.php(67): CodeIgniter\CodeIgniter->run()
CRITICAL - 2023-06-19 05:07:45 --> Undefined array key "S_AVAIL"
in APPPATH\Controllers\Order.php on line 495.
 1 APPPATH\Controllers\Order.php(495): CodeIgniter\Debug\Exceptions->errorHandler(2, 'Undefined array key "S_AVAIL"', 'C:\\xampp\\htdocs\\cg\\app\\Controllers\\Order.php', 495)
 2 SYSTEMPATH\CodeIgniter.php(934): App\Controllers\Order->add_cart()
 3 SYSTEMPATH\CodeIgniter.php(499): CodeIgniter\CodeIgniter->runController(Object(App\Controllers\Order))
 4 SYSTEMPATH\CodeIgniter.php(368): CodeIgniter\CodeIgniter->handleRequest(null, Object(Config\Cache), false)
 5 FCPATH\index.php(67): CodeIgniter\CodeIgniter->run()
CRITICAL - 2023-06-19 07:09:04 --> include_once(onlineorder/components/headercomponents/header.php): Failed to open stream: No such file or directory
in APPPATH\Views\onlineorder\content\search\search.php on line 1.
 1 APPPATH\Views\onlineorder\content\search\search.php(1): CodeIgniter\Debug\Exceptions->errorHandler(2, 'include_once(onlineorder/components/headercomponents/header.php): Failed to open stream: No such file or directory', 'C:\\xampp\\htdocs\\cg\\app\\Views\\onlineorder\\content\\search\\search.php', 1)
 2 APPPATH\Views\onlineorder\content\search\search.php(1): include_once()
 3 SYSTEMPATH\View\View.php(213): include('C:\\xampp\\htdocs\\cg\\app\\Views\\onlineorder\\content\\search\\search.php')
 4 SYSTEMPATH\View\View.php(216): CodeIgniter\View\View->CodeIgniter\View\{closure}()
 5 SYSTEMPATH\Common.php(1184): CodeIgniter\View\View->render('onlineorder/content/search/search.php', [], true)
 6 APPPATH\Controllers\Order.php(17): view('onlineorder/content/search/search.php')
 7 SYSTEMPATH\CodeIgniter.php(934): App\Controllers\Order->index()
 8 SYSTEMPATH\CodeIgniter.php(499): CodeIgniter\CodeIgniter->runController(Object(App\Controllers\Order))
 9 SYSTEMPATH\CodeIgniter.php(368): CodeIgniter\CodeIgniter->handleRequest(null, Object(Config\Cache), false)
10 FCPATH\index.php(67): CodeIgniter\CodeIgniter->run()
CRITICAL - 2023-06-19 07:09:48 --> include_once(onlineorder/components/header.php): Failed to open stream: No such file or directory
in APPPATH\Views\onlineorder\content\search\search.php on line 1.
 1 APPPATH\Views\onlineorder\content\search\search.php(1): CodeIgniter\Debug\Exceptions->errorHandler(2, 'include_once(onlineorder/components/header.php): Failed to open stream: No such file or directory', 'C:\\xampp\\htdocs\\cg\\app\\Views\\onlineorder\\content\\search\\search.php', 1)
 2 APPPATH\Views\onlineorder\content\search\search.php(1): include_once()
 3 SYSTEMPATH\View\View.php(213): include('C:\\xampp\\htdocs\\cg\\app\\Views\\onlineorder\\content\\search\\search.php')
 4 SYSTEMPATH\View\View.php(216): CodeIgniter\View\View->CodeIgniter\View\{closure}()
 5 SYSTEMPATH\Common.php(1184): CodeIgniter\View\View->render('onlineorder/content/search/search.php', [], true)
 6 APPPATH\Controllers\Order.php(17): view('onlineorder/content/search/search.php')
 7 SYSTEMPATH\CodeIgniter.php(934): App\Controllers\Order->index()
 8 SYSTEMPATH\CodeIgniter.php(499): CodeIgniter\CodeIgniter->runController(Object(App\Controllers\Order))
 9 SYSTEMPATH\CodeIgniter.php(368): CodeIgniter\CodeIgniter->handleRequest(null, Object(Config\Cache), false)
10 FCPATH\index.php(67): CodeIgniter\CodeIgniter->run()
CRITICAL - 2023-06-19 07:11:18 --> include_once(onlineorder/components/navbar.php): Failed to open stream: No such file or directory
in APPPATH\Views\onlineorder\content\search\search.php on line 2.
 1 APPPATH\Views\onlineorder\content\search\search.php(2): CodeIgniter\Debug\Exceptions->errorHandler(2, 'include_once(onlineorder/components/navbar.php): Failed to open stream: No such file or directory', 'C:\\xampp\\htdocs\\cg\\app\\Views\\onlineorder\\content\\search\\search.php', 2)
 2 APPPATH\Views\onlineorder\content\search\search.php(2): include_once()
 3 SYSTEMPATH\View\View.php(213): include('C:\\xampp\\htdocs\\cg\\app\\Views\\onlineorder\\content\\search\\search.php')
 4 SYSTEMPATH\View\View.php(216): CodeIgniter\View\View->CodeIgniter\View\{closure}()
 5 SYSTEMPATH\Common.php(1184): CodeIgniter\View\View->render('onlineorder/content/search/search.php', [], true)
 6 APPPATH\Controllers\Order.php(17): view('onlineorder/content/search/search.php')
 7 SYSTEMPATH\CodeIgniter.php(934): App\Controllers\Order->index()
 8 SYSTEMPATH\CodeIgniter.php(499): CodeIgniter\CodeIgniter->runController(Object(App\Controllers\Order))
 9 SYSTEMPATH\CodeIgniter.php(368): CodeIgniter\CodeIgniter->handleRequest(null, Object(Config\Cache), false)
10 FCPATH\index.php(67): CodeIgniter\CodeIgniter->run()
CRITICAL - 2023-06-19 07:11:25 --> Undefined variable $curl
in FCPATH\public\assets\js\index\search_part_number.php on line 5.
 1 FCPATH\public\assets\js\index\search_part_number.php(5): CodeIgniter\Debug\Exceptions->errorHandler(2, 'Undefined variable $curl', 'C:\\xampp\\htdocs\\cg\\public\\assets\\js\\index\\search_part_number.php', 5)
 2 APPPATH\Views\onlineorder\content\search\search.php(144): include_once('C:\\xampp\\htdocs\\cg\\public\\assets\\js\\index\\search_part_number.php')
 3 SYSTEMPATH\View\View.php(213): include('C:\\xampp\\htdocs\\cg\\app\\Views\\onlineorder\\content\\search\\search.php')
 4 SYSTEMPATH\View\View.php(216): CodeIgniter\View\View->CodeIgniter\View\{closure}()
 5 SYSTEMPATH\Common.php(1184): CodeIgniter\View\View->render('onlineorder/content/search/search.php', [], true)
 6 APPPATH\Controllers\Order.php(17): view('onlineorder/content/search/search.php')
 7 SYSTEMPATH\CodeIgniter.php(934): App\Controllers\Order->index()
 8 SYSTEMPATH\CodeIgniter.php(499): CodeIgniter\CodeIgniter->runController(Object(App\Controllers\Order))
 9 SYSTEMPATH\CodeIgniter.php(368): CodeIgniter\CodeIgniter->handleRequest(null, Object(Config\Cache), false)
10 FCPATH\index.php(67): CodeIgniter\CodeIgniter->run()
CRITICAL - 2023-06-19 07:12:13 --> include_once(onlineorder/components/header.php): Failed to open stream: No such file or directory
in APPPATH\Views\onlineorder\content\search\search.php on line 1.
 1 APPPATH\Views\onlineorder\content\search\search.php(1): CodeIgniter\Debug\Exceptions->errorHandler(2, 'include_once(onlineorder/components/header.php): Failed to open stream: No such file or directory', 'C:\\xampp\\htdocs\\cg\\app\\Views\\onlineorder\\content\\search\\search.php', 1)
 2 APPPATH\Views\onlineorder\content\search\search.php(1): include_once()
 3 SYSTEMPATH\View\View.php(213): include('C:\\xampp\\htdocs\\cg\\app\\Views\\onlineorder\\content\\search\\search.php')
 4 SYSTEMPATH\View\View.php(216): CodeIgniter\View\View->CodeIgniter\View\{closure}()
 5 SYSTEMPATH\Common.php(1184): CodeIgniter\View\View->render('onlineorder/content/search/search.php', [], true)
 6 APPPATH\Controllers\Order.php(17): view('onlineorder/content/search/search.php')
 7 SYSTEMPATH\CodeIgniter.php(934): App\Controllers\Order->index()
 8 SYSTEMPATH\CodeIgniter.php(499): CodeIgniter\CodeIgniter->runController(Object(App\Controllers\Order))
 9 SYSTEMPATH\CodeIgniter.php(368): CodeIgniter\CodeIgniter->handleRequest(null, Object(Config\Cache), false)
10 FCPATH\index.php(67): CodeIgniter\CodeIgniter->run()
CRITICAL - 2023-06-19 07:14:02 --> include_once(onlineorder/components/header.php): Failed to open stream: No such file or directory
in APPPATH\Views\onlineorder\content\search\search.php on line 1.
 1 APPPATH\Views\onlineorder\content\search\search.php(1): CodeIgniter\Debug\Exceptions->errorHandler(2, 'include_once(onlineorder/components/header.php): Failed to open stream: No such file or directory', 'C:\\xampp\\htdocs\\cg\\app\\Views\\onlineorder\\content\\search\\search.php', 1)
 2 APPPATH\Views\onlineorder\content\search\search.php(1): include_once()
 3 SYSTEMPATH\View\View.php(213): include('C:\\xampp\\htdocs\\cg\\app\\Views\\onlineorder\\content\\search\\search.php')
 4 SYSTEMPATH\View\View.php(216): CodeIgniter\View\View->CodeIgniter\View\{closure}()
 5 SYSTEMPATH\Common.php(1184): CodeIgniter\View\View->render('onlineorder/content/search/search.php', [], true)
 6 APPPATH\Controllers\Order.php(17): view('onlineorder/content/search/search.php')
 7 SYSTEMPATH\CodeIgniter.php(934): App\Controllers\Order->index()
 8 SYSTEMPATH\CodeIgniter.php(499): CodeIgniter\CodeIgniter->runController(Object(App\Controllers\Order))
 9 SYSTEMPATH\CodeIgniter.php(368): CodeIgniter\CodeIgniter->handleRequest(null, Object(Config\Cache), false)
10 FCPATH\index.php(67): CodeIgniter\CodeIgniter->run()
CRITICAL - 2023-06-19 07:15:12 --> include_once(onlineorder/components/header.php): Failed to open stream: No such file or directory
in APPPATH\Views\onlineorder\content\search\search.php on line 1.
 1 APPPATH\Views\onlineorder\content\search\search.php(1): CodeIgniter\Debug\Exceptions->errorHandler(2, 'include_once(onlineorder/components/header.php): Failed to open stream: No such file or directory', 'C:\\xampp\\htdocs\\cg\\app\\Views\\onlineorder\\content\\search\\search.php', 1)
 2 APPPATH\Views\onlineorder\content\search\search.php(1): include_once()
 3 SYSTEMPATH\View\View.php(213): include('C:\\xampp\\htdocs\\cg\\app\\Views\\onlineorder\\content\\search\\search.php')
 4 SYSTEMPATH\View\View.php(216): CodeIgniter\View\View->CodeIgniter\View\{closure}()
 5 SYSTEMPATH\Common.php(1184): CodeIgniter\View\View->render('onlineorder/content/search/search.php', [], true)
 6 APPPATH\Controllers\Order.php(17): view('onlineorder/content/search/search.php')
 7 SYSTEMPATH\CodeIgniter.php(934): App\Controllers\Order->index()
 8 SYSTEMPATH\CodeIgniter.php(499): CodeIgniter\CodeIgniter->runController(Object(App\Controllers\Order))
 9 SYSTEMPATH\CodeIgniter.php(368): CodeIgniter\CodeIgniter->handleRequest(null, Object(Config\Cache), false)
10 FCPATH\index.php(67): CodeIgniter\CodeIgniter->run()
CRITICAL - 2023-06-19 07:16:42 --> include_once(onlineorder/components/header.php): Failed to open stream: No such file or directory
in APPPATH\Views\onlineorder\content\search\search.php on line 1.
 1 APPPATH\Views\onlineorder\content\search\search.php(1): CodeIgniter\Debug\Exceptions->errorHandler(2, 'include_once(onlineorder/components/header.php): Failed to open stream: No such file or directory', 'C:\\xampp\\htdocs\\cg\\app\\Views\\onlineorder\\content\\search\\search.php', 1)
 2 APPPATH\Views\onlineorder\content\search\search.php(1): include_once()
 3 SYSTEMPATH\View\View.php(213): include('C:\\xampp\\htdocs\\cg\\app\\Views\\onlineorder\\content\\search\\search.php')
 4 SYSTEMPATH\View\View.php(216): CodeIgniter\View\View->CodeIgniter\View\{closure}()
 5 SYSTEMPATH\Common.php(1184): CodeIgniter\View\View->render('onlineorder/content/search/search.php', [], true)
 6 APPPATH\Controllers\Order.php(17): view('onlineorder/content/search/search.php')
 7 SYSTEMPATH\CodeIgniter.php(934): App\Controllers\Order->index()
 8 SYSTEMPATH\CodeIgniter.php(499): CodeIgniter\CodeIgniter->runController(Object(App\Controllers\Order))
 9 SYSTEMPATH\CodeIgniter.php(368): CodeIgniter\CodeIgniter->handleRequest(null, Object(Config\Cache), false)
10 FCPATH\index.php(67): CodeIgniter\CodeIgniter->run()
CRITICAL - 2023-06-19 07:17:04 --> include_once(onlineorder/components/header.php): Failed to open stream: No such file or directory
in APPPATH\Views\onlineorder\content\search\search.php on line 1.
 1 APPPATH\Views\onlineorder\content\search\search.php(1): CodeIgniter\Debug\Exceptions->errorHandler(2, 'include_once(onlineorder/components/header.php): Failed to open stream: No such file or directory', 'C:\\xampp\\htdocs\\cg\\app\\Views\\onlineorder\\content\\search\\search.php', 1)
 2 APPPATH\Views\onlineorder\content\search\search.php(1): include_once()
 3 SYSTEMPATH\View\View.php(213): include('C:\\xampp\\htdocs\\cg\\app\\Views\\onlineorder\\content\\search\\search.php')
 4 SYSTEMPATH\View\View.php(216): CodeIgniter\View\View->CodeIgniter\View\{closure}()
 5 SYSTEMPATH\Common.php(1184): CodeIgniter\View\View->render('onlineorder/content/search/search.php', [], true)
 6 APPPATH\Controllers\Order.php(17): view('onlineorder/content/search/search.php')
 7 SYSTEMPATH\CodeIgniter.php(934): App\Controllers\Order->index()
 8 SYSTEMPATH\CodeIgniter.php(499): CodeIgniter\CodeIgniter->runController(Object(App\Controllers\Order))
 9 SYSTEMPATH\CodeIgniter.php(368): CodeIgniter\CodeIgniter->handleRequest(null, Object(Config\Cache), false)
10 FCPATH\index.php(67): CodeIgniter\CodeIgniter->run()
CRITICAL - 2023-06-19 07:17:06 --> include_once(onlineorder/components/header.php): Failed to open stream: No such file or directory
in APPPATH\Views\onlineorder\content\search\search.php on line 1.
 1 APPPATH\Views\onlineorder\content\search\search.php(1): CodeIgniter\Debug\Exceptions->errorHandler(2, 'include_once(onlineorder/components/header.php): Failed to open stream: No such file or directory', 'C:\\xampp\\htdocs\\cg\\app\\Views\\onlineorder\\content\\search\\search.php', 1)
 2 APPPATH\Views\onlineorder\content\search\search.php(1): include_once()
 3 SYSTEMPATH\View\View.php(213): include('C:\\xampp\\htdocs\\cg\\app\\Views\\onlineorder\\content\\search\\search.php')
 4 SYSTEMPATH\View\View.php(216): CodeIgniter\View\View->CodeIgniter\View\{closure}()
 5 SYSTEMPATH\Common.php(1184): CodeIgniter\View\View->render('onlineorder/content/search/search.php', [], true)
 6 APPPATH\Controllers\Order.php(17): view('onlineorder/content/search/search.php')
 7 SYSTEMPATH\CodeIgniter.php(934): App\Controllers\Order->index()
 8 SYSTEMPATH\CodeIgniter.php(499): CodeIgniter\CodeIgniter->runController(Object(App\Controllers\Order))
 9 SYSTEMPATH\CodeIgniter.php(368): CodeIgniter\CodeIgniter->handleRequest(null, Object(Config\Cache), false)
10 FCPATH\index.php(67): CodeIgniter\CodeIgniter->run()
CRITICAL - 2023-06-19 07:18:03 --> Undefined variable $curl
in FCPATH\public\assets\js\index\search_part_number.php on line 5.
 1 FCPATH\public\assets\js\index\search_part_number.php(5): CodeIgniter\Debug\Exceptions->errorHandler(2, 'Undefined variable $curl', 'C:\\xampp\\htdocs\\cg\\public\\assets\\js\\index\\search_part_number.php', 5)
 2 APPPATH\Views\onlineorder\content\search\search.php(144): include_once('C:\\xampp\\htdocs\\cg\\public\\assets\\js\\index\\search_part_number.php')
 3 SYSTEMPATH\View\View.php(213): include('C:\\xampp\\htdocs\\cg\\app\\Views\\onlineorder\\content\\search\\search.php')
 4 SYSTEMPATH\View\View.php(216): CodeIgniter\View\View->CodeIgniter\View\{closure}()
 5 SYSTEMPATH\Common.php(1184): CodeIgniter\View\View->render('onlineorder/content/search/search.php', [], true)
 6 APPPATH\Controllers\Order.php(17): view('onlineorder/content/search/search.php')
 7 SYSTEMPATH\CodeIgniter.php(934): App\Controllers\Order->index()
 8 SYSTEMPATH\CodeIgniter.php(499): CodeIgniter\CodeIgniter->runController(Object(App\Controllers\Order))
 9 SYSTEMPATH\CodeIgniter.php(368): CodeIgniter\CodeIgniter->handleRequest(null, Object(Config\Cache), false)
10 FCPATH\index.php(67): CodeIgniter\CodeIgniter->run()
CRITICAL - 2023-06-19 07:18:34 --> include_once(onlineorder/components/header.php): Failed to open stream: No such file or directory
in APPPATH\Views\onlineorder\content\search\search.php on line 1.
 1 APPPATH\Views\onlineorder\content\search\search.php(1): CodeIgniter\Debug\Exceptions->errorHandler(2, 'include_once(onlineorder/components/header.php): Failed to open stream: No such file or directory', 'C:\\xampp\\htdocs\\cg\\app\\Views\\onlineorder\\content\\search\\search.php', 1)
 2 APPPATH\Views\onlineorder\content\search\search.php(1): include_once()
 3 SYSTEMPATH\View\View.php(213): include('C:\\xampp\\htdocs\\cg\\app\\Views\\onlineorder\\content\\search\\search.php')
 4 SYSTEMPATH\View\View.php(216): CodeIgniter\View\View->CodeIgniter\View\{closure}()
 5 SYSTEMPATH\Common.php(1184): CodeIgniter\View\View->render('onlineorder/content/search/search.php', [], true)
 6 APPPATH\Controllers\Order.php(17): view('onlineorder/content/search/search.php')
 7 SYSTEMPATH\CodeIgniter.php(934): App\Controllers\Order->index()
 8 SYSTEMPATH\CodeIgniter.php(499): CodeIgniter\CodeIgniter->runController(Object(App\Controllers\Order))
 9 SYSTEMPATH\CodeIgniter.php(368): CodeIgniter\CodeIgniter->handleRequest(null, Object(Config\Cache), false)
10 FCPATH\index.php(67): CodeIgniter\CodeIgniter->run()
CRITICAL - 2023-06-19 07:19:48 --> syntax error, unexpected token "."
in APPPATH\Views\onlineorder\content\search\search.php on line 4.
 1 SYSTEMPATH\View\View.php(216): CodeIgniter\View\View->CodeIgniter\View\{closure}()
 2 SYSTEMPATH\Common.php(1184): CodeIgniter\View\View->render('onlineorder/content/search/search.php', [], true)
 3 APPPATH\Controllers\Order.php(17): view('onlineorder/content/search/search.php')
 4 SYSTEMPATH\CodeIgniter.php(934): App\Controllers\Order->index()
 5 SYSTEMPATH\CodeIgniter.php(499): CodeIgniter\CodeIgniter->runController(Object(App\Controllers\Order))
 6 SYSTEMPATH\CodeIgniter.php(368): CodeIgniter\CodeIgniter->handleRequest(null, Object(Config\Cache), false)
 7 FCPATH\index.php(67): CodeIgniter\CodeIgniter->run()
CRITICAL - 2023-06-19 07:20:14 --> Call to undefined function app_url()
in APPPATH\Views\onlineorder\content\search\search.php on line 4.
 1 SYSTEMPATH\View\View.php(213): include()
 2 SYSTEMPATH\View\View.php(216): CodeIgniter\View\View->CodeIgniter\View\{closure}()
 3 SYSTEMPATH\Common.php(1184): CodeIgniter\View\View->render('onlineorder/content/search/search.php', [], true)
 4 APPPATH\Controllers\Order.php(17): view('onlineorder/content/search/search.php')
 5 SYSTEMPATH\CodeIgniter.php(934): App\Controllers\Order->index()
 6 SYSTEMPATH\CodeIgniter.php(499): CodeIgniter\CodeIgniter->runController(Object(App\Controllers\Order))
 7 SYSTEMPATH\CodeIgniter.php(368): CodeIgniter\CodeIgniter->handleRequest(null, Object(Config\Cache), false)
 8 FCPATH\index.php(67): CodeIgniter\CodeIgniter->run()
CRITICAL - 2023-06-19 07:21:12 --> include_once(): http:// wrapper is disabled in the server configuration by allow_url_include=0
in APPPATH\Views\onlineorder\content\search\search.php on line 1.
 1 APPPATH\Views\onlineorder\content\search\search.php(1): CodeIgniter\Debug\Exceptions->errorHandler(2, 'include_once(): http:// wrapper is disabled in the server configuration by allow_url_include=0', 'C:\\xampp\\htdocs\\cg\\app\\Views\\onlineorder\\content\\search\\search.php', 1)
 2 APPPATH\Views\onlineorder\content\search\search.php(1): include_once()
 3 SYSTEMPATH\View\View.php(213): include('C:\\xampp\\htdocs\\cg\\app\\Views\\onlineorder\\content\\search\\search.php')
 4 SYSTEMPATH\View\View.php(216): CodeIgniter\View\View->CodeIgniter\View\{closure}()
 5 SYSTEMPATH\Common.php(1184): CodeIgniter\View\View->render('onlineorder/content/search/search.php', [], true)
 6 APPPATH\Controllers\Order.php(17): view('onlineorder/content/search/search.php')
 7 SYSTEMPATH\CodeIgniter.php(934): App\Controllers\Order->index()
 8 SYSTEMPATH\CodeIgniter.php(499): CodeIgniter\CodeIgniter->runController(Object(App\Controllers\Order))
 9 SYSTEMPATH\CodeIgniter.php(368): CodeIgniter\CodeIgniter->handleRequest(null, Object(Config\Cache), false)
10 FCPATH\index.php(67): CodeIgniter\CodeIgniter->run()
CRITICAL - 2023-06-19 07:21:39 --> include_once(): http:// wrapper is disabled in the server configuration by allow_url_include=0
in APPPATH\Views\onlineorder\content\search\search.php on line 5.
 1 APPPATH\Views\onlineorder\content\search\search.php(5): CodeIgniter\Debug\Exceptions->errorHandler(2, 'include_once(): http:// wrapper is disabled in the server configuration by allow_url_include=0', 'C:\\xampp\\htdocs\\cg\\app\\Views\\onlineorder\\content\\search\\search.php', 5)
 2 APPPATH\Views\onlineorder\content\search\search.php(5): include_once()
 3 SYSTEMPATH\View\View.php(213): include('C:\\xampp\\htdocs\\cg\\app\\Views\\onlineorder\\content\\search\\search.php')
 4 SYSTEMPATH\View\View.php(216): CodeIgniter\View\View->CodeIgniter\View\{closure}()
 5 SYSTEMPATH\Common.php(1184): CodeIgniter\View\View->render('onlineorder/content/search/search.php', [], true)
 6 APPPATH\Controllers\Order.php(17): view('onlineorder/content/search/search.php')
 7 SYSTEMPATH\CodeIgniter.php(934): App\Controllers\Order->index()
 8 SYSTEMPATH\CodeIgniter.php(499): CodeIgniter\CodeIgniter->runController(Object(App\Controllers\Order))
 9 SYSTEMPATH\CodeIgniter.php(368): CodeIgniter\CodeIgniter->handleRequest(null, Object(Config\Cache), false)
10 FCPATH\index.php(67): CodeIgniter\CodeIgniter->run()
CRITICAL - 2023-06-19 07:22:04 --> include_once(): http:// wrapper is disabled in the server configuration by allow_url_include=0
in APPPATH\Views\onlineorder\content\search\search.php on line 5.
 1 APPPATH\Views\onlineorder\content\search\search.php(5): CodeIgniter\Debug\Exceptions->errorHandler(2, 'include_once(): http:// wrapper is disabled in the server configuration by allow_url_include=0', 'C:\\xampp\\htdocs\\cg\\app\\Views\\onlineorder\\content\\search\\search.php', 5)
 2 APPPATH\Views\onlineorder\content\search\search.php(5): include_once()
 3 SYSTEMPATH\View\View.php(213): include('C:\\xampp\\htdocs\\cg\\app\\Views\\onlineorder\\content\\search\\search.php')
 4 SYSTEMPATH\View\View.php(216): CodeIgniter\View\View->CodeIgniter\View\{closure}()
 5 SYSTEMPATH\Common.php(1184): CodeIgniter\View\View->render('onlineorder/content/search/search.php', [], true)
 6 APPPATH\Controllers\Order.php(17): view('onlineorder/content/search/search.php')
 7 SYSTEMPATH\CodeIgniter.php(934): App\Controllers\Order->index()
 8 SYSTEMPATH\CodeIgniter.php(499): CodeIgniter\CodeIgniter->runController(Object(App\Controllers\Order))
 9 SYSTEMPATH\CodeIgniter.php(368): CodeIgniter\CodeIgniter->handleRequest(null, Object(Config\Cache), false)
10 FCPATH\index.php(67): CodeIgniter\CodeIgniter->run()
CRITICAL - 2023-06-19 07:22:36 --> include_once(../onlineorder/components/header.php): Failed to open stream: No such file or directory
in APPPATH\Views\onlineorder\content\search\search.php on line 1.
 1 APPPATH\Views\onlineorder\content\search\search.php(1): CodeIgniter\Debug\Exceptions->errorHandler(2, 'include_once(../onlineorder/components/header.php): Failed to open stream: No such file or directory', 'C:\\xampp\\htdocs\\cg\\app\\Views\\onlineorder\\content\\search\\search.php', 1)
 2 APPPATH\Views\onlineorder\content\search\search.php(1): include_once()
 3 SYSTEMPATH\View\View.php(213): include('C:\\xampp\\htdocs\\cg\\app\\Views\\onlineorder\\content\\search\\search.php')
 4 SYSTEMPATH\View\View.php(216): CodeIgniter\View\View->CodeIgniter\View\{closure}()
 5 SYSTEMPATH\Common.php(1184): CodeIgniter\View\View->render('onlineorder/content/search/search.php', [], true)
 6 APPPATH\Controllers\Order.php(17): view('onlineorder/content/search/search.php')
 7 SYSTEMPATH\CodeIgniter.php(934): App\Controllers\Order->index()
 8 SYSTEMPATH\CodeIgniter.php(499): CodeIgniter\CodeIgniter->runController(Object(App\Controllers\Order))
 9 SYSTEMPATH\CodeIgniter.php(368): CodeIgniter\CodeIgniter->handleRequest(null, Object(Config\Cache), false)
10 FCPATH\index.php(67): CodeIgniter\CodeIgniter->run()
CRITICAL - 2023-06-19 07:22:40 --> include_once(../../onlineorder/components/header.php): Failed to open stream: No such file or directory
in APPPATH\Views\onlineorder\content\search\search.php on line 1.
 1 APPPATH\Views\onlineorder\content\search\search.php(1): CodeIgniter\Debug\Exceptions->errorHandler(2, 'include_once(../../onlineorder/components/header.php): Failed to open stream: No such file or directory', 'C:\\xampp\\htdocs\\cg\\app\\Views\\onlineorder\\content\\search\\search.php', 1)
 2 APPPATH\Views\onlineorder\content\search\search.php(1): include_once()
 3 SYSTEMPATH\View\View.php(213): include('C:\\xampp\\htdocs\\cg\\app\\Views\\onlineorder\\content\\search\\search.php')
 4 SYSTEMPATH\View\View.php(216): CodeIgniter\View\View->CodeIgniter\View\{closure}()
 5 SYSTEMPATH\Common.php(1184): CodeIgniter\View\View->render('onlineorder/content/search/search.php', [], true)
 6 APPPATH\Controllers\Order.php(17): view('onlineorder/content/search/search.php')
 7 SYSTEMPATH\CodeIgniter.php(934): App\Controllers\Order->index()
 8 SYSTEMPATH\CodeIgniter.php(499): CodeIgniter\CodeIgniter->runController(Object(App\Controllers\Order))
 9 SYSTEMPATH\CodeIgniter.php(368): CodeIgniter\CodeIgniter->handleRequest(null, Object(Config\Cache), false)
10 FCPATH\index.php(67): CodeIgniter\CodeIgniter->run()
CRITICAL - 2023-06-19 07:22:43 --> include_once(../../../onlineorder/components/header.php): Failed to open stream: No such file or directory
in APPPATH\Views\onlineorder\content\search\search.php on line 1.
 1 APPPATH\Views\onlineorder\content\search\search.php(1): CodeIgniter\Debug\Exceptions->errorHandler(2, 'include_once(../../../onlineorder/components/header.php): Failed to open stream: No such file or directory', 'C:\\xampp\\htdocs\\cg\\app\\Views\\onlineorder\\content\\search\\search.php', 1)
 2 APPPATH\Views\onlineorder\content\search\search.php(1): include_once()
 3 SYSTEMPATH\View\View.php(213): include('C:\\xampp\\htdocs\\cg\\app\\Views\\onlineorder\\content\\search\\search.php')
 4 SYSTEMPATH\View\View.php(216): CodeIgniter\View\View->CodeIgniter\View\{closure}()
 5 SYSTEMPATH\Common.php(1184): CodeIgniter\View\View->render('onlineorder/content/search/search.php', [], true)
 6 APPPATH\Controllers\Order.php(17): view('onlineorder/content/search/search.php')
 7 SYSTEMPATH\CodeIgniter.php(934): App\Controllers\Order->index()
 8 SYSTEMPATH\CodeIgniter.php(499): CodeIgniter\CodeIgniter->runController(Object(App\Controllers\Order))
 9 SYSTEMPATH\CodeIgniter.php(368): CodeIgniter\CodeIgniter->handleRequest(null, Object(Config\Cache), false)
10 FCPATH\index.php(67): CodeIgniter\CodeIgniter->run()
CRITICAL - 2023-06-19 07:22:47 --> include_once(../../../../onlineorder/components/header.php): Failed to open stream: No such file or directory
in APPPATH\Views\onlineorder\content\search\search.php on line 1.
 1 APPPATH\Views\onlineorder\content\search\search.php(1): CodeIgniter\Debug\Exceptions->errorHandler(2, 'include_once(../../../../onlineorder/components/header.php): Failed to open stream: No such file or directory', 'C:\\xampp\\htdocs\\cg\\app\\Views\\onlineorder\\content\\search\\search.php', 1)
 2 APPPATH\Views\onlineorder\content\search\search.php(1): include_once()
 3 SYSTEMPATH\View\View.php(213): include('C:\\xampp\\htdocs\\cg\\app\\Views\\onlineorder\\content\\search\\search.php')
 4 SYSTEMPATH\View\View.php(216): CodeIgniter\View\View->CodeIgniter\View\{closure}()
 5 SYSTEMPATH\Common.php(1184): CodeIgniter\View\View->render('onlineorder/content/search/search.php', [], true)
 6 APPPATH\Controllers\Order.php(17): view('onlineorder/content/search/search.php')
 7 SYSTEMPATH\CodeIgniter.php(934): App\Controllers\Order->index()
 8 SYSTEMPATH\CodeIgniter.php(499): CodeIgniter\CodeIgniter->runController(Object(App\Controllers\Order))
 9 SYSTEMPATH\CodeIgniter.php(368): CodeIgniter\CodeIgniter->handleRequest(null, Object(Config\Cache), false)
10 FCPATH\index.php(67): CodeIgniter\CodeIgniter->run()
CRITICAL - 2023-06-19 07:22:50 --> include_once(../../../../../onlineorder/components/header.php): Failed to open stream: No such file or directory
in APPPATH\Views\onlineorder\content\search\search.php on line 1.
 1 APPPATH\Views\onlineorder\content\search\search.php(1): CodeIgniter\Debug\Exceptions->errorHandler(2, 'include_once(../../../../../onlineorder/components/header.php): Failed to open stream: No such file or directory', 'C:\\xampp\\htdocs\\cg\\app\\Views\\onlineorder\\content\\search\\search.php', 1)
 2 APPPATH\Views\onlineorder\content\search\search.php(1): include_once()
 3 SYSTEMPATH\View\View.php(213): include('C:\\xampp\\htdocs\\cg\\app\\Views\\onlineorder\\content\\search\\search.php')
 4 SYSTEMPATH\View\View.php(216): CodeIgniter\View\View->CodeIgniter\View\{closure}()
 5 SYSTEMPATH\Common.php(1184): CodeIgniter\View\View->render('onlineorder/content/search/search.php', [], true)
 6 APPPATH\Controllers\Order.php(17): view('onlineorder/content/search/search.php')
 7 SYSTEMPATH\CodeIgniter.php(934): App\Controllers\Order->index()
 8 SYSTEMPATH\CodeIgniter.php(499): CodeIgniter\CodeIgniter->runController(Object(App\Controllers\Order))
 9 SYSTEMPATH\CodeIgniter.php(368): CodeIgniter\CodeIgniter->handleRequest(null, Object(Config\Cache), false)
10 FCPATH\index.php(67): CodeIgniter\CodeIgniter->run()
CRITICAL - 2023-06-19 07:23:08 --> include_once(onlineorder/components/header.php): Failed to open stream: No such file or directory
in APPPATH\Views\onlineorder\content\search\search.php on line 1.
 1 APPPATH\Views\onlineorder\content\search\search.php(1): CodeIgniter\Debug\Exceptions->errorHandler(2, 'include_once(onlineorder/components/header.php): Failed to open stream: No such file or directory', 'C:\\xampp\\htdocs\\cg\\app\\Views\\onlineorder\\content\\search\\search.php', 1)
 2 APPPATH\Views\onlineorder\content\search\search.php(1): include_once()
 3 SYSTEMPATH\View\View.php(213): include('C:\\xampp\\htdocs\\cg\\app\\Views\\onlineorder\\content\\search\\search.php')
 4 SYSTEMPATH\View\View.php(216): CodeIgniter\View\View->CodeIgniter\View\{closure}()
 5 SYSTEMPATH\Common.php(1184): CodeIgniter\View\View->render('onlineorder/content/search/search.php', [], true)
 6 APPPATH\Controllers\Order.php(17): view('onlineorder/content/search/search.php')
 7 SYSTEMPATH\CodeIgniter.php(934): App\Controllers\Order->index()
 8 SYSTEMPATH\CodeIgniter.php(499): CodeIgniter\CodeIgniter->runController(Object(App\Controllers\Order))
 9 SYSTEMPATH\CodeIgniter.php(368): CodeIgniter\CodeIgniter->handleRequest(null, Object(Config\Cache), false)
10 FCPATH\index.php(67): CodeIgniter\CodeIgniter->run()
CRITICAL - 2023-06-19 07:24:12 --> include_once(onlineorder/components/header.php): Failed to open stream: No such file or directory
in APPPATH\Views\onlineorder\content\search\search.php on line 1.
 1 APPPATH\Views\onlineorder\content\search\search.php(1): CodeIgniter\Debug\Exceptions->errorHandler(2, 'include_once(onlineorder/components/header.php): Failed to open stream: No such file or directory', 'C:\\xampp\\htdocs\\cg\\app\\Views\\onlineorder\\content\\search\\search.php', 1)
 2 APPPATH\Views\onlineorder\content\search\search.php(1): include_once()
 3 SYSTEMPATH\View\View.php(213): include('C:\\xampp\\htdocs\\cg\\app\\Views\\onlineorder\\content\\search\\search.php')
 4 SYSTEMPATH\View\View.php(216): CodeIgniter\View\View->CodeIgniter\View\{closure}()
 5 SYSTEMPATH\Common.php(1184): CodeIgniter\View\View->render('onlineorder/content/search/search.php', [], true)
 6 APPPATH\Controllers\Order.php(17): view('onlineorder/content/search/search.php')
 7 SYSTEMPATH\CodeIgniter.php(934): App\Controllers\Order->index()
 8 SYSTEMPATH\CodeIgniter.php(499): CodeIgniter\CodeIgniter->runController(Object(App\Controllers\Order))
 9 SYSTEMPATH\CodeIgniter.php(368): CodeIgniter\CodeIgniter->handleRequest(null, Object(Config\Cache), false)
10 FCPATH\index.php(67): CodeIgniter\CodeIgniter->run()
CRITICAL - 2023-06-19 07:24:26 --> include_once(onlineorder/components/header.php): Failed to open stream: No such file or directory
in APPPATH\Views\onlineorder\content\search\search.php on line 1.
 1 APPPATH\Views\onlineorder\content\search\search.php(1): CodeIgniter\Debug\Exceptions->errorHandler(2, 'include_once(onlineorder/components/header.php): Failed to open stream: No such file or directory', 'C:\\xampp\\htdocs\\cg\\app\\Views\\onlineorder\\content\\search\\search.php', 1)
 2 APPPATH\Views\onlineorder\content\search\search.php(1): include_once()
 3 SYSTEMPATH\View\View.php(213): include('C:\\xampp\\htdocs\\cg\\app\\Views\\onlineorder\\content\\search\\search.php')
 4 SYSTEMPATH\View\View.php(216): CodeIgniter\View\View->CodeIgniter\View\{closure}()
 5 SYSTEMPATH\Common.php(1184): CodeIgniter\View\View->render('onlineorder/content/search/search.php', [], true)
 6 APPPATH\Controllers\Order.php(17): view('onlineorder/content/search/search.php')
 7 SYSTEMPATH\CodeIgniter.php(934): App\Controllers\Order->index()
 8 SYSTEMPATH\CodeIgniter.php(499): CodeIgniter\CodeIgniter->runController(Object(App\Controllers\Order))
 9 SYSTEMPATH\CodeIgniter.php(368): CodeIgniter\CodeIgniter->handleRequest(null, Object(Config\Cache), false)
10 FCPATH\index.php(67): CodeIgniter\CodeIgniter->run()
CRITICAL - 2023-06-19 07:24:38 --> include_once(onlineorder/components/header.php): Failed to open stream: No such file or directory
in APPPATH\Views\onlineorder\content\search\search.php on line 1.
 1 APPPATH\Views\onlineorder\content\search\search.php(1): CodeIgniter\Debug\Exceptions->errorHandler(2, 'include_once(onlineorder/components/header.php): Failed to open stream: No such file or directory', 'C:\\xampp\\htdocs\\cg\\app\\Views\\onlineorder\\content\\search\\search.php', 1)
 2 APPPATH\Views\onlineorder\content\search\search.php(1): include_once()
 3 SYSTEMPATH\View\View.php(213): include('C:\\xampp\\htdocs\\cg\\app\\Views\\onlineorder\\content\\search\\search.php')
 4 SYSTEMPATH\View\View.php(216): CodeIgniter\View\View->CodeIgniter\View\{closure}()
 5 SYSTEMPATH\Common.php(1184): CodeIgniter\View\View->render('onlineorder/content/search/search.php', [], true)
 6 APPPATH\Controllers\Order.php(17): view('onlineorder/content/search/search.php')
 7 SYSTEMPATH\CodeIgniter.php(934): App\Controllers\Order->index()
 8 SYSTEMPATH\CodeIgniter.php(499): CodeIgniter\CodeIgniter->runController(Object(App\Controllers\Order))
 9 SYSTEMPATH\CodeIgniter.php(368): CodeIgniter\CodeIgniter->handleRequest(null, Object(Config\Cache), false)
10 FCPATH\index.php(67): CodeIgniter\CodeIgniter->run()
CRITICAL - 2023-06-19 07:24:42 --> include_once(onlineorder/components/header.php): Failed to open stream: No such file or directory
in APPPATH\Views\onlineorder\content\search\search.php on line 1.
 1 APPPATH\Views\onlineorder\content\search\search.php(1): CodeIgniter\Debug\Exceptions->errorHandler(2, 'include_once(onlineorder/components/header.php): Failed to open stream: No such file or directory', 'C:\\xampp\\htdocs\\cg\\app\\Views\\onlineorder\\content\\search\\search.php', 1)
 2 APPPATH\Views\onlineorder\content\search\search.php(1): include_once()
 3 SYSTEMPATH\View\View.php(213): include('C:\\xampp\\htdocs\\cg\\app\\Views\\onlineorder\\content\\search\\search.php')
 4 SYSTEMPATH\View\View.php(216): CodeIgniter\View\View->CodeIgniter\View\{closure}()
 5 SYSTEMPATH\Common.php(1184): CodeIgniter\View\View->render('onlineorder/content/search/search.php', [], true)
 6 APPPATH\Controllers\Order.php(17): view('onlineorder/content/search/search.php')
 7 SYSTEMPATH\CodeIgniter.php(934): App\Controllers\Order->index()
 8 SYSTEMPATH\CodeIgniter.php(499): CodeIgniter\CodeIgniter->runController(Object(App\Controllers\Order))
 9 SYSTEMPATH\CodeIgniter.php(368): CodeIgniter\CodeIgniter->handleRequest(null, Object(Config\Cache), false)
10 FCPATH\index.php(67): CodeIgniter\CodeIgniter->run()
CRITICAL - 2023-06-19 07:26:46 --> Undefined array key "S_AVAIL"
in APPPATH\Controllers\Order.php on line 493.
 1 APPPATH\Controllers\Order.php(493): CodeIgniter\Debug\Exceptions->errorHandler(2, 'Undefined array key "S_AVAIL"', 'C:\\xampp\\htdocs\\cg\\app\\Controllers\\Order.php', 493)
 2 SYSTEMPATH\CodeIgniter.php(934): App\Controllers\Order->add_cart()
 3 SYSTEMPATH\CodeIgniter.php(499): CodeIgniter\CodeIgniter->runController(Object(App\Controllers\Order))
 4 SYSTEMPATH\CodeIgniter.php(368): CodeIgniter\CodeIgniter->handleRequest(null, Object(Config\Cache), false)
 5 FCPATH\index.php(67): CodeIgniter\CodeIgniter->run()
CRITICAL - 2023-06-19 07:30:20 --> Undefined array key "S_AVAIL"
in APPPATH\Controllers\Order.php on line 493.
 1 APPPATH\Controllers\Order.php(493): CodeIgniter\Debug\Exceptions->errorHandler(2, 'Undefined array key "S_AVAIL"', 'C:\\xampp\\htdocs\\cg\\app\\Controllers\\Order.php', 493)
 2 SYSTEMPATH\CodeIgniter.php(934): App\Controllers\Order->add_cart()
 3 SYSTEMPATH\CodeIgniter.php(499): CodeIgniter\CodeIgniter->runController(Object(App\Controllers\Order))
 4 SYSTEMPATH\CodeIgniter.php(368): CodeIgniter\CodeIgniter->handleRequest(null, Object(Config\Cache), false)
 5 FCPATH\index.php(67): CodeIgniter\CodeIgniter->run()
CRITICAL - 2023-06-19 07:32:25 --> Undefined array key "S_AVAIL"
in APPPATH\Controllers\Order.php on line 493.
 1 APPPATH\Controllers\Order.php(493): CodeIgniter\Debug\Exceptions->errorHandler(2, 'Undefined array key "S_AVAIL"', 'C:\\xampp\\htdocs\\cg\\app\\Controllers\\Order.php', 493)
 2 SYSTEMPATH\CodeIgniter.php(934): App\Controllers\Order->add_cart()
 3 SYSTEMPATH\CodeIgniter.php(499): CodeIgniter\CodeIgniter->runController(Object(App\Controllers\Order))
 4 SYSTEMPATH\CodeIgniter.php(368): CodeIgniter\CodeIgniter->handleRequest(null, Object(Config\Cache), false)
 5 FCPATH\index.php(67): CodeIgniter\CodeIgniter->run()
CRITICAL - 2023-06-19 07:34:03 --> Undefined array key "S_AVAIL"
in APPPATH\Controllers\Order.php on line 493.
 1 APPPATH\Controllers\Order.php(493): CodeIgniter\Debug\Exceptions->errorHandler(2, 'Undefined array key "S_AVAIL"', 'C:\\xampp\\htdocs\\cg\\app\\Controllers\\Order.php', 493)
 2 SYSTEMPATH\CodeIgniter.php(934): App\Controllers\Order->add_cart()
 3 SYSTEMPATH\CodeIgniter.php(499): CodeIgniter\CodeIgniter->runController(Object(App\Controllers\Order))
 4 SYSTEMPATH\CodeIgniter.php(368): CodeIgniter\CodeIgniter->handleRequest(null, Object(Config\Cache), false)
 5 FCPATH\index.php(67): CodeIgniter\CodeIgniter->run()
CRITICAL - 2023-06-19 07:41:46 --> Undefined variable $conn
in APPPATH\Controllers\Order.php on line 498.
 1 APPPATH\Controllers\Order.php(498): CodeIgniter\Debug\Exceptions->errorHandler(2, 'Undefined variable $conn', 'C:\\xampp\\htdocs\\cg\\app\\Controllers\\Order.php', 498)
 2 SYSTEMPATH\CodeIgniter.php(934): App\Controllers\Order->add_cart()
 3 SYSTEMPATH\CodeIgniter.php(499): CodeIgniter\CodeIgniter->runController(Object(App\Controllers\Order))
 4 SYSTEMPATH\CodeIgniter.php(368): CodeIgniter\CodeIgniter->handleRequest(null, Object(Config\Cache), false)
 5 FCPATH\index.php(67): CodeIgniter\CodeIgniter->run()
CRITICAL - 2023-06-19 07:54:08 --> Undefined variable $Part_Number
in APPPATH\Models\Ordermodel.php on line 172.
 1 APPPATH\Models\Ordermodel.php(172): CodeIgniter\Debug\Exceptions->errorHandler(2, 'Undefined variable $Part_Number', 'C:\\xampp\\htdocs\\cg\\app\\Models\\Ordermodel.php', 172)
 2 APPPATH\Controllers\Order.php(562): App\Models\Ordermodel::getProductCart('TEST2', 'T1000')
 3 SYSTEMPATH\CodeIgniter.php(934): App\Controllers\Order->add_cart()
 4 SYSTEMPATH\CodeIgniter.php(499): CodeIgniter\CodeIgniter->runController(Object(App\Controllers\Order))
 5 SYSTEMPATH\CodeIgniter.php(368): CodeIgniter\CodeIgniter->handleRequest(null, Object(Config\Cache), false)
 6 FCPATH\index.php(67): CodeIgniter\CodeIgniter->run()
CRITICAL - 2023-06-19 09:14:50 --> Undefined variable $num_rows1
in APPPATH\Controllers\Order.php on line 567.
 1 APPPATH\Controllers\Order.php(567): CodeIgniter\Debug\Exceptions->errorHandler(2, 'Undefined variable $num_rows1', 'C:\\xampp\\htdocs\\cg\\app\\Controllers\\Order.php', 567)
 2 SYSTEMPATH\CodeIgniter.php(934): App\Controllers\Order->add_cart()
 3 SYSTEMPATH\CodeIgniter.php(499): CodeIgniter\CodeIgniter->runController(Object(App\Controllers\Order))
 4 SYSTEMPATH\CodeIgniter.php(368): CodeIgniter\CodeIgniter->handleRequest(null, Object(Config\Cache), false)
 5 FCPATH\index.php(67): CodeIgniter\CodeIgniter->run()
CRITICAL - 2023-06-19 09:41:53 --> Undefined variable $conn
in APPPATH\Controllers\Order.php on line 636.
 1 APPPATH\Controllers\Order.php(636): CodeIgniter\Debug\Exceptions->errorHandler(2, 'Undefined variable $conn', 'C:\\xampp\\htdocs\\cg\\app\\Controllers\\Order.php', 636)
 2 SYSTEMPATH\CodeIgniter.php(934): App\Controllers\Order->add_cart()
 3 SYSTEMPATH\CodeIgniter.php(499): CodeIgniter\CodeIgniter->runController(Object(App\Controllers\Order))
 4 SYSTEMPATH\CodeIgniter.php(368): CodeIgniter\CodeIgniter->handleRequest(null, Object(Config\Cache), false)
 5 FCPATH\index.php(67): CodeIgniter\CodeIgniter->run()
CRITICAL - 2023-06-19 10:49:25 --> Object of class CodeIgniter\Database\MySQLi\Result could not be converted to string
in APPPATH\Models\Ordermodel.php on line 172.
 1 APPPATH\Controllers\Order.php(572): App\Models\Ordermodel::ProductCart('TEST2', 'T1000')
 2 SYSTEMPATH\CodeIgniter.php(934): App\Controllers\Order->add_cart()
 3 SYSTEMPATH\CodeIgniter.php(499): CodeIgniter\CodeIgniter->runController(Object(App\Controllers\Order))
 4 SYSTEMPATH\CodeIgniter.php(368): CodeIgniter\CodeIgniter->handleRequest(null, Object(Config\Cache), false)
 5 FCPATH\index.php(67): CodeIgniter\CodeIgniter->run()
CRITICAL - 2023-06-19 10:51:44 --> Cannot access offset of type string on string
in APPPATH\Controllers\Order.php on line 584.
 1 SYSTEMPATH\CodeIgniter.php(934): App\Controllers\Order->add_cart()
 2 SYSTEMPATH\CodeIgniter.php(499): CodeIgniter\CodeIgniter->runController(Object(App\Controllers\Order))
 3 SYSTEMPATH\CodeIgniter.php(368): CodeIgniter\CodeIgniter->handleRequest(null, Object(Config\Cache), false)
 4 FCPATH\index.php(67): CodeIgniter\CodeIgniter->run()
CRITICAL - 2023-06-19 10:52:42 --> syntax error, unexpected token "}"
in APPPATH\Controllers\Order.php on line 647.
 1 SYSTEMPATH\Autoloader\Autoloader.php(289): CodeIgniter\Autoloader\Autoloader->includeFile('C:\\xampp\\htdocs\\cg\\app\\Controllers\\Order.php')
 2 SYSTEMPATH\Autoloader\Autoloader.php(267): CodeIgniter\Autoloader\Autoloader->loadInNamespace('App\\Controllers\\Order')
 3 [internal function]: CodeIgniter\Autoloader\Autoloader->loadClass('App\\Controllers\\Order')
 4 SYSTEMPATH\CodeIgniter.php(892): class_exists('\\App\\Controllers\\Order', true)
 5 SYSTEMPATH\CodeIgniter.php(486): CodeIgniter\CodeIgniter->startController()
 6 SYSTEMPATH\CodeIgniter.php(368): CodeIgniter\CodeIgniter->handleRequest(null, Object(Config\Cache), false)
 7 FCPATH\index.php(67): CodeIgniter\CodeIgniter->run()
CRITICAL - 2023-06-19 10:52:59 --> Array to string conversion
in APPPATH\Controllers\Order.php on line 573.
 1 APPPATH\Controllers\Order.php(573): CodeIgniter\Debug\Exceptions->errorHandler(2, 'Array to string conversion', 'C:\\xampp\\htdocs\\cg\\app\\Controllers\\Order.php', 573)
 2 SYSTEMPATH\CodeIgniter.php(934): App\Controllers\Order->add_cart()
 3 SYSTEMPATH\CodeIgniter.php(499): CodeIgniter\CodeIgniter->runController(Object(App\Controllers\Order))
 4 SYSTEMPATH\CodeIgniter.php(368): CodeIgniter\CodeIgniter->handleRequest(null, Object(Config\Cache), false)
 5 FCPATH\index.php(67): CodeIgniter\CodeIgniter->run()
CRITICAL - 2023-06-19 10:53:50 --> Cannot access offset of type string on string
in APPPATH\Controllers\Order.php on line 583.
 1 SYSTEMPATH\CodeIgniter.php(934): App\Controllers\Order->add_cart()
 2 SYSTEMPATH\CodeIgniter.php(499): CodeIgniter\CodeIgniter->runController(Object(App\Controllers\Order))
 3 SYSTEMPATH\CodeIgniter.php(368): CodeIgniter\CodeIgniter->handleRequest(null, Object(Config\Cache), false)
 4 FCPATH\index.php(67): CodeIgniter\CodeIgniter->run()
CRITICAL - 2023-06-19 10:55:24 --> Cannot access offset of type string on string
in APPPATH\Controllers\Order.php on line 584.
 1 SYSTEMPATH\CodeIgniter.php(934): App\Controllers\Order->add_cart()
 2 SYSTEMPATH\CodeIgniter.php(499): CodeIgniter\CodeIgniter->runController(Object(App\Controllers\Order))
 3 SYSTEMPATH\CodeIgniter.php(368): CodeIgniter\CodeIgniter->handleRequest(null, Object(Config\Cache), false)
 4 FCPATH\index.php(67): CodeIgniter\CodeIgniter->run()
CRITICAL - 2023-06-19 10:55:40 --> Attempt to read property "currency" on string
in APPPATH\Controllers\Order.php on line 584.
 1 APPPATH\Controllers\Order.php(584): CodeIgniter\Debug\Exceptions->errorHandler(2, 'Attempt to read property "currency" on string', 'C:\\xampp\\htdocs\\cg\\app\\Controllers\\Order.php', 584)
 2 SYSTEMPATH\CodeIgniter.php(934): App\Controllers\Order->add_cart()
 3 SYSTEMPATH\CodeIgniter.php(499): CodeIgniter\CodeIgniter->runController(Object(App\Controllers\Order))
 4 SYSTEMPATH\CodeIgniter.php(368): CodeIgniter\CodeIgniter->handleRequest(null, Object(Config\Cache), false)
 5 FCPATH\index.php(67): CodeIgniter\CodeIgniter->run()
CRITICAL - 2023-06-19 10:58:16 --> Call to undefined function 875()
in APPPATH\Controllers\Order.php on line 584.
 1 SYSTEMPATH\CodeIgniter.php(934): App\Controllers\Order->add_cart()
 2 SYSTEMPATH\CodeIgniter.php(499): CodeIgniter\CodeIgniter->runController(Object(App\Controllers\Order))
 3 SYSTEMPATH\CodeIgniter.php(368): CodeIgniter\CodeIgniter->handleRequest(null, Object(Config\Cache), false)
 4 FCPATH\index.php(67): CodeIgniter\CodeIgniter->run()
CRITICAL - 2023-06-19 10:58:52 --> Cannot access offset of type string on string
in APPPATH\Controllers\Order.php on line 584.
 1 SYSTEMPATH\CodeIgniter.php(934): App\Controllers\Order->add_cart()
 2 SYSTEMPATH\CodeIgniter.php(499): CodeIgniter\CodeIgniter->runController(Object(App\Controllers\Order))
 3 SYSTEMPATH\CodeIgniter.php(368): CodeIgniter\CodeIgniter->handleRequest(null, Object(Config\Cache), false)
 4 FCPATH\index.php(67): CodeIgniter\CodeIgniter->run()
CRITICAL - 2023-06-19 10:59:40 --> Cannot access offset of type string on string
in APPPATH\Controllers\Order.php on line 584.
 1 SYSTEMPATH\CodeIgniter.php(934): App\Controllers\Order->add_cart()
 2 SYSTEMPATH\CodeIgniter.php(499): CodeIgniter\CodeIgniter->runController(Object(App\Controllers\Order))
 3 SYSTEMPATH\CodeIgniter.php(368): CodeIgniter\CodeIgniter->handleRequest(null, Object(Config\Cache), false)
 4 FCPATH\index.php(67): CodeIgniter\CodeIgniter->run()
CRITICAL - 2023-06-19 11:00:17 --> Cannot access offset of type string on string
in APPPATH\Controllers\Order.php on line 584.
 1 SYSTEMPATH\CodeIgniter.php(934): App\Controllers\Order->add_cart()
 2 SYSTEMPATH\CodeIgniter.php(499): CodeIgniter\CodeIgniter->runController(Object(App\Controllers\Order))
 3 SYSTEMPATH\CodeIgniter.php(368): CodeIgniter\CodeIgniter->handleRequest(null, Object(Config\Cache), false)
 4 FCPATH\index.php(67): CodeIgniter\CodeIgniter->run()
CRITICAL - 2023-06-19 12:58:05 --> syntax error, unexpected token "="
in APPPATH\Controllers\Order.php on line 723.
 1 SYSTEMPATH\Autoloader\Autoloader.php(289): CodeIgniter\Autoloader\Autoloader->includeFile('C:\\xampp\\htdocs\\cg\\app\\Controllers\\Order.php')
 2 SYSTEMPATH\Autoloader\Autoloader.php(267): CodeIgniter\Autoloader\Autoloader->loadInNamespace('App\\Controllers\\Order')
 3 [internal function]: CodeIgniter\Autoloader\Autoloader->loadClass('App\\Controllers\\Order')
 4 SYSTEMPATH\CodeIgniter.php(892): class_exists('\\App\\Controllers\\Order', true)
 5 SYSTEMPATH\CodeIgniter.php(486): CodeIgniter\CodeIgniter->startController()
 6 SYSTEMPATH\CodeIgniter.php(368): CodeIgniter\CodeIgniter->handleRequest(null, Object(Config\Cache), false)
 7 FCPATH\index.php(67): CodeIgniter\CodeIgniter->run()
CRITICAL - 2023-06-19 12:58:35 --> syntax error, unexpected token "else"
in APPPATH\Controllers\Order.php on line 769.
 1 SYSTEMPATH\Autoloader\Autoloader.php(289): CodeIgniter\Autoloader\Autoloader->includeFile('C:\\xampp\\htdocs\\cg\\app\\Controllers\\Order.php')
 2 SYSTEMPATH\Autoloader\Autoloader.php(267): CodeIgniter\Autoloader\Autoloader->loadInNamespace('App\\Controllers\\Order')
 3 [internal function]: CodeIgniter\Autoloader\Autoloader->loadClass('App\\Controllers\\Order')
 4 SYSTEMPATH\CodeIgniter.php(892): class_exists('\\App\\Controllers\\Order', true)
 5 SYSTEMPATH\CodeIgniter.php(486): CodeIgniter\CodeIgniter->startController()
 6 SYSTEMPATH\CodeIgniter.php(368): CodeIgniter\CodeIgniter->handleRequest(null, Object(Config\Cache), false)
 7 FCPATH\index.php(67): CodeIgniter\CodeIgniter->run()
CRITICAL - 2023-06-19 12:59:03 --> syntax error, unexpected token "else"
in APPPATH\Controllers\Order.php on line 769.
 1 SYSTEMPATH\Autoloader\Autoloader.php(289): CodeIgniter\Autoloader\Autoloader->includeFile('C:\\xampp\\htdocs\\cg\\app\\Controllers\\Order.php')
 2 SYSTEMPATH\Autoloader\Autoloader.php(267): CodeIgniter\Autoloader\Autoloader->loadInNamespace('App\\Controllers\\Order')
 3 [internal function]: CodeIgniter\Autoloader\Autoloader->loadClass('App\\Controllers\\Order')
 4 SYSTEMPATH\CodeIgniter.php(892): class_exists('\\App\\Controllers\\Order', true)
 5 SYSTEMPATH\CodeIgniter.php(486): CodeIgniter\CodeIgniter->startController()
 6 SYSTEMPATH\CodeIgniter.php(368): CodeIgniter\CodeIgniter->handleRequest(null, Object(Config\Cache), false)
 7 FCPATH\index.php(67): CodeIgniter\CodeIgniter->run()
CRITICAL - 2023-06-19 13:00:15 --> syntax error, unexpected token "else"
in APPPATH\Controllers\Order.php on line 816.
 1 SYSTEMPATH\Autoloader\Autoloader.php(289): CodeIgniter\Autoloader\Autoloader->includeFile('C:\\xampp\\htdocs\\cg\\app\\Controllers\\Order.php')
 2 SYSTEMPATH\Autoloader\Autoloader.php(267): CodeIgniter\Autoloader\Autoloader->loadInNamespace('App\\Controllers\\Order')
 3 [internal function]: CodeIgniter\Autoloader\Autoloader->loadClass('App\\Controllers\\Order')
 4 SYSTEMPATH\CodeIgniter.php(892): class_exists('\\App\\Controllers\\Order', true)
 5 SYSTEMPATH\CodeIgniter.php(486): CodeIgniter\CodeIgniter->startController()
 6 SYSTEMPATH\CodeIgniter.php(368): CodeIgniter\CodeIgniter->handleRequest(null, Object(Config\Cache), false)
 7 FCPATH\index.php(67): CodeIgniter\CodeIgniter->run()
CRITICAL - 2023-06-19 13:01:15 --> syntax error, unexpected token "else"
in APPPATH\Controllers\Order.php on line 817.
 1 SYSTEMPATH\Autoloader\Autoloader.php(289): CodeIgniter\Autoloader\Autoloader->includeFile('C:\\xampp\\htdocs\\cg\\app\\Controllers\\Order.php')
 2 SYSTEMPATH\Autoloader\Autoloader.php(267): CodeIgniter\Autoloader\Autoloader->loadInNamespace('App\\Controllers\\Order')
 3 [internal function]: CodeIgniter\Autoloader\Autoloader->loadClass('App\\Controllers\\Order')
 4 SYSTEMPATH\CodeIgniter.php(892): class_exists('\\App\\Controllers\\Order', true)
 5 SYSTEMPATH\CodeIgniter.php(486): CodeIgniter\CodeIgniter->startController()
 6 SYSTEMPATH\CodeIgniter.php(368): CodeIgniter\CodeIgniter->handleRequest(null, Object(Config\Cache), false)
 7 FCPATH\index.php(67): CodeIgniter\CodeIgniter->run()
CRITICAL - 2023-06-19 13:01:45 --> syntax error, unexpected token "else"
in APPPATH\Controllers\Order.php on line 817.
 1 SYSTEMPATH\Autoloader\Autoloader.php(289): CodeIgniter\Autoloader\Autoloader->includeFile('C:\\xampp\\htdocs\\cg\\app\\Controllers\\Order.php')
 2 SYSTEMPATH\Autoloader\Autoloader.php(267): CodeIgniter\Autoloader\Autoloader->loadInNamespace('App\\Controllers\\Order')
 3 [internal function]: CodeIgniter\Autoloader\Autoloader->loadClass('App\\Controllers\\Order')
 4 SYSTEMPATH\CodeIgniter.php(892): class_exists('\\App\\Controllers\\Order', true)
 5 SYSTEMPATH\CodeIgniter.php(486): CodeIgniter\CodeIgniter->startController()
 6 SYSTEMPATH\CodeIgniter.php(368): CodeIgniter\CodeIgniter->handleRequest(null, Object(Config\Cache), false)
 7 FCPATH\index.php(67): CodeIgniter\CodeIgniter->run()
CRITICAL - 2023-06-19 13:01:53 --> syntax error, unexpected token ";", expecting "function" or "const"
in APPPATH\Controllers\Order.php on line 820.
 1 SYSTEMPATH\Autoloader\Autoloader.php(289): CodeIgniter\Autoloader\Autoloader->includeFile('C:\\xampp\\htdocs\\cg\\app\\Controllers\\Order.php')
 2 SYSTEMPATH\Autoloader\Autoloader.php(267): CodeIgniter\Autoloader\Autoloader->loadInNamespace('App\\Controllers\\Order')
 3 [internal function]: CodeIgniter\Autoloader\Autoloader->loadClass('App\\Controllers\\Order')
 4 SYSTEMPATH\CodeIgniter.php(892): class_exists('\\App\\Controllers\\Order', true)
 5 SYSTEMPATH\CodeIgniter.php(486): CodeIgniter\CodeIgniter->startController()
 6 SYSTEMPATH\CodeIgniter.php(368): CodeIgniter\CodeIgniter->handleRequest(null, Object(Config\Cache), false)
 7 FCPATH\index.php(67): CodeIgniter\CodeIgniter->run()
CRITICAL - 2023-06-19 13:11:37 --> Undefined array key "pno"
in APPPATH\Controllers\Order.php on line 467.
 1 APPPATH\Controllers\Order.php(467): CodeIgniter\Debug\Exceptions->errorHandler(2, 'Undefined array key "pno"', 'C:\\xampp\\htdocs\\cg\\app\\Controllers\\Order.php', 467)
 2 SYSTEMPATH\CodeIgniter.php(934): App\Controllers\Order->add_cart()
 3 SYSTEMPATH\CodeIgniter.php(499): CodeIgniter\CodeIgniter->runController(Object(App\Controllers\Order))
 4 SYSTEMPATH\CodeIgniter.php(368): CodeIgniter\CodeIgniter->handleRequest(null, Object(Config\Cache), false)
 5 FCPATH\index.php(67): CodeIgniter\CodeIgniter->run()
CRITICAL - 2023-06-19 13:11:50 --> Undefined array key "pno"
in APPPATH\Controllers\Order.php on line 467.
 1 APPPATH\Controllers\Order.php(467): CodeIgniter\Debug\Exceptions->errorHandler(2, 'Undefined array key "pno"', 'C:\\xampp\\htdocs\\cg\\app\\Controllers\\Order.php', 467)
 2 SYSTEMPATH\CodeIgniter.php(934): App\Controllers\Order->add_cart()
 3 SYSTEMPATH\CodeIgniter.php(499): CodeIgniter\CodeIgniter->runController(Object(App\Controllers\Order))
 4 SYSTEMPATH\CodeIgniter.php(368): CodeIgniter\CodeIgniter->handleRequest(null, Object(Config\Cache), false)
 5 FCPATH\index.php(67): CodeIgniter\CodeIgniter->run()
CRITICAL - 2023-06-19 13:12:05 --> Undefined array key "pno"
in APPPATH\Controllers\Order.php on line 467.
 1 APPPATH\Controllers\Order.php(467): CodeIgniter\Debug\Exceptions->errorHandler(2, 'Undefined array key "pno"', 'C:\\xampp\\htdocs\\cg\\app\\Controllers\\Order.php', 467)
 2 SYSTEMPATH\CodeIgniter.php(934): App\Controllers\Order->add_cart()
 3 SYSTEMPATH\CodeIgniter.php(499): CodeIgniter\CodeIgniter->runController(Object(App\Controllers\Order))
 4 SYSTEMPATH\CodeIgniter.php(368): CodeIgniter\CodeIgniter->handleRequest(null, Object(Config\Cache), false)
 5 FCPATH\index.php(67): CodeIgniter\CodeIgniter->run()
