CRITICAL - 2023-06-29 04:14:04 --> Cannot redeclare App\Models\Preview\Preview::insert_preview_order()
in APPPATH\Models\Preview\Preview.php on line 58.
 1 [internal function]: CodeIgniter\Debug\Exceptions->shutdownHandler()
CRITICAL - 2023-06-29 04:14:34 --> Undefined array key "SalesOrder_result"
in APPPATH\Views\onlineorder\content\previeworder\previeworder.php on line 13.
 1 APPPATH\Views\onlineorder\content\previeworder\previeworder.php(13): CodeIgniter\Debug\Exceptions->errorHandler(2, 'Undefined array key "SalesOrder_result"', 'C:\\xampp\\htdocs\\cg\\app\\Views\\onlineorder\\content\\previeworder\\previeworder.php', 13)
 2 SYSTEMPATH\View\View.php(213): include('C:\\xampp\\htdocs\\cg\\app\\Views\\onlineorder\\content\\previeworder\\previeworder.php')
 3 SYSTEMPATH\View\View.php(216): CodeIgniter\View\View->CodeIgniter\View\{closure}()
 4 SYSTEMPATH\Common.php(1184): CodeIgniter\View\View->render('onlineorder/content/previeworder/previeworder', [], true)
 5 APPPATH\Controllers\Preview\PreviewController.php(23): view('onlineorder/content/previeworder/previeworder')
 6 SYSTEMPATH\CodeIgniter.php(934): App\Controllers\Preview\PreviewController->preview_order()
 7 SYSTEMPATH\CodeIgniter.php(499): CodeIgniter\CodeIgniter->runController(Object(App\Controllers\Preview\PreviewController))
 8 SYSTEMPATH\CodeIgniter.php(368): CodeIgniter\CodeIgniter->handleRequest(null, Object(Config\Cache), false)
 9 FCPATH\index.php(67): CodeIgniter\CodeIgniter->run()
CRITICAL - 2023-06-29 04:16:13 --> Undefined array key "SalesOrder_result"
in APPPATH\Views\onlineorder\content\previeworder\previeworder.php on line 13.
 1 APPPATH\Views\onlineorder\content\previeworder\previeworder.php(13): CodeIgniter\Debug\Exceptions->errorHandler(2, 'Undefined array key "SalesOrder_result"', 'C:\\xampp\\htdocs\\cg\\app\\Views\\onlineorder\\content\\previeworder\\previeworder.php', 13)
 2 SYSTEMPATH\View\View.php(213): include('C:\\xampp\\htdocs\\cg\\app\\Views\\onlineorder\\content\\previeworder\\previeworder.php')
 3 SYSTEMPATH\View\View.php(216): CodeIgniter\View\View->CodeIgniter\View\{closure}()
 4 SYSTEMPATH\Common.php(1184): CodeIgniter\View\View->render('onlineorder/content/previeworder/previeworder', [], true)
 5 APPPATH\Controllers\Preview\PreviewController.php(23): view('onlineorder/content/previeworder/previeworder')
 6 SYSTEMPATH\CodeIgniter.php(934): App\Controllers\Preview\PreviewController->preview_order()
 7 SYSTEMPATH\CodeIgniter.php(499): CodeIgniter\CodeIgniter->runController(Object(App\Controllers\Preview\PreviewController))
 8 SYSTEMPATH\CodeIgniter.php(368): CodeIgniter\CodeIgniter->handleRequest(null, Object(Config\Cache), false)
 9 FCPATH\index.php(67): CodeIgniter\CodeIgniter->run()
CRITICAL - 2023-06-29 04:31:09 --> Class "App\Controllers\Cart\Cart" not found
in APPPATH\Controllers\Cart\CartController.php on line 18.
 1 SYSTEMPATH\CodeIgniter.php(906): App\Controllers\Cart\CartController->__construct()
 2 SYSTEMPATH\CodeIgniter.php(490): CodeIgniter\CodeIgniter->createController()
 3 SYSTEMPATH\CodeIgniter.php(368): CodeIgniter\CodeIgniter->handleRequest(null, Object(Config\Cache), false)
 4 FCPATH\index.php(67): CodeIgniter\CodeIgniter->run()
CRITICAL - 2023-06-29 05:37:59 --> Undefined variable $conn
in APPPATH\Views\onlineorder\components\headercomponents\preloadsession.php on line 16.
 1 APPPATH\Views\onlineorder\components\headercomponents\preloadsession.php(16): CodeIgniter\Debug\Exceptions->errorHandler(2, 'Undefined variable $conn', 'C:\\xampp\\htdocs\\Baumalight\\cg\\app\\Views\\onlineorder\\components\\headercomponents\\preloadsession.php', 16)
 2 APPPATH\Views\onlineorder\components\header.php(51): include('C:\\xampp\\htdocs\\Baumalight\\cg\\app\\Views\\onlineorder\\components\\headercomponents\\preloadsession.php')
 3 APPPATH\Views\onlineorder\content\search\search.php(1): include('C:\\xampp\\htdocs\\Baumalight\\cg\\app\\Views\\onlineorder\\components\\header.php')
 4 SYSTEMPATH\View\View.php(213): include('C:\\xampp\\htdocs\\Baumalight\\cg\\app\\Views\\onlineorder\\content\\search\\search.php')
 5 SYSTEMPATH\View\View.php(216): CodeIgniter\View\View->CodeIgniter\View\{closure}()
 6 SYSTEMPATH\Common.php(1184): CodeIgniter\View\View->render('onlineorder/content/search/search', [], true)
 7 APPPATH\Controllers\Order.php(19): view('onlineorder/content/search/search')
 8 SYSTEMPATH\CodeIgniter.php(934): App\Controllers\Order->index()
 9 SYSTEMPATH\CodeIgniter.php(499): CodeIgniter\CodeIgniter->runController(Object(App\Controllers\Order))
10 SYSTEMPATH\CodeIgniter.php(368): CodeIgniter\CodeIgniter->handleRequest(null, Object(Config\Cache), false)
11 FCPATH\index.php(67): CodeIgniter\CodeIgniter->run()
CRITICAL - 2023-06-29 05:50:30 --> Undefined variable $conn
in APPPATH\Views\onlineorder\components\headercomponents\preloadsession.php on line 16.
 1 APPPATH\Views\onlineorder\components\headercomponents\preloadsession.php(16): CodeIgniter\Debug\Exceptions->errorHandler(2, 'Undefined variable $conn', 'C:\\xampp\\htdocs\\Baumalight\\cg\\app\\Views\\onlineorder\\components\\headercomponents\\preloadsession.php', 16)
 2 APPPATH\Views\onlineorder\components\header.php(51): include('C:\\xampp\\htdocs\\Baumalight\\cg\\app\\Views\\onlineorder\\components\\headercomponents\\preloadsession.php')
 3 APPPATH\Views\onlineorder\content\search\search.php(1): include('C:\\xampp\\htdocs\\Baumalight\\cg\\app\\Views\\onlineorder\\components\\header.php')
 4 SYSTEMPATH\View\View.php(213): include('C:\\xampp\\htdocs\\Baumalight\\cg\\app\\Views\\onlineorder\\content\\search\\search.php')
 5 SYSTEMPATH\View\View.php(216): CodeIgniter\View\View->CodeIgniter\View\{closure}()
 6 SYSTEMPATH\Common.php(1184): CodeIgniter\View\View->render('onlineorder/content/search/search', [], true)
 7 APPPATH\Controllers\Order.php(19): view('onlineorder/content/search/search')
 8 SYSTEMPATH\CodeIgniter.php(934): App\Controllers\Order->index()
 9 SYSTEMPATH\CodeIgniter.php(499): CodeIgniter\CodeIgniter->runController(Object(App\Controllers\Order))
10 SYSTEMPATH\CodeIgniter.php(368): CodeIgniter\CodeIgniter->handleRequest(null, Object(Config\Cache), false)
11 FCPATH\index.php(67): CodeIgniter\CodeIgniter->run()
CRITICAL - 2023-06-29 06:11:18 --> Undefined array key "description"
in APPPATH\Controllers\Search\SearchController.php on line 88.
 1 APPPATH\Controllers\Search\SearchController.php(88): CodeIgniter\Debug\Exceptions->errorHandler(2, 'Undefined array key "description"', 'C:\\xampp\\htdocs\\Baumalight\\cg\\app\\Controllers\\Search\\SearchController.php', 88)
 2 SYSTEMPATH\CodeIgniter.php(934): App\Controllers\Search\SearchController->getSearchedData()
 3 SYSTEMPATH\CodeIgniter.php(499): CodeIgniter\CodeIgniter->runController(Object(App\Controllers\Search\SearchController))
 4 SYSTEMPATH\CodeIgniter.php(368): CodeIgniter\CodeIgniter->handleRequest(null, Object(Config\Cache), false)
 5 FCPATH\index.php(67): CodeIgniter\CodeIgniter->run()
CRITICAL - 2023-06-29 06:11:18 --> Undefined array key "description"
in APPPATH\Controllers\Search\SearchController.php on line 88.
 1 APPPATH\Controllers\Search\SearchController.php(88): CodeIgniter\Debug\Exceptions->errorHandler(2, 'Undefined array key "description"', 'C:\\xampp\\htdocs\\Baumalight\\cg\\app\\Controllers\\Search\\SearchController.php', 88)
 2 SYSTEMPATH\CodeIgniter.php(934): App\Controllers\Search\SearchController->getSearchedData()
 3 SYSTEMPATH\CodeIgniter.php(499): CodeIgniter\CodeIgniter->runController(Object(App\Controllers\Search\SearchController))
 4 SYSTEMPATH\CodeIgniter.php(368): CodeIgniter\CodeIgniter->handleRequest(null, Object(Config\Cache), false)
 5 FCPATH\index.php(67): CodeIgniter\CodeIgniter->run()
CRITICAL - 2023-06-29 06:11:18 --> Undefined array key "description"
in APPPATH\Controllers\Search\SearchController.php on line 88.
 1 APPPATH\Controllers\Search\SearchController.php(88): CodeIgniter\Debug\Exceptions->errorHandler(2, 'Undefined array key "description"', 'C:\\xampp\\htdocs\\Baumalight\\cg\\app\\Controllers\\Search\\SearchController.php', 88)
 2 SYSTEMPATH\CodeIgniter.php(934): App\Controllers\Search\SearchController->getSearchedData()
 3 SYSTEMPATH\CodeIgniter.php(499): CodeIgniter\CodeIgniter->runController(Object(App\Controllers\Search\SearchController))
 4 SYSTEMPATH\CodeIgniter.php(368): CodeIgniter\CodeIgniter->handleRequest(null, Object(Config\Cache), false)
 5 FCPATH\index.php(67): CodeIgniter\CodeIgniter->run()
CRITICAL - 2023-06-29 06:11:21 --> Undefined array key "description"
in APPPATH\Controllers\Search\SearchController.php on line 88.
 1 APPPATH\Controllers\Search\SearchController.php(88): CodeIgniter\Debug\Exceptions->errorHandler(2, 'Undefined array key "description"', 'C:\\xampp\\htdocs\\Baumalight\\cg\\app\\Controllers\\Search\\SearchController.php', 88)
 2 SYSTEMPATH\CodeIgniter.php(934): App\Controllers\Search\SearchController->getSearchedData()
 3 SYSTEMPATH\CodeIgniter.php(499): CodeIgniter\CodeIgniter->runController(Object(App\Controllers\Search\SearchController))
 4 SYSTEMPATH\CodeIgniter.php(368): CodeIgniter\CodeIgniter->handleRequest(null, Object(Config\Cache), false)
 5 FCPATH\index.php(67): CodeIgniter\CodeIgniter->run()
CRITICAL - 2023-06-29 06:11:21 --> Undefined array key "description"
in APPPATH\Controllers\Search\SearchController.php on line 88.
 1 APPPATH\Controllers\Search\SearchController.php(88): CodeIgniter\Debug\Exceptions->errorHandler(2, 'Undefined array key "description"', 'C:\\xampp\\htdocs\\Baumalight\\cg\\app\\Controllers\\Search\\SearchController.php', 88)
 2 SYSTEMPATH\CodeIgniter.php(934): App\Controllers\Search\SearchController->getSearchedData()
 3 SYSTEMPATH\CodeIgniter.php(499): CodeIgniter\CodeIgniter->runController(Object(App\Controllers\Search\SearchController))
 4 SYSTEMPATH\CodeIgniter.php(368): CodeIgniter\CodeIgniter->handleRequest(null, Object(Config\Cache), false)
 5 FCPATH\index.php(67): CodeIgniter\CodeIgniter->run()
CRITICAL - 2023-06-29 06:11:22 --> Undefined array key "description"
in APPPATH\Controllers\Search\SearchController.php on line 88.
 1 APPPATH\Controllers\Search\SearchController.php(88): CodeIgniter\Debug\Exceptions->errorHandler(2, 'Undefined array key "description"', 'C:\\xampp\\htdocs\\Baumalight\\cg\\app\\Controllers\\Search\\SearchController.php', 88)
 2 SYSTEMPATH\CodeIgniter.php(934): App\Controllers\Search\SearchController->getSearchedData()
 3 SYSTEMPATH\CodeIgniter.php(499): CodeIgniter\CodeIgniter->runController(Object(App\Controllers\Search\SearchController))
 4 SYSTEMPATH\CodeIgniter.php(368): CodeIgniter\CodeIgniter->handleRequest(null, Object(Config\Cache), false)
 5 FCPATH\index.php(67): CodeIgniter\CodeIgniter->run()
CRITICAL - 2023-06-29 06:11:22 --> Undefined array key "description"
in APPPATH\Controllers\Search\SearchController.php on line 88.
 1 APPPATH\Controllers\Search\SearchController.php(88): CodeIgniter\Debug\Exceptions->errorHandler(2, 'Undefined array key "description"', 'C:\\xampp\\htdocs\\Baumalight\\cg\\app\\Controllers\\Search\\SearchController.php', 88)
 2 SYSTEMPATH\CodeIgniter.php(934): App\Controllers\Search\SearchController->getSearchedData()
 3 SYSTEMPATH\CodeIgniter.php(499): CodeIgniter\CodeIgniter->runController(Object(App\Controllers\Search\SearchController))
 4 SYSTEMPATH\CodeIgniter.php(368): CodeIgniter\CodeIgniter->handleRequest(null, Object(Config\Cache), false)
 5 FCPATH\index.php(67): CodeIgniter\CodeIgniter->run()
CRITICAL - 2023-06-29 06:11:23 --> Undefined array key "description"
in APPPATH\Controllers\Search\SearchController.php on line 88.
 1 APPPATH\Controllers\Search\SearchController.php(88): CodeIgniter\Debug\Exceptions->errorHandler(2, 'Undefined array key "description"', 'C:\\xampp\\htdocs\\Baumalight\\cg\\app\\Controllers\\Search\\SearchController.php', 88)
 2 SYSTEMPATH\CodeIgniter.php(934): App\Controllers\Search\SearchController->getSearchedData()
 3 SYSTEMPATH\CodeIgniter.php(499): CodeIgniter\CodeIgniter->runController(Object(App\Controllers\Search\SearchController))
 4 SYSTEMPATH\CodeIgniter.php(368): CodeIgniter\CodeIgniter->handleRequest(null, Object(Config\Cache), false)
 5 FCPATH\index.php(67): CodeIgniter\CodeIgniter->run()
CRITICAL - 2023-06-29 06:25:25 --> Undefined variable $disc_per_item
in APPPATH\Controllers\Search\AddToCartController.php on line 163.
 1 APPPATH\Controllers\Search\AddToCartController.php(163): CodeIgniter\Debug\Exceptions->errorHandler(2, 'Undefined variable $disc_per_item', 'C:\\xampp\\htdocs\\Baumalight\\cg\\app\\Controllers\\Search\\AddToCartController.php', 163)
 2 SYSTEMPATH\CodeIgniter.php(934): App\Controllers\Search\AddToCartController->add_to_cart()
 3 SYSTEMPATH\CodeIgniter.php(499): CodeIgniter\CodeIgniter->runController(Object(App\Controllers\Search\AddToCartController))
 4 SYSTEMPATH\CodeIgniter.php(368): CodeIgniter\CodeIgniter->handleRequest(null, Object(Config\Cache), false)
 5 FCPATH\index.php(67): CodeIgniter\CodeIgniter->run()
CRITICAL - 2023-06-29 06:30:22 --> Undefined variable $disc_per_item
in APPPATH\Controllers\Search\AddToCartController.php on line 163.
 1 APPPATH\Controllers\Search\AddToCartController.php(163): CodeIgniter\Debug\Exceptions->errorHandler(2, 'Undefined variable $disc_per_item', 'C:\\xampp\\htdocs\\Baumalight\\cg\\app\\Controllers\\Search\\AddToCartController.php', 163)
 2 SYSTEMPATH\CodeIgniter.php(934): App\Controllers\Search\AddToCartController->add_to_cart()
 3 SYSTEMPATH\CodeIgniter.php(499): CodeIgniter\CodeIgniter->runController(Object(App\Controllers\Search\AddToCartController))
 4 SYSTEMPATH\CodeIgniter.php(368): CodeIgniter\CodeIgniter->handleRequest(null, Object(Config\Cache), false)
 5 FCPATH\index.php(67): CodeIgniter\CodeIgniter->run()
CRITICAL - 2023-06-29 06:36:46 --> Array to string conversion
in APPPATH\Controllers\Search\CheckProductsin8WeeksController.php on line 32.
 1 APPPATH\Controllers\Search\CheckProductsin8WeeksController.php(32): CodeIgniter\Debug\Exceptions->errorHandler(2, 'Array to string conversion', 'C:\\xampp\\htdocs\\Baumalight\\cg\\app\\Controllers\\Search\\CheckProductsin8WeeksController.php', 32)
 2 SYSTEMPATH\CodeIgniter.php(934): App\Controllers\Search\CheckProductsin8WeeksController->check_pro_in_8weeks()
 3 SYSTEMPATH\CodeIgniter.php(499): CodeIgniter\CodeIgniter->runController(Object(App\Controllers\Search\CheckProductsin8WeeksController))
 4 SYSTEMPATH\CodeIgniter.php(368): CodeIgniter\CodeIgniter->handleRequest(null, Object(Config\Cache), false)
 5 FCPATH\index.php(67): CodeIgniter\CodeIgniter->run()
CRITICAL - 2023-06-29 06:38:49 --> Undefined variable $qry5
in APPPATH\Controllers\Search\CheckProductsin8WeeksController.php on line 52.
 1 APPPATH\Controllers\Search\CheckProductsin8WeeksController.php(52): CodeIgniter\Debug\Exceptions->errorHandler(2, 'Undefined variable $qry5', 'C:\\xampp\\htdocs\\Baumalight\\cg\\app\\Controllers\\Search\\CheckProductsin8WeeksController.php', 52)
 2 SYSTEMPATH\CodeIgniter.php(934): App\Controllers\Search\CheckProductsin8WeeksController->check_pro_in_8weeks()
 3 SYSTEMPATH\CodeIgniter.php(499): CodeIgniter\CodeIgniter->runController(Object(App\Controllers\Search\CheckProductsin8WeeksController))
 4 SYSTEMPATH\CodeIgniter.php(368): CodeIgniter\CodeIgniter->handleRequest(null, Object(Config\Cache), false)
 5 FCPATH\index.php(67): CodeIgniter\CodeIgniter->run()
CRITICAL - 2023-06-29 06:39:21 --> Undefined variable $qry5
in APPPATH\Controllers\Search\CheckProductsin8WeeksController.php on line 51.
 1 APPPATH\Controllers\Search\CheckProductsin8WeeksController.php(51): CodeIgniter\Debug\Exceptions->errorHandler(2, 'Undefined variable $qry5', 'C:\\xampp\\htdocs\\Baumalight\\cg\\app\\Controllers\\Search\\CheckProductsin8WeeksController.php', 51)
 2 SYSTEMPATH\CodeIgniter.php(934): App\Controllers\Search\CheckProductsin8WeeksController->check_pro_in_8weeks()
 3 SYSTEMPATH\CodeIgniter.php(499): CodeIgniter\CodeIgniter->runController(Object(App\Controllers\Search\CheckProductsin8WeeksController))
 4 SYSTEMPATH\CodeIgniter.php(368): CodeIgniter\CodeIgniter->handleRequest(null, Object(Config\Cache), false)
 5 FCPATH\index.php(67): CodeIgniter\CodeIgniter->run()
CRITICAL - 2023-06-29 06:40:08 --> Undefined variable $qry5
in APPPATH\Controllers\Search\CheckProductsin8WeeksController.php on line 50.
 1 APPPATH\Controllers\Search\CheckProductsin8WeeksController.php(50): CodeIgniter\Debug\Exceptions->errorHandler(2, 'Undefined variable $qry5', 'C:\\xampp\\htdocs\\Baumalight\\cg\\app\\Controllers\\Search\\CheckProductsin8WeeksController.php', 50)
 2 SYSTEMPATH\CodeIgniter.php(934): App\Controllers\Search\CheckProductsin8WeeksController->check_pro_in_8weeks()
 3 SYSTEMPATH\CodeIgniter.php(499): CodeIgniter\CodeIgniter->runController(Object(App\Controllers\Search\CheckProductsin8WeeksController))
 4 SYSTEMPATH\CodeIgniter.php(368): CodeIgniter\CodeIgniter->handleRequest(null, Object(Config\Cache), false)
 5 FCPATH\index.php(67): CodeIgniter\CodeIgniter->run()
CRITICAL - 2023-06-29 06:46:02 --> Undefined variable $qry5
in APPPATH\Controllers\Search\CheckProductsin8WeeksController.php on line 51.
 1 APPPATH\Controllers\Search\CheckProductsin8WeeksController.php(51): CodeIgniter\Debug\Exceptions->errorHandler(2, 'Undefined variable $qry5', 'C:\\xampp\\htdocs\\Baumalight\\cg\\app\\Controllers\\Search\\CheckProductsin8WeeksController.php', 51)
 2 SYSTEMPATH\CodeIgniter.php(934): App\Controllers\Search\CheckProductsin8WeeksController->check_pro_in_8weeks()
 3 SYSTEMPATH\CodeIgniter.php(499): CodeIgniter\CodeIgniter->runController(Object(App\Controllers\Search\CheckProductsin8WeeksController))
 4 SYSTEMPATH\CodeIgniter.php(368): CodeIgniter\CodeIgniter->handleRequest(null, Object(Config\Cache), false)
 5 FCPATH\index.php(67): CodeIgniter\CodeIgniter->run()
CRITICAL - 2023-06-29 06:48:31 --> odbc_connect() expects at least 3 arguments, 0 given
in APPPATH\Controllers\Search\CheckProductsin8WeeksController.php on line 44.
 1 APPPATH\Controllers\Search\CheckProductsin8WeeksController.php(44): odbc_connect()
 2 SYSTEMPATH\CodeIgniter.php(934): App\Controllers\Search\CheckProductsin8WeeksController->check_pro_in_8weeks()
 3 SYSTEMPATH\CodeIgniter.php(499): CodeIgniter\CodeIgniter->runController(Object(App\Controllers\Search\CheckProductsin8WeeksController))
 4 SYSTEMPATH\CodeIgniter.php(368): CodeIgniter\CodeIgniter->handleRequest(null, Object(Config\Cache), false)
 5 FCPATH\index.php(67): CodeIgniter\CodeIgniter->run()
CRITICAL - 2023-06-29 07:12:13 --> Undefined variable $qry5
in APPPATH\Controllers\Search\CheckProductsin8WeeksController.php on line 49.
 1 APPPATH\Controllers\Search\CheckProductsin8WeeksController.php(49): CodeIgniter\Debug\Exceptions->errorHandler(2, 'Undefined variable $qry5', 'C:\\xampp\\htdocs\\Baumalight\\cg\\app\\Controllers\\Search\\CheckProductsin8WeeksController.php', 49)
 2 SYSTEMPATH\CodeIgniter.php(934): App\Controllers\Search\CheckProductsin8WeeksController->check_pro_in_8weeks()
 3 SYSTEMPATH\CodeIgniter.php(499): CodeIgniter\CodeIgniter->runController(Object(App\Controllers\Search\CheckProductsin8WeeksController))
 4 SYSTEMPATH\CodeIgniter.php(368): CodeIgniter\CodeIgniter->handleRequest(null, Object(Config\Cache), false)
 5 FCPATH\index.php(67): CodeIgniter\CodeIgniter->run()
CRITICAL - 2023-06-29 07:13:08 --> Undefined variable $qry5
in APPPATH\Controllers\Search\CheckProductsin8WeeksController.php on line 51.
 1 APPPATH\Controllers\Search\CheckProductsin8WeeksController.php(51): CodeIgniter\Debug\Exceptions->errorHandler(2, 'Undefined variable $qry5', 'C:\\xampp\\htdocs\\Baumalight\\cg\\app\\Controllers\\Search\\CheckProductsin8WeeksController.php', 51)
 2 SYSTEMPATH\CodeIgniter.php(934): App\Controllers\Search\CheckProductsin8WeeksController->check_pro_in_8weeks()
 3 SYSTEMPATH\CodeIgniter.php(499): CodeIgniter\CodeIgniter->runController(Object(App\Controllers\Search\CheckProductsin8WeeksController))
 4 SYSTEMPATH\CodeIgniter.php(368): CodeIgniter\CodeIgniter->handleRequest(null, Object(Config\Cache), false)
 5 FCPATH\index.php(67): CodeIgniter\CodeIgniter->run()
CRITICAL - 2023-06-29 07:14:15 --> Undefined variable $qry5
in APPPATH\Controllers\Search\CheckProductsin8WeeksController.php on line 52.
 1 APPPATH\Controllers\Search\CheckProductsin8WeeksController.php(52): CodeIgniter\Debug\Exceptions->errorHandler(2, 'Undefined variable $qry5', 'C:\\xampp\\htdocs\\Baumalight\\cg\\app\\Controllers\\Search\\CheckProductsin8WeeksController.php', 52)
 2 SYSTEMPATH\CodeIgniter.php(934): App\Controllers\Search\CheckProductsin8WeeksController->check_pro_in_8weeks()
 3 SYSTEMPATH\CodeIgniter.php(499): CodeIgniter\CodeIgniter->runController(Object(App\Controllers\Search\CheckProductsin8WeeksController))
 4 SYSTEMPATH\CodeIgniter.php(368): CodeIgniter\CodeIgniter->handleRequest(null, Object(Config\Cache), false)
 5 FCPATH\index.php(67): CodeIgniter\CodeIgniter->run()
CRITICAL - 2023-06-29 07:20:58 --> foreach() argument must be of type array|object, resource given
in APPPATH\Controllers\Search\CheckProductsin8WeeksController.php on line 53.
 1 APPPATH\Controllers\Search\CheckProductsin8WeeksController.php(53): CodeIgniter\Debug\Exceptions->errorHandler(2, 'foreach() argument must be of type array|object, resource given', 'C:\\xampp\\htdocs\\Baumalight\\cg\\app\\Controllers\\Search\\CheckProductsin8WeeksController.php', 53)
 2 SYSTEMPATH\CodeIgniter.php(934): App\Controllers\Search\CheckProductsin8WeeksController->check_pro_in_8weeks()
 3 SYSTEMPATH\CodeIgniter.php(499): CodeIgniter\CodeIgniter->runController(Object(App\Controllers\Search\CheckProductsin8WeeksController))
 4 SYSTEMPATH\CodeIgniter.php(368): CodeIgniter\CodeIgniter->handleRequest(null, Object(Config\Cache), false)
 5 FCPATH\index.php(67): CodeIgniter\CodeIgniter->run()
CRITICAL - 2023-06-29 07:27:19 --> Undefined variable $disc_per_item
in APPPATH\Controllers\Search\AddToCartController.php on line 163.
 1 APPPATH\Controllers\Search\AddToCartController.php(163): CodeIgniter\Debug\Exceptions->errorHandler(2, 'Undefined variable $disc_per_item', 'C:\\xampp\\htdocs\\Baumalight\\cg\\app\\Controllers\\Search\\AddToCartController.php', 163)
 2 SYSTEMPATH\CodeIgniter.php(934): App\Controllers\Search\AddToCartController->add_to_cart()
 3 SYSTEMPATH\CodeIgniter.php(499): CodeIgniter\CodeIgniter->runController(Object(App\Controllers\Search\AddToCartController))
 4 SYSTEMPATH\CodeIgniter.php(368): CodeIgniter\CodeIgniter->handleRequest(null, Object(Config\Cache), false)
 5 FCPATH\index.php(67): CodeIgniter\CodeIgniter->run()
CRITICAL - 2023-06-29 07:29:12 --> Undefined variable $disc_per_item
in APPPATH\Controllers\Search\AddToCartController.php on line 163.
 1 APPPATH\Controllers\Search\AddToCartController.php(163): CodeIgniter\Debug\Exceptions->errorHandler(2, 'Undefined variable $disc_per_item', 'C:\\xampp\\htdocs\\Baumalight\\cg\\app\\Controllers\\Search\\AddToCartController.php', 163)
 2 SYSTEMPATH\CodeIgniter.php(934): App\Controllers\Search\AddToCartController->add_to_cart()
 3 SYSTEMPATH\CodeIgniter.php(499): CodeIgniter\CodeIgniter->runController(Object(App\Controllers\Search\AddToCartController))
 4 SYSTEMPATH\CodeIgniter.php(368): CodeIgniter\CodeIgniter->handleRequest(null, Object(Config\Cache), false)
 5 FCPATH\index.php(67): CodeIgniter\CodeIgniter->run()
CRITICAL - 2023-06-29 07:31:57 --> Undefined variable $disc_per_item
in APPPATH\Controllers\Search\AddToCartController.php on line 163.
 1 APPPATH\Controllers\Search\AddToCartController.php(163): CodeIgniter\Debug\Exceptions->errorHandler(2, 'Undefined variable $disc_per_item', 'C:\\xampp\\htdocs\\Baumalight\\cg\\app\\Controllers\\Search\\AddToCartController.php', 163)
 2 SYSTEMPATH\CodeIgniter.php(934): App\Controllers\Search\AddToCartController->add_to_cart()
 3 SYSTEMPATH\CodeIgniter.php(499): CodeIgniter\CodeIgniter->runController(Object(App\Controllers\Search\AddToCartController))
 4 SYSTEMPATH\CodeIgniter.php(368): CodeIgniter\CodeIgniter->handleRequest(null, Object(Config\Cache), false)
 5 FCPATH\index.php(67): CodeIgniter\CodeIgniter->run()
CRITICAL - 2023-06-29 07:34:18 --> Undefined variable $disc_per_item
in APPPATH\Controllers\Search\AddToCartController.php on line 163.
 1 APPPATH\Controllers\Search\AddToCartController.php(163): CodeIgniter\Debug\Exceptions->errorHandler(2, 'Undefined variable $disc_per_item', 'C:\\xampp\\htdocs\\Baumalight\\cg\\app\\Controllers\\Search\\AddToCartController.php', 163)
 2 SYSTEMPATH\CodeIgniter.php(934): App\Controllers\Search\AddToCartController->add_to_cart()
 3 SYSTEMPATH\CodeIgniter.php(499): CodeIgniter\CodeIgniter->runController(Object(App\Controllers\Search\AddToCartController))
 4 SYSTEMPATH\CodeIgniter.php(368): CodeIgniter\CodeIgniter->handleRequest(null, Object(Config\Cache), false)
 5 FCPATH\index.php(67): CodeIgniter\CodeIgniter->run()
CRITICAL - 2023-06-29 07:34:39 --> Undefined variable $disc_per_item
in APPPATH\Controllers\Search\AddToCartController.php on line 163.
 1 APPPATH\Controllers\Search\AddToCartController.php(163): CodeIgniter\Debug\Exceptions->errorHandler(2, 'Undefined variable $disc_per_item', 'C:\\xampp\\htdocs\\Baumalight\\cg\\app\\Controllers\\Search\\AddToCartController.php', 163)
 2 SYSTEMPATH\CodeIgniter.php(934): App\Controllers\Search\AddToCartController->add_to_cart()
 3 SYSTEMPATH\CodeIgniter.php(499): CodeIgniter\CodeIgniter->runController(Object(App\Controllers\Search\AddToCartController))
 4 SYSTEMPATH\CodeIgniter.php(368): CodeIgniter\CodeIgniter->handleRequest(null, Object(Config\Cache), false)
 5 FCPATH\index.php(67): CodeIgniter\CodeIgniter->run()
CRITICAL - 2023-06-29 07:38:29 --> Undefined variable $qry5
in APPPATH\Controllers\Search\CheckProductsin8WeeksController.php on line 48.
 1 APPPATH\Controllers\Search\CheckProductsin8WeeksController.php(48): CodeIgniter\Debug\Exceptions->errorHandler(2, 'Undefined variable $qry5', 'C:\\xampp\\htdocs\\Baumalight\\cg\\app\\Controllers\\Search\\CheckProductsin8WeeksController.php', 48)
 2 SYSTEMPATH\CodeIgniter.php(934): App\Controllers\Search\CheckProductsin8WeeksController->check_pro_in_8weeks()
 3 SYSTEMPATH\CodeIgniter.php(499): CodeIgniter\CodeIgniter->runController(Object(App\Controllers\Search\CheckProductsin8WeeksController))
 4 SYSTEMPATH\CodeIgniter.php(368): CodeIgniter\CodeIgniter->handleRequest(null, Object(Config\Cache), false)
 5 FCPATH\index.php(67): CodeIgniter\CodeIgniter->run()
CRITICAL - 2023-06-29 07:39:27 --> Undefined variable $qry5
in APPPATH\Controllers\Search\CheckProductsin8WeeksController.php on line 49.
 1 APPPATH\Controllers\Search\CheckProductsin8WeeksController.php(49): CodeIgniter\Debug\Exceptions->errorHandler(2, 'Undefined variable $qry5', 'C:\\xampp\\htdocs\\Baumalight\\cg\\app\\Controllers\\Search\\CheckProductsin8WeeksController.php', 49)
 2 SYSTEMPATH\CodeIgniter.php(934): App\Controllers\Search\CheckProductsin8WeeksController->check_pro_in_8weeks()
 3 SYSTEMPATH\CodeIgniter.php(499): CodeIgniter\CodeIgniter->runController(Object(App\Controllers\Search\CheckProductsin8WeeksController))
 4 SYSTEMPATH\CodeIgniter.php(368): CodeIgniter\CodeIgniter->handleRequest(null, Object(Config\Cache), false)
 5 FCPATH\index.php(67): CodeIgniter\CodeIgniter->run()
CRITICAL - 2023-06-29 07:41:45 --> Undefined variable $qry5
in APPPATH\Controllers\Search\CheckProductsin8WeeksController.php on line 49.
 1 APPPATH\Controllers\Search\CheckProductsin8WeeksController.php(49): CodeIgniter\Debug\Exceptions->errorHandler(2, 'Undefined variable $qry5', 'C:\\xampp\\htdocs\\Baumalight\\cg\\app\\Controllers\\Search\\CheckProductsin8WeeksController.php', 49)
 2 SYSTEMPATH\CodeIgniter.php(934): App\Controllers\Search\CheckProductsin8WeeksController->check_pro_in_8weeks()
 3 SYSTEMPATH\CodeIgniter.php(499): CodeIgniter\CodeIgniter->runController(Object(App\Controllers\Search\CheckProductsin8WeeksController))
 4 SYSTEMPATH\CodeIgniter.php(368): CodeIgniter\CodeIgniter->handleRequest(null, Object(Config\Cache), false)
 5 FCPATH\index.php(67): CodeIgniter\CodeIgniter->run()
CRITICAL - 2023-06-29 07:42:39 --> Undefined variable $qry5
in APPPATH\Controllers\Search\CheckProductsin8WeeksController.php on line 54.
 1 APPPATH\Controllers\Search\CheckProductsin8WeeksController.php(54): CodeIgniter\Debug\Exceptions->errorHandler(2, 'Undefined variable $qry5', 'C:\\xampp\\htdocs\\Baumalight\\cg\\app\\Controllers\\Search\\CheckProductsin8WeeksController.php', 54)
 2 SYSTEMPATH\CodeIgniter.php(934): App\Controllers\Search\CheckProductsin8WeeksController->check_pro_in_8weeks()
 3 SYSTEMPATH\CodeIgniter.php(499): CodeIgniter\CodeIgniter->runController(Object(App\Controllers\Search\CheckProductsin8WeeksController))
 4 SYSTEMPATH\CodeIgniter.php(368): CodeIgniter\CodeIgniter->handleRequest(null, Object(Config\Cache), false)
 5 FCPATH\index.php(67): CodeIgniter\CodeIgniter->run()
CRITICAL - 2023-06-29 07:43:34 --> Cannot access offset of type string on string
in APPPATH\Controllers\Search\CheckProductsin8WeeksController.php on line 57.
 1 SYSTEMPATH\CodeIgniter.php(934): App\Controllers\Search\CheckProductsin8WeeksController->check_pro_in_8weeks()
 2 SYSTEMPATH\CodeIgniter.php(499): CodeIgniter\CodeIgniter->runController(Object(App\Controllers\Search\CheckProductsin8WeeksController))
 3 SYSTEMPATH\CodeIgniter.php(368): CodeIgniter\CodeIgniter->handleRequest(null, Object(Config\Cache), false)
 4 FCPATH\index.php(67): CodeIgniter\CodeIgniter->run()
CRITICAL - 2023-06-29 07:44:30 --> Cannot access offset of type string on string
in APPPATH\Controllers\Search\CheckProductsin8WeeksController.php on line 57.
 1 SYSTEMPATH\CodeIgniter.php(934): App\Controllers\Search\CheckProductsin8WeeksController->check_pro_in_8weeks()
 2 SYSTEMPATH\CodeIgniter.php(499): CodeIgniter\CodeIgniter->runController(Object(App\Controllers\Search\CheckProductsin8WeeksController))
 3 SYSTEMPATH\CodeIgniter.php(368): CodeIgniter\CodeIgniter->handleRequest(null, Object(Config\Cache), false)
 4 FCPATH\index.php(67): CodeIgniter\CodeIgniter->run()
CRITICAL - 2023-06-29 07:46:34 --> Undefined variable $disc_per_item
in APPPATH\Controllers\Search\AddToCartController.php on line 163.
 1 APPPATH\Controllers\Search\AddToCartController.php(163): CodeIgniter\Debug\Exceptions->errorHandler(2, 'Undefined variable $disc_per_item', 'C:\\xampp\\htdocs\\Baumalight\\cg\\app\\Controllers\\Search\\AddToCartController.php', 163)
 2 SYSTEMPATH\CodeIgniter.php(934): App\Controllers\Search\AddToCartController->add_to_cart()
 3 SYSTEMPATH\CodeIgniter.php(499): CodeIgniter\CodeIgniter->runController(Object(App\Controllers\Search\AddToCartController))
 4 SYSTEMPATH\CodeIgniter.php(368): CodeIgniter\CodeIgniter->handleRequest(null, Object(Config\Cache), false)
 5 FCPATH\index.php(67): CodeIgniter\CodeIgniter->run()
CRITICAL - 2023-06-29 07:48:55 --> Cannot access offset of type string on string
in APPPATH\Controllers\Search\CheckProductsin8WeeksController.php on line 58.
 1 SYSTEMPATH\CodeIgniter.php(934): App\Controllers\Search\CheckProductsin8WeeksController->check_pro_in_8weeks()
 2 SYSTEMPATH\CodeIgniter.php(499): CodeIgniter\CodeIgniter->runController(Object(App\Controllers\Search\CheckProductsin8WeeksController))
 3 SYSTEMPATH\CodeIgniter.php(368): CodeIgniter\CodeIgniter->handleRequest(null, Object(Config\Cache), false)
 4 FCPATH\index.php(67): CodeIgniter\CodeIgniter->run()
CRITICAL - 2023-06-29 07:51:18 --> Undefined variable $disc_per_item
in APPPATH\Controllers\Search\AddToCartController.php on line 163.
 1 APPPATH\Controllers\Search\AddToCartController.php(163): CodeIgniter\Debug\Exceptions->errorHandler(2, 'Undefined variable $disc_per_item', 'C:\\xampp\\htdocs\\Baumalight\\cg\\app\\Controllers\\Search\\AddToCartController.php', 163)
 2 SYSTEMPATH\CodeIgniter.php(934): App\Controllers\Search\AddToCartController->add_to_cart()
 3 SYSTEMPATH\CodeIgniter.php(499): CodeIgniter\CodeIgniter->runController(Object(App\Controllers\Search\AddToCartController))
 4 SYSTEMPATH\CodeIgniter.php(368): CodeIgniter\CodeIgniter->handleRequest(null, Object(Config\Cache), false)
 5 FCPATH\index.php(67): CodeIgniter\CodeIgniter->run()
CRITICAL - 2023-06-29 07:57:56 --> Undefined variable $disc_per_item
in APPPATH\Controllers\Search\AddToCartController.php on line 163.
 1 APPPATH\Controllers\Search\AddToCartController.php(163): CodeIgniter\Debug\Exceptions->errorHandler(2, 'Undefined variable $disc_per_item', 'C:\\xampp\\htdocs\\Baumalight\\cg\\app\\Controllers\\Search\\AddToCartController.php', 163)
 2 SYSTEMPATH\CodeIgniter.php(934): App\Controllers\Search\AddToCartController->add_to_cart()
 3 SYSTEMPATH\CodeIgniter.php(499): CodeIgniter\CodeIgniter->runController(Object(App\Controllers\Search\AddToCartController))
 4 SYSTEMPATH\CodeIgniter.php(368): CodeIgniter\CodeIgniter->handleRequest(null, Object(Config\Cache), false)
 5 FCPATH\index.php(67): CodeIgniter\CodeIgniter->run()
CRITICAL - 2023-06-29 07:58:58 --> Undefined variable $disc_per_item
in APPPATH\Controllers\Search\AddToCartController.php on line 163.
 1 APPPATH\Controllers\Search\AddToCartController.php(163): CodeIgniter\Debug\Exceptions->errorHandler(2, 'Undefined variable $disc_per_item', 'C:\\xampp\\htdocs\\Baumalight\\cg\\app\\Controllers\\Search\\AddToCartController.php', 163)
 2 SYSTEMPATH\CodeIgniter.php(934): App\Controllers\Search\AddToCartController->add_to_cart()
 3 SYSTEMPATH\CodeIgniter.php(499): CodeIgniter\CodeIgniter->runController(Object(App\Controllers\Search\AddToCartController))
 4 SYSTEMPATH\CodeIgniter.php(368): CodeIgniter\CodeIgniter->handleRequest(null, Object(Config\Cache), false)
 5 FCPATH\index.php(67): CodeIgniter\CodeIgniter->run()
CRITICAL - 2023-06-29 07:59:21 --> Cannot access offset of type string on string
in APPPATH\Controllers\Search\CheckProductsin8WeeksController.php on line 59.
 1 SYSTEMPATH\CodeIgniter.php(934): App\Controllers\Search\CheckProductsin8WeeksController->check_pro_in_8weeks()
 2 SYSTEMPATH\CodeIgniter.php(499): CodeIgniter\CodeIgniter->runController(Object(App\Controllers\Search\CheckProductsin8WeeksController))
 3 SYSTEMPATH\CodeIgniter.php(368): CodeIgniter\CodeIgniter->handleRequest(null, Object(Config\Cache), false)
 4 FCPATH\index.php(67): CodeIgniter\CodeIgniter->run()
CRITICAL - 2023-06-29 08:05:13 --> Undefined array key 1
in APPPATH\Controllers\Search\CheckProductsin8WeeksController.php on line 55.
 1 APPPATH\Controllers\Search\CheckProductsin8WeeksController.php(55): CodeIgniter\Debug\Exceptions->errorHandler(2, 'Undefined array key 1', 'C:\\xampp\\htdocs\\Baumalight\\cg\\app\\Controllers\\Search\\CheckProductsin8WeeksController.php', 55)
 2 SYSTEMPATH\CodeIgniter.php(934): App\Controllers\Search\CheckProductsin8WeeksController->check_pro_in_8weeks()
 3 SYSTEMPATH\CodeIgniter.php(499): CodeIgniter\CodeIgniter->runController(Object(App\Controllers\Search\CheckProductsin8WeeksController))
 4 SYSTEMPATH\CodeIgniter.php(368): CodeIgniter\CodeIgniter->handleRequest(null, Object(Config\Cache), false)
 5 FCPATH\index.php(67): CodeIgniter\CodeIgniter->run()
CRITICAL - 2023-06-29 08:05:55 --> Undefined array key 1
in APPPATH\Controllers\Search\CheckProductsin8WeeksController.php on line 55.
 1 APPPATH\Controllers\Search\CheckProductsin8WeeksController.php(55): CodeIgniter\Debug\Exceptions->errorHandler(2, 'Undefined array key 1', 'C:\\xampp\\htdocs\\Baumalight\\cg\\app\\Controllers\\Search\\CheckProductsin8WeeksController.php', 55)
 2 SYSTEMPATH\CodeIgniter.php(934): App\Controllers\Search\CheckProductsin8WeeksController->check_pro_in_8weeks()
 3 SYSTEMPATH\CodeIgniter.php(499): CodeIgniter\CodeIgniter->runController(Object(App\Controllers\Search\CheckProductsin8WeeksController))
 4 SYSTEMPATH\CodeIgniter.php(368): CodeIgniter\CodeIgniter->handleRequest(null, Object(Config\Cache), false)
 5 FCPATH\index.php(67): CodeIgniter\CodeIgniter->run()
CRITICAL - 2023-06-29 08:16:52 --> Undefined variable $disc_per_item
in APPPATH\Controllers\Search\AddToCartController.php on line 163.
 1 APPPATH\Controllers\Search\AddToCartController.php(163): CodeIgniter\Debug\Exceptions->errorHandler(2, 'Undefined variable $disc_per_item', 'C:\\xampp\\htdocs\\Baumalight\\cg\\app\\Controllers\\Search\\AddToCartController.php', 163)
 2 SYSTEMPATH\CodeIgniter.php(934): App\Controllers\Search\AddToCartController->add_to_cart()
 3 SYSTEMPATH\CodeIgniter.php(499): CodeIgniter\CodeIgniter->runController(Object(App\Controllers\Search\AddToCartController))
 4 SYSTEMPATH\CodeIgniter.php(368): CodeIgniter\CodeIgniter->handleRequest(null, Object(Config\Cache), false)
 5 FCPATH\index.php(67): CodeIgniter\CodeIgniter->run()
CRITICAL - 2023-06-29 09:30:54 --> Undefined array key "apply_discount"
in APPPATH\Controllers\Search\AddToCartController.php on line 32.
 1 APPPATH\Controllers\Search\AddToCartController.php(32): CodeIgniter\Debug\Exceptions->errorHandler(2, 'Undefined array key "apply_discount"', 'C:\\xampp\\htdocs\\Baumalight\\cg\\app\\Controllers\\Search\\AddToCartController.php', 32)
 2 SYSTEMPATH\CodeIgniter.php(934): App\Controllers\Search\AddToCartController->add_to_cart()
 3 SYSTEMPATH\CodeIgniter.php(499): CodeIgniter\CodeIgniter->runController(Object(App\Controllers\Search\AddToCartController))
 4 SYSTEMPATH\CodeIgniter.php(368): CodeIgniter\CodeIgniter->handleRequest(null, Object(Config\Cache), false)
 5 FCPATH\index.php(67): CodeIgniter\CodeIgniter->run()
CRITICAL - 2023-06-29 09:32:14 --> Undefined variable $apply_discount
in APPPATH\Controllers\Search\CheckProductsin8WeeksController.php on line 66.
 1 APPPATH\Controllers\Search\CheckProductsin8WeeksController.php(66): CodeIgniter\Debug\Exceptions->errorHandler(2, 'Undefined variable $apply_discount', 'C:\\xampp\\htdocs\\Baumalight\\cg\\app\\Controllers\\Search\\CheckProductsin8WeeksController.php', 66)
 2 SYSTEMPATH\CodeIgniter.php(934): App\Controllers\Search\CheckProductsin8WeeksController->check_pro_in_8weeks()
 3 SYSTEMPATH\CodeIgniter.php(499): CodeIgniter\CodeIgniter->runController(Object(App\Controllers\Search\CheckProductsin8WeeksController))
 4 SYSTEMPATH\CodeIgniter.php(368): CodeIgniter\CodeIgniter->handleRequest(null, Object(Config\Cache), false)
 5 FCPATH\index.php(67): CodeIgniter\CodeIgniter->run()
CRITICAL - 2023-06-29 09:34:54 --> Undefined variable $apply_discount
in APPPATH\Controllers\Search\CheckProductsin8WeeksController.php on line 66.
 1 APPPATH\Controllers\Search\CheckProductsin8WeeksController.php(66): CodeIgniter\Debug\Exceptions->errorHandler(2, 'Undefined variable $apply_discount', 'C:\\xampp\\htdocs\\Baumalight\\cg\\app\\Controllers\\Search\\CheckProductsin8WeeksController.php', 66)
 2 SYSTEMPATH\CodeIgniter.php(934): App\Controllers\Search\CheckProductsin8WeeksController->check_pro_in_8weeks()
 3 SYSTEMPATH\CodeIgniter.php(499): CodeIgniter\CodeIgniter->runController(Object(App\Controllers\Search\CheckProductsin8WeeksController))
 4 SYSTEMPATH\CodeIgniter.php(368): CodeIgniter\CodeIgniter->handleRequest(null, Object(Config\Cache), false)
 5 FCPATH\index.php(67): CodeIgniter\CodeIgniter->run()
CRITICAL - 2023-06-29 09:35:49 --> Undefined variable $apply_discount
in APPPATH\Controllers\Search\CheckProductsin8WeeksController.php on line 65.
 1 APPPATH\Controllers\Search\CheckProductsin8WeeksController.php(65): CodeIgniter\Debug\Exceptions->errorHandler(2, 'Undefined variable $apply_discount', 'C:\\xampp\\htdocs\\Baumalight\\cg\\app\\Controllers\\Search\\CheckProductsin8WeeksController.php', 65)
 2 SYSTEMPATH\CodeIgniter.php(934): App\Controllers\Search\CheckProductsin8WeeksController->check_pro_in_8weeks()
 3 SYSTEMPATH\CodeIgniter.php(499): CodeIgniter\CodeIgniter->runController(Object(App\Controllers\Search\CheckProductsin8WeeksController))
 4 SYSTEMPATH\CodeIgniter.php(368): CodeIgniter\CodeIgniter->handleRequest(null, Object(Config\Cache), false)
 5 FCPATH\index.php(67): CodeIgniter\CodeIgniter->run()
CRITICAL - 2023-06-29 09:36:51 --> foreach() argument must be of type array|object, int given
in APPPATH\Controllers\Search\AddToCartController.php on line 116.
 1 APPPATH\Controllers\Search\AddToCartController.php(116): CodeIgniter\Debug\Exceptions->errorHandler(2, 'foreach() argument must be of type array|object, int given', 'C:\\xampp\\htdocs\\Baumalight\\cg\\app\\Controllers\\Search\\AddToCartController.php', 116)
 2 SYSTEMPATH\CodeIgniter.php(934): App\Controllers\Search\AddToCartController->add_to_cart()
 3 SYSTEMPATH\CodeIgniter.php(499): CodeIgniter\CodeIgniter->runController(Object(App\Controllers\Search\AddToCartController))
 4 SYSTEMPATH\CodeIgniter.php(368): CodeIgniter\CodeIgniter->handleRequest(null, Object(Config\Cache), false)
 5 FCPATH\index.php(67): CodeIgniter\CodeIgniter->run()
CRITICAL - 2023-06-29 09:39:41 --> foreach() argument must be of type array|object, int given
in APPPATH\Controllers\Search\AddToCartController.php on line 119.
 1 APPPATH\Controllers\Search\AddToCartController.php(119): CodeIgniter\Debug\Exceptions->errorHandler(2, 'foreach() argument must be of type array|object, int given', 'C:\\xampp\\htdocs\\Baumalight\\cg\\app\\Controllers\\Search\\AddToCartController.php', 119)
 2 SYSTEMPATH\CodeIgniter.php(934): App\Controllers\Search\AddToCartController->add_to_cart()
 3 SYSTEMPATH\CodeIgniter.php(499): CodeIgniter\CodeIgniter->runController(Object(App\Controllers\Search\AddToCartController))
 4 SYSTEMPATH\CodeIgniter.php(368): CodeIgniter\CodeIgniter->handleRequest(null, Object(Config\Cache), false)
 5 FCPATH\index.php(67): CodeIgniter\CodeIgniter->run()
CRITICAL - 2023-06-29 09:40:46 --> Cannot access offset of type string on string
in APPPATH\Controllers\Search\AddToCartController.php on line 122.
 1 SYSTEMPATH\CodeIgniter.php(934): App\Controllers\Search\AddToCartController->add_to_cart()
 2 SYSTEMPATH\CodeIgniter.php(499): CodeIgniter\CodeIgniter->runController(Object(App\Controllers\Search\AddToCartController))
 3 SYSTEMPATH\CodeIgniter.php(368): CodeIgniter\CodeIgniter->handleRequest(null, Object(Config\Cache), false)
 4 FCPATH\index.php(67): CodeIgniter\CodeIgniter->run()
CRITICAL - 2023-06-29 09:41:50 --> Cannot access offset of type string on string
in APPPATH\Controllers\Search\AddToCartController.php on line 123.
 1 SYSTEMPATH\CodeIgniter.php(934): App\Controllers\Search\AddToCartController->add_to_cart()
 2 SYSTEMPATH\CodeIgniter.php(499): CodeIgniter\CodeIgniter->runController(Object(App\Controllers\Search\AddToCartController))
 3 SYSTEMPATH\CodeIgniter.php(368): CodeIgniter\CodeIgniter->handleRequest(null, Object(Config\Cache), false)
 4 FCPATH\index.php(67): CodeIgniter\CodeIgniter->run()
CRITICAL - 2023-06-29 09:46:31 --> Cannot access offset of type string on string
in APPPATH\Controllers\Search\AddToCartController.php on line 121.
 1 SYSTEMPATH\CodeIgniter.php(934): App\Controllers\Search\AddToCartController->add_to_cart()
 2 SYSTEMPATH\CodeIgniter.php(499): CodeIgniter\CodeIgniter->runController(Object(App\Controllers\Search\AddToCartController))
 3 SYSTEMPATH\CodeIgniter.php(368): CodeIgniter\CodeIgniter->handleRequest(null, Object(Config\Cache), false)
 4 FCPATH\index.php(67): CodeIgniter\CodeIgniter->run()
CRITICAL - 2023-06-29 09:47:41 --> Cannot access offset of type string on string
in APPPATH\Controllers\Search\AddToCartController.php on line 121.
 1 SYSTEMPATH\CodeIgniter.php(934): App\Controllers\Search\AddToCartController->add_to_cart()
 2 SYSTEMPATH\CodeIgniter.php(499): CodeIgniter\CodeIgniter->runController(Object(App\Controllers\Search\AddToCartController))
 3 SYSTEMPATH\CodeIgniter.php(368): CodeIgniter\CodeIgniter->handleRequest(null, Object(Config\Cache), false)
 4 FCPATH\index.php(67): CodeIgniter\CodeIgniter->run()
CRITICAL - 2023-06-29 09:53:35 --> Cannot access offset of type string on string
in APPPATH\Controllers\Search\AddToCartController.php on line 121.
 1 SYSTEMPATH\CodeIgniter.php(934): App\Controllers\Search\AddToCartController->add_to_cart()
 2 SYSTEMPATH\CodeIgniter.php(499): CodeIgniter\CodeIgniter->runController(Object(App\Controllers\Search\AddToCartController))
 3 SYSTEMPATH\CodeIgniter.php(368): CodeIgniter\CodeIgniter->handleRequest(null, Object(Config\Cache), false)
 4 FCPATH\index.php(67): CodeIgniter\CodeIgniter->run()
CRITICAL - 2023-06-29 09:55:20 --> Cannot access offset of type string on string
in APPPATH\Controllers\Search\AddToCartController.php on line 122.
 1 SYSTEMPATH\CodeIgniter.php(934): App\Controllers\Search\AddToCartController->add_to_cart()
 2 SYSTEMPATH\CodeIgniter.php(499): CodeIgniter\CodeIgniter->runController(Object(App\Controllers\Search\AddToCartController))
 3 SYSTEMPATH\CodeIgniter.php(368): CodeIgniter\CodeIgniter->handleRequest(null, Object(Config\Cache), false)
 4 FCPATH\index.php(67): CodeIgniter\CodeIgniter->run()
CRITICAL - 2023-06-29 09:56:46 --> Cannot access offset of type string on string
in APPPATH\Controllers\Search\AddToCartController.php on line 123.
 1 SYSTEMPATH\CodeIgniter.php(934): App\Controllers\Search\AddToCartController->add_to_cart()
 2 SYSTEMPATH\CodeIgniter.php(499): CodeIgniter\CodeIgniter->runController(Object(App\Controllers\Search\AddToCartController))
 3 SYSTEMPATH\CodeIgniter.php(368): CodeIgniter\CodeIgniter->handleRequest(null, Object(Config\Cache), false)
 4 FCPATH\index.php(67): CodeIgniter\CodeIgniter->run()
CRITICAL - 2023-06-29 09:57:59 --> Cannot use object of type mysqli as array
in APPPATH\Controllers\Search\AddToCartController.php on line 178.
 1 SYSTEMPATH\CodeIgniter.php(934): App\Controllers\Search\AddToCartController->add_to_cart()
 2 SYSTEMPATH\CodeIgniter.php(499): CodeIgniter\CodeIgniter->runController(Object(App\Controllers\Search\AddToCartController))
 3 SYSTEMPATH\CodeIgniter.php(368): CodeIgniter\CodeIgniter->handleRequest(null, Object(Config\Cache), false)
 4 FCPATH\index.php(67): CodeIgniter\CodeIgniter->run()
CRITICAL - 2023-06-29 10:10:13 --> Cannot access offset of type string on string
in APPPATH\Controllers\Search\AddToCartController.php on line 123.
 1 SYSTEMPATH\CodeIgniter.php(934): App\Controllers\Search\AddToCartController->add_to_cart()
 2 SYSTEMPATH\CodeIgniter.php(499): CodeIgniter\CodeIgniter->runController(Object(App\Controllers\Search\AddToCartController))
 3 SYSTEMPATH\CodeIgniter.php(368): CodeIgniter\CodeIgniter->handleRequest(null, Object(Config\Cache), false)
 4 FCPATH\index.php(67): CodeIgniter\CodeIgniter->run()
CRITICAL - 2023-06-29 10:10:57 --> Call to undefined method CodeIgniter\Database\MySQLi\Result::result_array()
in APPPATH\Controllers\Search\AddToCartController.php on line 115.
 1 SYSTEMPATH\CodeIgniter.php(934): App\Controllers\Search\AddToCartController->add_to_cart()
 2 SYSTEMPATH\CodeIgniter.php(499): CodeIgniter\CodeIgniter->runController(Object(App\Controllers\Search\AddToCartController))
 3 SYSTEMPATH\CodeIgniter.php(368): CodeIgniter\CodeIgniter->handleRequest(null, Object(Config\Cache), false)
 4 FCPATH\index.php(67): CodeIgniter\CodeIgniter->run()
CRITICAL - 2023-06-29 10:11:42 --> Cannot access offset of type string on string
in APPPATH\Controllers\Search\AddToCartController.php on line 123.
 1 SYSTEMPATH\CodeIgniter.php(934): App\Controllers\Search\AddToCartController->add_to_cart()
 2 SYSTEMPATH\CodeIgniter.php(499): CodeIgniter\CodeIgniter->runController(Object(App\Controllers\Search\AddToCartController))
 3 SYSTEMPATH\CodeIgniter.php(368): CodeIgniter\CodeIgniter->handleRequest(null, Object(Config\Cache), false)
 4 FCPATH\index.php(67): CodeIgniter\CodeIgniter->run()
CRITICAL - 2023-06-29 10:17:20 --> Cannot use object of type stdClass as array
in APPPATH\Controllers\Search\AddToCartController.php on line 124.
 1 SYSTEMPATH\CodeIgniter.php(934): App\Controllers\Search\AddToCartController->add_to_cart()
 2 SYSTEMPATH\CodeIgniter.php(499): CodeIgniter\CodeIgniter->runController(Object(App\Controllers\Search\AddToCartController))
 3 SYSTEMPATH\CodeIgniter.php(368): CodeIgniter\CodeIgniter->handleRequest(null, Object(Config\Cache), false)
 4 FCPATH\index.php(67): CodeIgniter\CodeIgniter->run()
CRITICAL - 2023-06-29 10:17:59 --> Cannot use object of type stdClass as array
in APPPATH\Controllers\Search\AddToCartController.php on line 123.
 1 SYSTEMPATH\CodeIgniter.php(934): App\Controllers\Search\AddToCartController->add_to_cart()
 2 SYSTEMPATH\CodeIgniter.php(499): CodeIgniter\CodeIgniter->runController(Object(App\Controllers\Search\AddToCartController))
 3 SYSTEMPATH\CodeIgniter.php(368): CodeIgniter\CodeIgniter->handleRequest(null, Object(Config\Cache), false)
 4 FCPATH\index.php(67): CodeIgniter\CodeIgniter->run()
CRITICAL - 2023-06-29 10:18:53 --> Cannot use object of type stdClass as array
in APPPATH\Controllers\Search\AddToCartController.php on line 126.
 1 SYSTEMPATH\CodeIgniter.php(934): App\Controllers\Search\AddToCartController->add_to_cart()
 2 SYSTEMPATH\CodeIgniter.php(499): CodeIgniter\CodeIgniter->runController(Object(App\Controllers\Search\AddToCartController))
 3 SYSTEMPATH\CodeIgniter.php(368): CodeIgniter\CodeIgniter->handleRequest(null, Object(Config\Cache), false)
 4 FCPATH\index.php(67): CodeIgniter\CodeIgniter->run()
CRITICAL - 2023-06-29 10:21:05 --> Undefined array key "qty"
in APPPATH\Controllers\Search\AddToCartController.php on line 142.
 1 APPPATH\Controllers\Search\AddToCartController.php(142): CodeIgniter\Debug\Exceptions->errorHandler(2, 'Undefined array key "qty"', 'C:\\xampp\\htdocs\\Baumalight\\cg\\app\\Controllers\\Search\\AddToCartController.php', 142)
 2 SYSTEMPATH\CodeIgniter.php(934): App\Controllers\Search\AddToCartController->add_to_cart()
 3 SYSTEMPATH\CodeIgniter.php(499): CodeIgniter\CodeIgniter->runController(Object(App\Controllers\Search\AddToCartController))
 4 SYSTEMPATH\CodeIgniter.php(368): CodeIgniter\CodeIgniter->handleRequest(null, Object(Config\Cache), false)
 5 FCPATH\index.php(67): CodeIgniter\CodeIgniter->run()
CRITICAL - 2023-06-29 10:22:10 --> Cannot use object of type stdClass as array
in APPPATH\Controllers\Search\AddToCartController.php on line 126.
 1 SYSTEMPATH\CodeIgniter.php(934): App\Controllers\Search\AddToCartController->add_to_cart()
 2 SYSTEMPATH\CodeIgniter.php(499): CodeIgniter\CodeIgniter->runController(Object(App\Controllers\Search\AddToCartController))
 3 SYSTEMPATH\CodeIgniter.php(368): CodeIgniter\CodeIgniter->handleRequest(null, Object(Config\Cache), false)
 4 FCPATH\index.php(67): CodeIgniter\CodeIgniter->run()
CRITICAL - 2023-06-29 10:23:10 --> Undefined array key "qty"
in APPPATH\Controllers\Search\AddToCartController.php on line 142.
 1 APPPATH\Controllers\Search\AddToCartController.php(142): CodeIgniter\Debug\Exceptions->errorHandler(2, 'Undefined array key "qty"', 'C:\\xampp\\htdocs\\Baumalight\\cg\\app\\Controllers\\Search\\AddToCartController.php', 142)
 2 SYSTEMPATH\CodeIgniter.php(934): App\Controllers\Search\AddToCartController->add_to_cart()
 3 SYSTEMPATH\CodeIgniter.php(499): CodeIgniter\CodeIgniter->runController(Object(App\Controllers\Search\AddToCartController))
 4 SYSTEMPATH\CodeIgniter.php(368): CodeIgniter\CodeIgniter->handleRequest(null, Object(Config\Cache), false)
 5 FCPATH\index.php(67): CodeIgniter\CodeIgniter->run()
CRITICAL - 2023-06-29 10:31:16 --> Undefined array key "qty"
in APPPATH\Controllers\Search\AddToCartController.php on line 142.
 1 APPPATH\Controllers\Search\AddToCartController.php(142): CodeIgniter\Debug\Exceptions->errorHandler(2, 'Undefined array key "qty"', 'C:\\xampp\\htdocs\\Baumalight\\cg\\app\\Controllers\\Search\\AddToCartController.php', 142)
 2 SYSTEMPATH\CodeIgniter.php(934): App\Controllers\Search\AddToCartController->add_to_cart()
 3 SYSTEMPATH\CodeIgniter.php(499): CodeIgniter\CodeIgniter->runController(Object(App\Controllers\Search\AddToCartController))
 4 SYSTEMPATH\CodeIgniter.php(368): CodeIgniter\CodeIgniter->handleRequest(null, Object(Config\Cache), false)
 5 FCPATH\index.php(67): CodeIgniter\CodeIgniter->run()
CRITICAL - 2023-06-29 10:32:20 --> Undefined array key "qty"
in APPPATH\Controllers\Search\AddToCartController.php on line 141.
 1 APPPATH\Controllers\Search\AddToCartController.php(141): CodeIgniter\Debug\Exceptions->errorHandler(2, 'Undefined array key "qty"', 'C:\\xampp\\htdocs\\Baumalight\\cg\\app\\Controllers\\Search\\AddToCartController.php', 141)
 2 SYSTEMPATH\CodeIgniter.php(934): App\Controllers\Search\AddToCartController->add_to_cart()
 3 SYSTEMPATH\CodeIgniter.php(499): CodeIgniter\CodeIgniter->runController(Object(App\Controllers\Search\AddToCartController))
 4 SYSTEMPATH\CodeIgniter.php(368): CodeIgniter\CodeIgniter->handleRequest(null, Object(Config\Cache), false)
 5 FCPATH\index.php(67): CodeIgniter\CodeIgniter->run()
CRITICAL - 2023-06-29 10:36:25 --> Undefined array key "qty"
in APPPATH\Controllers\Search\AddToCartController.php on line 138.
 1 APPPATH\Controllers\Search\AddToCartController.php(138): CodeIgniter\Debug\Exceptions->errorHandler(2, 'Undefined array key "qty"', 'C:\\xampp\\htdocs\\Baumalight\\cg\\app\\Controllers\\Search\\AddToCartController.php', 138)
 2 SYSTEMPATH\CodeIgniter.php(934): App\Controllers\Search\AddToCartController->add_to_cart()
 3 SYSTEMPATH\CodeIgniter.php(499): CodeIgniter\CodeIgniter->runController(Object(App\Controllers\Search\AddToCartController))
 4 SYSTEMPATH\CodeIgniter.php(368): CodeIgniter\CodeIgniter->handleRequest(null, Object(Config\Cache), false)
 5 FCPATH\index.php(67): CodeIgniter\CodeIgniter->run()
CRITICAL - 2023-06-29 10:42:57 --> Cannot use object of type mysqli as array
in APPPATH\Controllers\Search\AddToCartController.php on line 180.
 1 SYSTEMPATH\CodeIgniter.php(934): App\Controllers\Search\AddToCartController->add_to_cart()
 2 SYSTEMPATH\CodeIgniter.php(499): CodeIgniter\CodeIgniter->runController(Object(App\Controllers\Search\AddToCartController))
 3 SYSTEMPATH\CodeIgniter.php(368): CodeIgniter\CodeIgniter->handleRequest(null, Object(Config\Cache), false)
 4 FCPATH\index.php(67): CodeIgniter\CodeIgniter->run()
CRITICAL - 2023-06-29 10:43:17 --> Cannot use object of type mysqli as array
in APPPATH\Controllers\Search\AddToCartController.php on line 180.
 1 SYSTEMPATH\CodeIgniter.php(934): App\Controllers\Search\AddToCartController->add_to_cart()
 2 SYSTEMPATH\CodeIgniter.php(499): CodeIgniter\CodeIgniter->runController(Object(App\Controllers\Search\AddToCartController))
 3 SYSTEMPATH\CodeIgniter.php(368): CodeIgniter\CodeIgniter->handleRequest(null, Object(Config\Cache), false)
 4 FCPATH\index.php(67): CodeIgniter\CodeIgniter->run()
CRITICAL - 2023-06-29 11:11:12 --> Call to undefined method CodeIgniter\Database\MySQLi\PreparedQuery::getInsertID()
in APPPATH\Models\Search\AddToCart.php on line 92.
 1 APPPATH\Controllers\Search\AddToCartController.php(236): App\Models\Search\AddToCart->insert_product_cart_on_index_1('TEST2', 'TRL620D', 'Tracked Radial lift  Mini Skidsteer with 24 Hp Kubota Diesel', '43184', '1', 34547.2, 34547.2, 'usd', 34547.2, '11.68', '1', 4035.11296, 4035.11296, 1, '0')
 2 SYSTEMPATH\CodeIgniter.php(934): App\Controllers\Search\AddToCartController->add_to_cart()
 3 SYSTEMPATH\CodeIgniter.php(499): CodeIgniter\CodeIgniter->runController(Object(App\Controllers\Search\AddToCartController))
 4 SYSTEMPATH\CodeIgniter.php(368): CodeIgniter\CodeIgniter->handleRequest(null, Object(Config\Cache), false)
 5 FCPATH\index.php(67): CodeIgniter\CodeIgniter->run()
CRITICAL - 2023-06-29 11:11:47 --> Call to a member function getInsertID() on bool
in APPPATH\Models\Search\AddToCart.php on line 92.
 1 APPPATH\Controllers\Search\AddToCartController.php(236): App\Models\Search\AddToCart->insert_product_cart_on_index_1('TEST2', 'TRL620D', 'Tracked Radial lift  Mini Skidsteer with 24 Hp Kubota Diesel', '43184', '1', 34547.2, 34547.2, 'usd', 34547.2, '11.68', '1', 4035.11296, 4035.11296, 1, '0')
 2 SYSTEMPATH\CodeIgniter.php(934): App\Controllers\Search\AddToCartController->add_to_cart()
 3 SYSTEMPATH\CodeIgniter.php(499): CodeIgniter\CodeIgniter->runController(Object(App\Controllers\Search\AddToCartController))
 4 SYSTEMPATH\CodeIgniter.php(368): CodeIgniter\CodeIgniter->handleRequest(null, Object(Config\Cache), false)
 5 FCPATH\index.php(67): CodeIgniter\CodeIgniter->run()
CRITICAL - 2023-06-29 11:36:21 --> Object of class CodeIgniter\Database\MySQLi\Connection could not be converted to string
in APPPATH\Controllers\Search\AddToCartController.php on line 237.
 1 SYSTEMPATH\CodeIgniter.php(934): App\Controllers\Search\AddToCartController->add_to_cart()
 2 SYSTEMPATH\CodeIgniter.php(499): CodeIgniter\CodeIgniter->runController(Object(App\Controllers\Search\AddToCartController))
 3 SYSTEMPATH\CodeIgniter.php(368): CodeIgniter\CodeIgniter->handleRequest(null, Object(Config\Cache), false)
 4 FCPATH\index.php(67): CodeIgniter\CodeIgniter->run()
CRITICAL - 2023-06-29 12:53:22 --> Call to a member function getNumRows() on array
in APPPATH\Controllers\Search\CartAppendController.php on line 46.
 1 SYSTEMPATH\CodeIgniter.php(934): App\Controllers\Search\CartAppendController->cart_append()
 2 SYSTEMPATH\CodeIgniter.php(499): CodeIgniter\CodeIgniter->runController(Object(App\Controllers\Search\CartAppendController))
 3 SYSTEMPATH\CodeIgniter.php(368): CodeIgniter\CodeIgniter->handleRequest(null, Object(Config\Cache), false)
 4 FCPATH\index.php(67): CodeIgniter\CodeIgniter->run()
CRITICAL - 2023-06-29 12:53:42 --> Call to a member function getNumRows() on array
in APPPATH\Controllers\Search\CartAppendController.php on line 46.
 1 SYSTEMPATH\CodeIgniter.php(934): App\Controllers\Search\CartAppendController->cart_append()
 2 SYSTEMPATH\CodeIgniter.php(499): CodeIgniter\CodeIgniter->runController(Object(App\Controllers\Search\CartAppendController))
 3 SYSTEMPATH\CodeIgniter.php(368): CodeIgniter\CodeIgniter->handleRequest(null, Object(Config\Cache), false)
 4 FCPATH\index.php(67): CodeIgniter\CodeIgniter->run()
CRITICAL - 2023-06-29 12:54:17 --> Call to a member function getNumRows() on array
in APPPATH\Controllers\Search\CartAppendController.php on line 46.
 1 SYSTEMPATH\CodeIgniter.php(934): App\Controllers\Search\CartAppendController->cart_append()
 2 SYSTEMPATH\CodeIgniter.php(499): CodeIgniter\CodeIgniter->runController(Object(App\Controllers\Search\CartAppendController))
 3 SYSTEMPATH\CodeIgniter.php(368): CodeIgniter\CodeIgniter->handleRequest(null, Object(Config\Cache), false)
 4 FCPATH\index.php(67): CodeIgniter\CodeIgniter->run()
CRITICAL - 2023-06-29 12:54:33 --> Call to a member function getNumRows() on array
in APPPATH\Controllers\Search\CartAppendController.php on line 46.
 1 SYSTEMPATH\CodeIgniter.php(934): App\Controllers\Search\CartAppendController->cart_append()
 2 SYSTEMPATH\CodeIgniter.php(499): CodeIgniter\CodeIgniter->runController(Object(App\Controllers\Search\CartAppendController))
 3 SYSTEMPATH\CodeIgniter.php(368): CodeIgniter\CodeIgniter->handleRequest(null, Object(Config\Cache), false)
 4 FCPATH\index.php(67): CodeIgniter\CodeIgniter->run()
CRITICAL - 2023-06-29 12:54:52 --> Call to a member function getNumRows() on array
in APPPATH\Controllers\Search\CartAppendController.php on line 46.
 1 SYSTEMPATH\CodeIgniter.php(934): App\Controllers\Search\CartAppendController->cart_append()
 2 SYSTEMPATH\CodeIgniter.php(499): CodeIgniter\CodeIgniter->runController(Object(App\Controllers\Search\CartAppendController))
 3 SYSTEMPATH\CodeIgniter.php(368): CodeIgniter\CodeIgniter->handleRequest(null, Object(Config\Cache), false)
 4 FCPATH\index.php(67): CodeIgniter\CodeIgniter->run()
CRITICAL - 2023-06-29 12:56:40 --> Call to a member function getNumRows() on array
in APPPATH\Controllers\Search\CartAppendController.php on line 45.
 1 SYSTEMPATH\CodeIgniter.php(934): App\Controllers\Search\CartAppendController->cart_append()
 2 SYSTEMPATH\CodeIgniter.php(499): CodeIgniter\CodeIgniter->runController(Object(App\Controllers\Search\CartAppendController))
 3 SYSTEMPATH\CodeIgniter.php(368): CodeIgniter\CodeIgniter->handleRequest(null, Object(Config\Cache), false)
 4 FCPATH\index.php(67): CodeIgniter\CodeIgniter->run()
CRITICAL - 2023-06-29 12:56:51 --> Call to a member function getNumRows() on array
in APPPATH\Controllers\Search\CartAppendController.php on line 45.
 1 SYSTEMPATH\CodeIgniter.php(934): App\Controllers\Search\CartAppendController->cart_append()
 2 SYSTEMPATH\CodeIgniter.php(499): CodeIgniter\CodeIgniter->runController(Object(App\Controllers\Search\CartAppendController))
 3 SYSTEMPATH\CodeIgniter.php(368): CodeIgniter\CodeIgniter->handleRequest(null, Object(Config\Cache), false)
 4 FCPATH\index.php(67): CodeIgniter\CodeIgniter->run()
