CRITICAL - 2023-07-03 04:10:54 --> Undefined array key "a"
in APPPATH\Controllers\Cart\ShippingAddressController.php on line 61.
 1 APPPATH\Controllers\Cart\ShippingAddressController.php(61): CodeIgniter\Debug\Exceptions->errorHandler(2, 'Undefined array key "a"', 'C:\\xampp\\htdocs\\Baumalight\\cg\\app\\Controllers\\Cart\\ShippingAddressController.php', 61)
 2 SYSTEMPATH\CodeIgniter.php(934): App\Controllers\Cart\ShippingAddressController->get_ship_address_info()
 3 SYSTEMPATH\CodeIgniter.php(499): CodeIgniter\CodeIgniter->runController(Object(App\Controllers\Cart\ShippingAddressController))
 4 SYSTEMPATH\CodeIgniter.php(368): CodeIgniter\CodeIgniter->handleRequest(null, Object(Config\Cache), false)
 5 FCPATH\index.php(67): CodeIgniter\CodeIgniter->run()
CRITICAL - 2023-07-03 04:40:24 --> Undefined array key "a"
in APPPATH\Controllers\Cart\ShippingAddressController.php on line 61.
 1 APPPATH\Controllers\Cart\ShippingAddressController.php(61): CodeIgniter\Debug\Exceptions->errorHandler(2, 'Undefined array key "a"', 'C:\\xampp\\htdocs\\Baumalight\\cg\\app\\Controllers\\Cart\\ShippingAddressController.php', 61)
 2 SYSTEMPATH\CodeIgniter.php(934): App\Controllers\Cart\ShippingAddressController->get_ship_address_info()
 3 SYSTEMPATH\CodeIgniter.php(499): CodeIgniter\CodeIgniter->runController(Object(App\Controllers\Cart\ShippingAddressController))
 4 SYSTEMPATH\CodeIgniter.php(368): CodeIgniter\CodeIgniter->handleRequest(null, Object(Config\Cache), false)
 5 FCPATH\index.php(67): CodeIgniter\CodeIgniter->run()
CRITICAL - 2023-07-03 04:49:25 --> Undefined array key "a"
in APPPATH\Controllers\Cart\ShippingAddressController.php on line 61.
 1 APPPATH\Controllers\Cart\ShippingAddressController.php(61): CodeIgniter\Debug\Exceptions->errorHandler(2, 'Undefined array key "a"', 'C:\\xampp\\htdocs\\Baumalight\\cg\\app\\Controllers\\Cart\\ShippingAddressController.php', 61)
 2 SYSTEMPATH\CodeIgniter.php(934): App\Controllers\Cart\ShippingAddressController->get_ship_address_info()
 3 SYSTEMPATH\CodeIgniter.php(499): CodeIgniter\CodeIgniter->runController(Object(App\Controllers\Cart\ShippingAddressController))
 4 SYSTEMPATH\CodeIgniter.php(368): CodeIgniter\CodeIgniter->handleRequest(null, Object(Config\Cache), false)
 5 FCPATH\index.php(67): CodeIgniter\CodeIgniter->run()
CRITICAL - 2023-07-03 04:49:33 --> Undefined array key "a"
in APPPATH\Controllers\Cart\ShippingAddressController.php on line 61.
 1 APPPATH\Controllers\Cart\ShippingAddressController.php(61): CodeIgniter\Debug\Exceptions->errorHandler(2, 'Undefined array key "a"', 'C:\\xampp\\htdocs\\Baumalight\\cg\\app\\Controllers\\Cart\\ShippingAddressController.php', 61)
 2 SYSTEMPATH\CodeIgniter.php(934): App\Controllers\Cart\ShippingAddressController->get_ship_address_info()
 3 SYSTEMPATH\CodeIgniter.php(499): CodeIgniter\CodeIgniter->runController(Object(App\Controllers\Cart\ShippingAddressController))
 4 SYSTEMPATH\CodeIgniter.php(368): CodeIgniter\CodeIgniter->handleRequest(null, Object(Config\Cache), false)
 5 FCPATH\index.php(67): CodeIgniter\CodeIgniter->run()
CRITICAL - 2023-07-03 04:49:40 --> Undefined array key "a"
in APPPATH\Controllers\Cart\ShippingAddressController.php on line 61.
 1 APPPATH\Controllers\Cart\ShippingAddressController.php(61): CodeIgniter\Debug\Exceptions->errorHandler(2, 'Undefined array key "a"', 'C:\\xampp\\htdocs\\Baumalight\\cg\\app\\Controllers\\Cart\\ShippingAddressController.php', 61)
 2 SYSTEMPATH\CodeIgniter.php(934): App\Controllers\Cart\ShippingAddressController->get_ship_address_info()
 3 SYSTEMPATH\CodeIgniter.php(499): CodeIgniter\CodeIgniter->runController(Object(App\Controllers\Cart\ShippingAddressController))
 4 SYSTEMPATH\CodeIgniter.php(368): CodeIgniter\CodeIgniter->handleRequest(null, Object(Config\Cache), false)
 5 FCPATH\index.php(67): CodeIgniter\CodeIgniter->run()
CRITICAL - 2023-07-03 04:50:40 --> Undefined array key "a"
in APPPATH\Controllers\Cart\ShippingAddressController.php on line 61.
 1 APPPATH\Controllers\Cart\ShippingAddressController.php(61): CodeIgniter\Debug\Exceptions->errorHandler(2, 'Undefined array key "a"', 'C:\\xampp\\htdocs\\Baumalight\\cg\\app\\Controllers\\Cart\\ShippingAddressController.php', 61)
 2 SYSTEMPATH\CodeIgniter.php(934): App\Controllers\Cart\ShippingAddressController->get_ship_address_info()
 3 SYSTEMPATH\CodeIgniter.php(499): CodeIgniter\CodeIgniter->runController(Object(App\Controllers\Cart\ShippingAddressController))
 4 SYSTEMPATH\CodeIgniter.php(368): CodeIgniter\CodeIgniter->handleRequest(null, Object(Config\Cache), false)
 5 FCPATH\index.php(67): CodeIgniter\CodeIgniter->run()
CRITICAL - 2023-07-03 04:50:47 --> Undefined array key "a"
in APPPATH\Controllers\Cart\ShippingAddressController.php on line 61.
 1 APPPATH\Controllers\Cart\ShippingAddressController.php(61): CodeIgniter\Debug\Exceptions->errorHandler(2, 'Undefined array key "a"', 'C:\\xampp\\htdocs\\Baumalight\\cg\\app\\Controllers\\Cart\\ShippingAddressController.php', 61)
 2 SYSTEMPATH\CodeIgniter.php(934): App\Controllers\Cart\ShippingAddressController->get_ship_address_info()
 3 SYSTEMPATH\CodeIgniter.php(499): CodeIgniter\CodeIgniter->runController(Object(App\Controllers\Cart\ShippingAddressController))
 4 SYSTEMPATH\CodeIgniter.php(368): CodeIgniter\CodeIgniter->handleRequest(null, Object(Config\Cache), false)
 5 FCPATH\index.php(67): CodeIgniter\CodeIgniter->run()
CRITICAL - 2023-07-03 04:51:33 --> Undefined array key "a"
in APPPATH\Controllers\Cart\ShippingAddressController.php on line 61.
 1 APPPATH\Controllers\Cart\ShippingAddressController.php(61): CodeIgniter\Debug\Exceptions->errorHandler(2, 'Undefined array key "a"', 'C:\\xampp\\htdocs\\Baumalight\\cg\\app\\Controllers\\Cart\\ShippingAddressController.php', 61)
 2 SYSTEMPATH\CodeIgniter.php(934): App\Controllers\Cart\ShippingAddressController->get_ship_address_info()
 3 SYSTEMPATH\CodeIgniter.php(499): CodeIgniter\CodeIgniter->runController(Object(App\Controllers\Cart\ShippingAddressController))
 4 SYSTEMPATH\CodeIgniter.php(368): CodeIgniter\CodeIgniter->handleRequest(null, Object(Config\Cache), false)
 5 FCPATH\index.php(67): CodeIgniter\CodeIgniter->run()
CRITICAL - 2023-07-03 04:52:04 --> Undefined array key "a"
in APPPATH\Controllers\Cart\ShippingAddressController.php on line 61.
 1 APPPATH\Controllers\Cart\ShippingAddressController.php(61): CodeIgniter\Debug\Exceptions->errorHandler(2, 'Undefined array key "a"', 'C:\\xampp\\htdocs\\Baumalight\\cg\\app\\Controllers\\Cart\\ShippingAddressController.php', 61)
 2 SYSTEMPATH\CodeIgniter.php(934): App\Controllers\Cart\ShippingAddressController->get_ship_address_info()
 3 SYSTEMPATH\CodeIgniter.php(499): CodeIgniter\CodeIgniter->runController(Object(App\Controllers\Cart\ShippingAddressController))
 4 SYSTEMPATH\CodeIgniter.php(368): CodeIgniter\CodeIgniter->handleRequest(null, Object(Config\Cache), false)
 5 FCPATH\index.php(67): CodeIgniter\CodeIgniter->run()
CRITICAL - 2023-07-03 04:52:14 --> Undefined array key "a"
in APPPATH\Controllers\Cart\ShippingAddressController.php on line 61.
 1 APPPATH\Controllers\Cart\ShippingAddressController.php(61): CodeIgniter\Debug\Exceptions->errorHandler(2, 'Undefined array key "a"', 'C:\\xampp\\htdocs\\Baumalight\\cg\\app\\Controllers\\Cart\\ShippingAddressController.php', 61)
 2 SYSTEMPATH\CodeIgniter.php(934): App\Controllers\Cart\ShippingAddressController->get_ship_address_info()
 3 SYSTEMPATH\CodeIgniter.php(499): CodeIgniter\CodeIgniter->runController(Object(App\Controllers\Cart\ShippingAddressController))
 4 SYSTEMPATH\CodeIgniter.php(368): CodeIgniter\CodeIgniter->handleRequest(null, Object(Config\Cache), false)
 5 FCPATH\index.php(67): CodeIgniter\CodeIgniter->run()
CRITICAL - 2023-07-03 05:29:09 --> Undefined array key "new_addr_po_number"
in APPPATH\Controllers\Cart\SaveCartAddressController.php on line 23.
 1 APPPATH\Controllers\Cart\SaveCartAddressController.php(23): CodeIgniter\Debug\Exceptions->errorHandler(2, 'Undefined array key "new_addr_po_number"', 'C:\\xampp\\htdocs\\Baumalight\\cg\\app\\Controllers\\Cart\\SaveCartAddressController.php', 23)
 2 SYSTEMPATH\CodeIgniter.php(934): App\Controllers\Cart\SaveCartAddressController->save_cart_address()
 3 SYSTEMPATH\CodeIgniter.php(499): CodeIgniter\CodeIgniter->runController(Object(App\Controllers\Cart\SaveCartAddressController))
 4 SYSTEMPATH\CodeIgniter.php(368): CodeIgniter\CodeIgniter->handleRequest(null, Object(Config\Cache), false)
 5 FCPATH\index.php(67): CodeIgniter\CodeIgniter->run()
CRITICAL - 2023-07-03 05:29:10 --> Undefined array key "new_addr_po_number"
in APPPATH\Controllers\Cart\SaveCartAddressController.php on line 23.
 1 APPPATH\Controllers\Cart\SaveCartAddressController.php(23): CodeIgniter\Debug\Exceptions->errorHandler(2, 'Undefined array key "new_addr_po_number"', 'C:\\xampp\\htdocs\\Baumalight\\cg\\app\\Controllers\\Cart\\SaveCartAddressController.php', 23)
 2 SYSTEMPATH\CodeIgniter.php(934): App\Controllers\Cart\SaveCartAddressController->save_cart_address()
 3 SYSTEMPATH\CodeIgniter.php(499): CodeIgniter\CodeIgniter->runController(Object(App\Controllers\Cart\SaveCartAddressController))
 4 SYSTEMPATH\CodeIgniter.php(368): CodeIgniter\CodeIgniter->handleRequest(null, Object(Config\Cache), false)
 5 FCPATH\index.php(67): CodeIgniter\CodeIgniter->run()
CRITICAL - 2023-07-03 05:29:11 --> Undefined array key "new_addr_po_number"
in APPPATH\Controllers\Cart\SaveCartAddressController.php on line 23.
 1 APPPATH\Controllers\Cart\SaveCartAddressController.php(23): CodeIgniter\Debug\Exceptions->errorHandler(2, 'Undefined array key "new_addr_po_number"', 'C:\\xampp\\htdocs\\Baumalight\\cg\\app\\Controllers\\Cart\\SaveCartAddressController.php', 23)
 2 SYSTEMPATH\CodeIgniter.php(934): App\Controllers\Cart\SaveCartAddressController->save_cart_address()
 3 SYSTEMPATH\CodeIgniter.php(499): CodeIgniter\CodeIgniter->runController(Object(App\Controllers\Cart\SaveCartAddressController))
 4 SYSTEMPATH\CodeIgniter.php(368): CodeIgniter\CodeIgniter->handleRequest(null, Object(Config\Cache), false)
 5 FCPATH\index.php(67): CodeIgniter\CodeIgniter->run()
CRITICAL - 2023-07-03 05:29:15 --> Undefined array key "new_addr_po_number"
in APPPATH\Controllers\Cart\SaveCartAddressController.php on line 23.
 1 APPPATH\Controllers\Cart\SaveCartAddressController.php(23): CodeIgniter\Debug\Exceptions->errorHandler(2, 'Undefined array key "new_addr_po_number"', 'C:\\xampp\\htdocs\\Baumalight\\cg\\app\\Controllers\\Cart\\SaveCartAddressController.php', 23)
 2 SYSTEMPATH\CodeIgniter.php(934): App\Controllers\Cart\SaveCartAddressController->save_cart_address()
 3 SYSTEMPATH\CodeIgniter.php(499): CodeIgniter\CodeIgniter->runController(Object(App\Controllers\Cart\SaveCartAddressController))
 4 SYSTEMPATH\CodeIgniter.php(368): CodeIgniter\CodeIgniter->handleRequest(null, Object(Config\Cache), false)
 5 FCPATH\index.php(67): CodeIgniter\CodeIgniter->run()
CRITICAL - 2023-07-03 05:29:58 --> Undefined array key "note"
in APPPATH\Controllers\Cart\SaveCartAddressController.php on line 33.
 1 APPPATH\Controllers\Cart\SaveCartAddressController.php(33): CodeIgniter\Debug\Exceptions->errorHandler(2, 'Undefined array key "note"', 'C:\\xampp\\htdocs\\Baumalight\\cg\\app\\Controllers\\Cart\\SaveCartAddressController.php', 33)
 2 SYSTEMPATH\CodeIgniter.php(934): App\Controllers\Cart\SaveCartAddressController->save_cart_address()
 3 SYSTEMPATH\CodeIgniter.php(499): CodeIgniter\CodeIgniter->runController(Object(App\Controllers\Cart\SaveCartAddressController))
 4 SYSTEMPATH\CodeIgniter.php(368): CodeIgniter\CodeIgniter->handleRequest(null, Object(Config\Cache), false)
 5 FCPATH\index.php(67): CodeIgniter\CodeIgniter->run()
CRITICAL - 2023-07-03 05:34:36 --> Undefined array key "note"
in APPPATH\Controllers\Cart\SaveCartAddressController.php on line 33.
 1 APPPATH\Controllers\Cart\SaveCartAddressController.php(33): CodeIgniter\Debug\Exceptions->errorHandler(2, 'Undefined array key "note"', 'C:\\xampp\\htdocs\\Baumalight\\cg\\app\\Controllers\\Cart\\SaveCartAddressController.php', 33)
 2 SYSTEMPATH\CodeIgniter.php(934): App\Controllers\Cart\SaveCartAddressController->save_cart_address()
 3 SYSTEMPATH\CodeIgniter.php(499): CodeIgniter\CodeIgniter->runController(Object(App\Controllers\Cart\SaveCartAddressController))
 4 SYSTEMPATH\CodeIgniter.php(368): CodeIgniter\CodeIgniter->handleRequest(null, Object(Config\Cache), false)
 5 FCPATH\index.php(67): CodeIgniter\CodeIgniter->run()
CRITICAL - 2023-07-03 05:41:01 --> Undefined variable $address_1
in APPPATH\Models\Cart\SaveCartAddress.php on line 34.
 1 APPPATH\Models\Cart\SaveCartAddress.php(34): CodeIgniter\Debug\Exceptions->errorHandler(2, 'Undefined variable $address_1', 'C:\\xampp\\htdocs\\Baumalight\\cg\\app\\Models\\Cart\\SaveCartAddress.php', 34)
 2 APPPATH\Controllers\Cart\SaveCartAddressController.php(35): App\Models\Cart\SaveCartAddress->insert_shipping_address_request('TEST2', 'SUSHMA', 'N', '', '', '', '', '', '', '', '', '', '', 'testpooo')
 3 SYSTEMPATH\CodeIgniter.php(934): App\Controllers\Cart\SaveCartAddressController->save_cart_address()
 4 SYSTEMPATH\CodeIgniter.php(499): CodeIgniter\CodeIgniter->runController(Object(App\Controllers\Cart\SaveCartAddressController))
 5 SYSTEMPATH\CodeIgniter.php(368): CodeIgniter\CodeIgniter->handleRequest(null, Object(Config\Cache), false)
 6 FCPATH\index.php(67): CodeIgniter\CodeIgniter->run()
CRITICAL - 2023-07-03 05:43:12 --> Too few arguments to function App\Models\Cart\SaveCartAddress::insert_shipping_address_request(), 1 passed in C:\xampp\htdocs\Baumalight\cg\app\Controllers\Cart\SaveCartAddressController.php on line 35 and exactly 14 expected
in APPPATH\Models\Cart\SaveCartAddress.php on line 9.
 1 APPPATH\Controllers\Cart\SaveCartAddressController.php(35): App\Models\Cart\SaveCartAddress->insert_shipping_address_request('TEST2')
 2 SYSTEMPATH\CodeIgniter.php(934): App\Controllers\Cart\SaveCartAddressController->save_cart_address()
 3 SYSTEMPATH\CodeIgniter.php(499): CodeIgniter\CodeIgniter->runController(Object(App\Controllers\Cart\SaveCartAddressController))
 4 SYSTEMPATH\CodeIgniter.php(368): CodeIgniter\CodeIgniter->handleRequest(null, Object(Config\Cache), false)
 5 FCPATH\index.php(67): CodeIgniter\CodeIgniter->run()
CRITICAL - 2023-07-03 05:46:28 --> Undefined variable $db
in APPPATH\Models\Cart\SaveCartAddress.php on line 11.
 1 APPPATH\Models\Cart\SaveCartAddress.php(11): CodeIgniter\Debug\Exceptions->errorHandler(2, 'Undefined variable $db', 'C:\\xampp\\htdocs\\Baumalight\\cg\\app\\Models\\Cart\\SaveCartAddress.php', 11)
 2 APPPATH\Controllers\Cart\SaveCartAddressController.php(35): App\Models\Cart\SaveCartAddress->insert_shipping_address_request('TEST2', 'SUSHMA', 'N', 'testpooo', '', '', '', '', '', '', '', '', '', '')
 3 SYSTEMPATH\CodeIgniter.php(934): App\Controllers\Cart\SaveCartAddressController->save_cart_address()
 4 SYSTEMPATH\CodeIgniter.php(499): CodeIgniter\CodeIgniter->runController(Object(App\Controllers\Cart\SaveCartAddressController))
 5 SYSTEMPATH\CodeIgniter.php(368): CodeIgniter\CodeIgniter->handleRequest(null, Object(Config\Cache), false)
 6 FCPATH\index.php(67): CodeIgniter\CodeIgniter->run()
CRITICAL - 2023-07-03 05:47:33 --> Call to undefined function App\Models\Cart\int()
in APPPATH\Models\Cart\SaveCartAddress.php on line 31.
 1 APPPATH\Controllers\Cart\SaveCartAddressController.php(35): App\Models\Cart\SaveCartAddress->insert_shipping_address_request('TEST2', 'SUSHMA', 'N', 'testpooo', '', '', '', '', '', '', '', '', '', '')
 2 SYSTEMPATH\CodeIgniter.php(934): App\Controllers\Cart\SaveCartAddressController->save_cart_address()
 3 SYSTEMPATH\CodeIgniter.php(499): CodeIgniter\CodeIgniter->runController(Object(App\Controllers\Cart\SaveCartAddressController))
 4 SYSTEMPATH\CodeIgniter.php(368): CodeIgniter\CodeIgniter->handleRequest(null, Object(Config\Cache), false)
 5 FCPATH\index.php(67): CodeIgniter\CodeIgniter->run()
CRITICAL - 2023-07-03 05:50:45 --> syntax error, unexpected variable "$flag", expecting "function" or "const"
in APPPATH\Models\Cart\SaveCartAddress.php on line 9.
 1 SYSTEMPATH\Autoloader\Autoloader.php(289): CodeIgniter\Autoloader\Autoloader->includeFile('C:\\xampp\\htdocs\\Baumalight\\cg\\app\\Models\\Cart\\SaveCartAddress.php')
 2 SYSTEMPATH\Autoloader\Autoloader.php(267): CodeIgniter\Autoloader\Autoloader->loadInNamespace('App\\Models\\Cart\\SaveCartAddress')
 3 APPPATH\Controllers\Cart\SaveCartAddressController.php(12): CodeIgniter\Autoloader\Autoloader->loadClass('App\\Models\\Cart\\SaveCartAddress')
 4 SYSTEMPATH\CodeIgniter.php(906): App\Controllers\Cart\SaveCartAddressController->__construct()
 5 SYSTEMPATH\CodeIgniter.php(490): CodeIgniter\CodeIgniter->createController()
 6 SYSTEMPATH\CodeIgniter.php(368): CodeIgniter\CodeIgniter->handleRequest(null, Object(Config\Cache), false)
 7 FCPATH\index.php(67): CodeIgniter\CodeIgniter->run()
CRITICAL - 2023-07-03 05:56:19 --> Undefined variable $address1
in APPPATH\Controllers\Cart\SaveCartAddressController.php on line 46.
 1 APPPATH\Controllers\Cart\SaveCartAddressController.php(46): CodeIgniter\Debug\Exceptions->errorHandler(2, 'Undefined variable $address1', 'C:\\xampp\\htdocs\\Baumalight\\cg\\app\\Controllers\\Cart\\SaveCartAddressController.php', 46)
 2 SYSTEMPATH\CodeIgniter.php(934): App\Controllers\Cart\SaveCartAddressController->save_cart_address()
 3 SYSTEMPATH\CodeIgniter.php(499): CodeIgniter\CodeIgniter->runController(Object(App\Controllers\Cart\SaveCartAddressController))
 4 SYSTEMPATH\CodeIgniter.php(368): CodeIgniter\CodeIgniter->handleRequest(null, Object(Config\Cache), false)
 5 FCPATH\index.php(67): CodeIgniter\CodeIgniter->run()
CRITICAL - 2023-07-03 06:17:02 --> Undefined variable $ms
in APPPATH\Controllers\Cart\SaveCartAddressController.php on line 68.
 1 APPPATH\Controllers\Cart\SaveCartAddressController.php(68): CodeIgniter\Debug\Exceptions->errorHandler(2, 'Undefined variable $ms', 'C:\\xampp\\htdocs\\Baumalight\\cg\\app\\Controllers\\Cart\\SaveCartAddressController.php', 68)
 2 SYSTEMPATH\CodeIgniter.php(934): App\Controllers\Cart\SaveCartAddressController->save_cart_address()
 3 SYSTEMPATH\CodeIgniter.php(499): CodeIgniter\CodeIgniter->runController(Object(App\Controllers\Cart\SaveCartAddressController))
 4 SYSTEMPATH\CodeIgniter.php(368): CodeIgniter\CodeIgniter->handleRequest(null, Object(Config\Cache), false)
 5 FCPATH\index.php(67): CodeIgniter\CodeIgniter->run()
CRITICAL - 2023-07-03 06:17:47 --> Undefined variable $ms
in APPPATH\Controllers\Cart\SaveCartAddressController.php on line 69.
 1 APPPATH\Controllers\Cart\SaveCartAddressController.php(69): CodeIgniter\Debug\Exceptions->errorHandler(2, 'Undefined variable $ms', 'C:\\xampp\\htdocs\\Baumalight\\cg\\app\\Controllers\\Cart\\SaveCartAddressController.php', 69)
 2 SYSTEMPATH\CodeIgniter.php(934): App\Controllers\Cart\SaveCartAddressController->save_cart_address()
 3 SYSTEMPATH\CodeIgniter.php(499): CodeIgniter\CodeIgniter->runController(Object(App\Controllers\Cart\SaveCartAddressController))
 4 SYSTEMPATH\CodeIgniter.php(368): CodeIgniter\CodeIgniter->handleRequest(null, Object(Config\Cache), false)
 5 FCPATH\index.php(67): CodeIgniter\CodeIgniter->run()
CRITICAL - 2023-07-03 06:18:29 --> Undefined variable $ms
in APPPATH\Controllers\Cart\SaveCartAddressController.php on line 69.
 1 APPPATH\Controllers\Cart\SaveCartAddressController.php(69): CodeIgniter\Debug\Exceptions->errorHandler(2, 'Undefined variable $ms', 'C:\\xampp\\htdocs\\Baumalight\\cg\\app\\Controllers\\Cart\\SaveCartAddressController.php', 69)
 2 SYSTEMPATH\CodeIgniter.php(934): App\Controllers\Cart\SaveCartAddressController->save_cart_address()
 3 SYSTEMPATH\CodeIgniter.php(499): CodeIgniter\CodeIgniter->runController(Object(App\Controllers\Cart\SaveCartAddressController))
 4 SYSTEMPATH\CodeIgniter.php(368): CodeIgniter\CodeIgniter->handleRequest(null, Object(Config\Cache), false)
 5 FCPATH\index.php(67): CodeIgniter\CodeIgniter->run()
CRITICAL - 2023-07-03 06:19:02 --> Undefined variable $ms
in APPPATH\Controllers\Cart\SaveCartAddressController.php on line 70.
 1 APPPATH\Controllers\Cart\SaveCartAddressController.php(70): CodeIgniter\Debug\Exceptions->errorHandler(2, 'Undefined variable $ms', 'C:\\xampp\\htdocs\\Baumalight\\cg\\app\\Controllers\\Cart\\SaveCartAddressController.php', 70)
 2 SYSTEMPATH\CodeIgniter.php(934): App\Controllers\Cart\SaveCartAddressController->save_cart_address()
 3 SYSTEMPATH\CodeIgniter.php(499): CodeIgniter\CodeIgniter->runController(Object(App\Controllers\Cart\SaveCartAddressController))
 4 SYSTEMPATH\CodeIgniter.php(368): CodeIgniter\CodeIgniter->handleRequest(null, Object(Config\Cache), false)
 5 FCPATH\index.php(67): CodeIgniter\CodeIgniter->run()
CRITICAL - 2023-07-03 06:19:17 --> Undefined variable $ms
in APPPATH\Controllers\Cart\SaveCartAddressController.php on line 70.
 1 APPPATH\Controllers\Cart\SaveCartAddressController.php(70): CodeIgniter\Debug\Exceptions->errorHandler(2, 'Undefined variable $ms', 'C:\\xampp\\htdocs\\Baumalight\\cg\\app\\Controllers\\Cart\\SaveCartAddressController.php', 70)
 2 SYSTEMPATH\CodeIgniter.php(934): App\Controllers\Cart\SaveCartAddressController->save_cart_address()
 3 SYSTEMPATH\CodeIgniter.php(499): CodeIgniter\CodeIgniter->runController(Object(App\Controllers\Cart\SaveCartAddressController))
 4 SYSTEMPATH\CodeIgniter.php(368): CodeIgniter\CodeIgniter->handleRequest(null, Object(Config\Cache), false)
 5 FCPATH\index.php(67): CodeIgniter\CodeIgniter->run()
CRITICAL - 2023-07-03 06:19:37 --> Undefined variable $ms
in APPPATH\Controllers\Cart\SaveCartAddressController.php on line 70.
 1 APPPATH\Controllers\Cart\SaveCartAddressController.php(70): CodeIgniter\Debug\Exceptions->errorHandler(2, 'Undefined variable $ms', 'C:\\xampp\\htdocs\\Baumalight\\cg\\app\\Controllers\\Cart\\SaveCartAddressController.php', 70)
 2 SYSTEMPATH\CodeIgniter.php(934): App\Controllers\Cart\SaveCartAddressController->save_cart_address()
 3 SYSTEMPATH\CodeIgniter.php(499): CodeIgniter\CodeIgniter->runController(Object(App\Controllers\Cart\SaveCartAddressController))
 4 SYSTEMPATH\CodeIgniter.php(368): CodeIgniter\CodeIgniter->handleRequest(null, Object(Config\Cache), false)
 5 FCPATH\index.php(67): CodeIgniter\CodeIgniter->run()
CRITICAL - 2023-07-03 06:23:12 --> Undefined variable $new_msg_body
in APPPATH\Controllers\Cart\SaveCartAddressController.php on line 57.
 1 APPPATH\Controllers\Cart\SaveCartAddressController.php(57): CodeIgniter\Debug\Exceptions->errorHandler(2, 'Undefined variable $new_msg_body', 'C:\\xampp\\htdocs\\Baumalight\\cg\\app\\Controllers\\Cart\\SaveCartAddressController.php', 57)
 2 SYSTEMPATH\CodeIgniter.php(934): App\Controllers\Cart\SaveCartAddressController->save_cart_address()
 3 SYSTEMPATH\CodeIgniter.php(499): CodeIgniter\CodeIgniter->runController(Object(App\Controllers\Cart\SaveCartAddressController))
 4 SYSTEMPATH\CodeIgniter.php(368): CodeIgniter\CodeIgniter->handleRequest(null, Object(Config\Cache), false)
 5 FCPATH\index.php(67): CodeIgniter\CodeIgniter->run()
CRITICAL - 2023-07-03 07:12:07 --> Undefined array key "a"
in APPPATH\Controllers\Cart\ShippingAddressController.php on line 61.
 1 APPPATH\Controllers\Cart\ShippingAddressController.php(61): CodeIgniter\Debug\Exceptions->errorHandler(2, 'Undefined array key "a"', 'C:\\xampp\\htdocs\\Baumalight\\cg\\app\\Controllers\\Cart\\ShippingAddressController.php', 61)
 2 SYSTEMPATH\CodeIgniter.php(934): App\Controllers\Cart\ShippingAddressController->get_ship_address_info()
 3 SYSTEMPATH\CodeIgniter.php(499): CodeIgniter\CodeIgniter->runController(Object(App\Controllers\Cart\ShippingAddressController))
 4 SYSTEMPATH\CodeIgniter.php(368): CodeIgniter\CodeIgniter->handleRequest(null, Object(Config\Cache), false)
 5 FCPATH\index.php(67): CodeIgniter\CodeIgniter->run()
CRITICAL - 2023-07-03 07:12:15 --> Undefined array key "a"
in APPPATH\Controllers\Cart\ShippingAddressController.php on line 61.
 1 APPPATH\Controllers\Cart\ShippingAddressController.php(61): CodeIgniter\Debug\Exceptions->errorHandler(2, 'Undefined array key "a"', 'C:\\xampp\\htdocs\\Baumalight\\cg\\app\\Controllers\\Cart\\ShippingAddressController.php', 61)
 2 SYSTEMPATH\CodeIgniter.php(934): App\Controllers\Cart\ShippingAddressController->get_ship_address_info()
 3 SYSTEMPATH\CodeIgniter.php(499): CodeIgniter\CodeIgniter->runController(Object(App\Controllers\Cart\ShippingAddressController))
 4 SYSTEMPATH\CodeIgniter.php(368): CodeIgniter\CodeIgniter->handleRequest(null, Object(Config\Cache), false)
 5 FCPATH\index.php(67): CodeIgniter\CodeIgniter->run()
CRITICAL - 2023-07-03 07:51:07 --> Call to undefined method App\Models\Ordermodel::getproduct_count()
in APPPATH\Views\onlineorder\content\cart\cart.php on line 10.
 1 SYSTEMPATH\View\View.php(213): include()
 2 SYSTEMPATH\View\View.php(216): CodeIgniter\View\View->CodeIgniter\View\{closure}()
 3 SYSTEMPATH\Common.php(1184): CodeIgniter\View\View->render('onlineorder/content/cart/cart', [], true)
 4 APPPATH\Controllers\Cart\CartController.php(17): view('onlineorder/content/cart/cart')
 5 SYSTEMPATH\CodeIgniter.php(934): App\Controllers\Cart\CartController->cart()
 6 SYSTEMPATH\CodeIgniter.php(499): CodeIgniter\CodeIgniter->runController(Object(App\Controllers\Cart\CartController))
 7 SYSTEMPATH\CodeIgniter.php(368): CodeIgniter\CodeIgniter->handleRequest(null, Object(Config\Cache), false)
 8 FCPATH\index.php(67): CodeIgniter\CodeIgniter->run()
CRITICAL - 2023-07-03 07:51:12 --> Call to undefined method App\Models\Ordermodel::getproduct_count()
in APPPATH\Views\onlineorder\content\cart\cart.php on line 10.
 1 SYSTEMPATH\View\View.php(213): include()
 2 SYSTEMPATH\View\View.php(216): CodeIgniter\View\View->CodeIgniter\View\{closure}()
 3 SYSTEMPATH\Common.php(1184): CodeIgniter\View\View->render('onlineorder/content/cart/cart', [], true)
 4 APPPATH\Controllers\Cart\CartController.php(17): view('onlineorder/content/cart/cart')
 5 SYSTEMPATH\CodeIgniter.php(934): App\Controllers\Cart\CartController->cart()
 6 SYSTEMPATH\CodeIgniter.php(499): CodeIgniter\CodeIgniter->runController(Object(App\Controllers\Cart\CartController))
 7 SYSTEMPATH\CodeIgniter.php(368): CodeIgniter\CodeIgniter->handleRequest(null, Object(Config\Cache), false)
 8 FCPATH\index.php(67): CodeIgniter\CodeIgniter->run()
CRITICAL - 2023-07-03 07:54:16 --> You must set the database table to be used with your query.
in SYSTEMPATH\Database\BaseConnection.php on line 883.
 1 SYSTEMPATH\Model.php(642): CodeIgniter\Database\BaseConnection->table(null)
 2 SYSTEMPATH\Model.php(832): CodeIgniter\Model->builder()
 3 APPPATH\Views\onlineorder\content\previeworder\previeworder.php(107): CodeIgniter\Model->__call('getproduct_cart_discount_items_count', [...])
 4 SYSTEMPATH\View\View.php(213): include('C:\\xampp\\htdocs\\Baumalight\\cg\\app\\Views\\onlineorder\\content\\previeworder\\previeworder.php')
 5 SYSTEMPATH\View\View.php(216): CodeIgniter\View\View->CodeIgniter\View\{closure}()
 6 SYSTEMPATH\Common.php(1184): CodeIgniter\View\View->render('onlineorder/content/previeworder/previeworder', [], true)
 7 APPPATH\Controllers\Preview\PreviewController.php(17): view('onlineorder/content/previeworder/previeworder')
 8 SYSTEMPATH\CodeIgniter.php(934): App\Controllers\Preview\PreviewController->preview_order()
 9 SYSTEMPATH\CodeIgniter.php(499): CodeIgniter\CodeIgniter->runController(Object(App\Controllers\Preview\PreviewController))
10 SYSTEMPATH\CodeIgniter.php(368): CodeIgniter\CodeIgniter->handleRequest(null, Object(Config\Cache), false)
11 FCPATH\index.php(67): CodeIgniter\CodeIgniter->run()
CRITICAL - 2023-07-03 07:58:04 --> You must set the database table to be used with your query.
in SYSTEMPATH\Database\BaseConnection.php on line 883.
 1 SYSTEMPATH\Model.php(642): CodeIgniter\Database\BaseConnection->table(null)
 2 SYSTEMPATH\Model.php(832): CodeIgniter\Model->builder()
 3 APPPATH\Views\onlineorder\content\previeworder\previeworder.php(107): CodeIgniter\Model->__call('getproduct_cart_discount_items_count', [...])
 4 SYSTEMPATH\View\View.php(213): include('C:\\xampp\\htdocs\\Baumalight\\cg\\app\\Views\\onlineorder\\content\\previeworder\\previeworder.php')
 5 SYSTEMPATH\View\View.php(216): CodeIgniter\View\View->CodeIgniter\View\{closure}()
 6 SYSTEMPATH\Common.php(1184): CodeIgniter\View\View->render('onlineorder/content/previeworder/previeworder', [], true)
 7 APPPATH\Controllers\Preview\PreviewController.php(17): view('onlineorder/content/previeworder/previeworder')
 8 SYSTEMPATH\CodeIgniter.php(934): App\Controllers\Preview\PreviewController->preview_order()
 9 SYSTEMPATH\CodeIgniter.php(499): CodeIgniter\CodeIgniter->runController(Object(App\Controllers\Preview\PreviewController))
10 SYSTEMPATH\CodeIgniter.php(368): CodeIgniter\CodeIgniter->handleRequest(null, Object(Config\Cache), false)
11 FCPATH\index.php(67): CodeIgniter\CodeIgniter->run()
CRITICAL - 2023-07-03 08:00:39 --> Non-static method App\Models\Ordermodel::getproduct_cart_discount_items_count() cannot be called statically
in APPPATH\Views\onlineorder\content\previeworder\previeworder.php on line 107.
 1 SYSTEMPATH\View\View.php(213): include()
 2 SYSTEMPATH\View\View.php(216): CodeIgniter\View\View->CodeIgniter\View\{closure}()
 3 SYSTEMPATH\Common.php(1184): CodeIgniter\View\View->render('onlineorder/content/previeworder/previeworder', [], true)
 4 APPPATH\Controllers\Preview\PreviewController.php(17): view('onlineorder/content/previeworder/previeworder')
 5 SYSTEMPATH\CodeIgniter.php(934): App\Controllers\Preview\PreviewController->preview_order()
 6 SYSTEMPATH\CodeIgniter.php(499): CodeIgniter\CodeIgniter->runController(Object(App\Controllers\Preview\PreviewController))
 7 SYSTEMPATH\CodeIgniter.php(368): CodeIgniter\CodeIgniter->handleRequest(null, Object(Config\Cache), false)
 8 FCPATH\index.php(67): CodeIgniter\CodeIgniter->run()
CRITICAL - 2023-07-03 08:02:30 --> Non-static method App\Models\Ordermodel::getproduct_cart_discount_items_count() cannot be called statically
in APPPATH\Views\onlineorder\content\previeworder\previeworder.php on line 107.
 1 SYSTEMPATH\View\View.php(213): include()
 2 SYSTEMPATH\View\View.php(216): CodeIgniter\View\View->CodeIgniter\View\{closure}()
 3 SYSTEMPATH\Common.php(1184): CodeIgniter\View\View->render('onlineorder/content/previeworder/previeworder', [], true)
 4 APPPATH\Controllers\Preview\PreviewController.php(17): view('onlineorder/content/previeworder/previeworder')
 5 SYSTEMPATH\CodeIgniter.php(934): App\Controllers\Preview\PreviewController->preview_order()
 6 SYSTEMPATH\CodeIgniter.php(499): CodeIgniter\CodeIgniter->runController(Object(App\Controllers\Preview\PreviewController))
 7 SYSTEMPATH\CodeIgniter.php(368): CodeIgniter\CodeIgniter->handleRequest(null, Object(Config\Cache), false)
 8 FCPATH\index.php(67): CodeIgniter\CodeIgniter->run()
CRITICAL - 2023-07-03 08:04:46 --> Non-static method App\Models\Ordermodel::getproduct_cart_discount_items_count() cannot be called statically
in APPPATH\Views\onlineorder\content\previeworder\previeworder.php on line 109.
 1 SYSTEMPATH\View\View.php(213): include()
 2 SYSTEMPATH\View\View.php(216): CodeIgniter\View\View->CodeIgniter\View\{closure}()
 3 SYSTEMPATH\Common.php(1184): CodeIgniter\View\View->render('onlineorder/content/previeworder/previeworder', [], true)
 4 APPPATH\Controllers\Preview\PreviewController.php(17): view('onlineorder/content/previeworder/previeworder')
 5 SYSTEMPATH\CodeIgniter.php(934): App\Controllers\Preview\PreviewController->preview_order()
 6 SYSTEMPATH\CodeIgniter.php(499): CodeIgniter\CodeIgniter->runController(Object(App\Controllers\Preview\PreviewController))
 7 SYSTEMPATH\CodeIgniter.php(368): CodeIgniter\CodeIgniter->handleRequest(null, Object(Config\Cache), false)
 8 FCPATH\index.php(67): CodeIgniter\CodeIgniter->run()
CRITICAL - 2023-07-03 09:00:22 --> Trying to access array offset on value of type null
in APPPATH\Views\onlineorder\content\billprint\billprint.php on line 9.
 1 APPPATH\Views\onlineorder\content\billprint\billprint.php(9): CodeIgniter\Debug\Exceptions->errorHandler(2, 'Trying to access array offset on value of type null', 'C:\\xampp\\htdocs\\Baumalight\\cg\\app\\Views\\onlineorder\\content\\billprint\\billprint.php', 9)
 2 SYSTEMPATH\View\View.php(213): include('C:\\xampp\\htdocs\\Baumalight\\cg\\app\\Views\\onlineorder\\content\\billprint\\billprint.php')
 3 SYSTEMPATH\View\View.php(216): CodeIgniter\View\View->CodeIgniter\View\{closure}()
 4 SYSTEMPATH\Common.php(1184): CodeIgniter\View\View->render('onlineorder/content/billprint/billprint', [], true)
 5 APPPATH\Controllers\Preview\PreviewController.php(31): view('onlineorder/content/billprint/billprint', [...])
 6 SYSTEMPATH\CodeIgniter.php(934): App\Controllers\Preview\PreviewController->billprint()
 7 SYSTEMPATH\CodeIgniter.php(499): CodeIgniter\CodeIgniter->runController(Object(App\Controllers\Preview\PreviewController))
 8 SYSTEMPATH\CodeIgniter.php(368): CodeIgniter\CodeIgniter->handleRequest(null, Object(Config\Cache), false)
 9 FCPATH\index.php(67): CodeIgniter\CodeIgniter->run()
CRITICAL - 2023-07-03 09:07:56 --> Undefined variable $query
in APPPATH\Controllers\Preview\PreviewController.php on line 51.
 1 APPPATH\Controllers\Preview\PreviewController.php(51): CodeIgniter\Debug\Exceptions->errorHandler(2, 'Undefined variable $query', 'C:\\xampp\\htdocs\\Baumalight\\cg\\app\\Controllers\\Preview\\PreviewController.php', 51)
 2 SYSTEMPATH\CodeIgniter.php(934): App\Controllers\Preview\PreviewController->save_order_details()
 3 SYSTEMPATH\CodeIgniter.php(499): CodeIgniter\CodeIgniter->runController(Object(App\Controllers\Preview\PreviewController))
 4 SYSTEMPATH\CodeIgniter.php(368): CodeIgniter\CodeIgniter->handleRequest(null, Object(Config\Cache), false)
 5 FCPATH\index.php(67): CodeIgniter\CodeIgniter->run()
CRITICAL - 2023-07-03 09:17:35 --> Unclosed '{' on line 7
in APPPATH\Controllers\Preview\PreviewController.php on line 181.
 1 SYSTEMPATH\Autoloader\Autoloader.php(289): CodeIgniter\Autoloader\Autoloader->includeFile('C:\\xampp\\htdocs\\Baumalight\\cg\\app\\Controllers\\Preview\\PreviewController.php')
 2 SYSTEMPATH\Autoloader\Autoloader.php(267): CodeIgniter\Autoloader\Autoloader->loadInNamespace('App\\Controllers\\Preview\\PreviewController')
 3 [internal function]: CodeIgniter\Autoloader\Autoloader->loadClass('App\\Controllers\\Preview\\PreviewController')
 4 SYSTEMPATH\CodeIgniter.php(892): class_exists('\\App\\Controllers\\Preview\\PreviewController', true)
 5 SYSTEMPATH\CodeIgniter.php(486): CodeIgniter\CodeIgniter->startController()
 6 SYSTEMPATH\CodeIgniter.php(368): CodeIgniter\CodeIgniter->handleRequest(null, Object(Config\Cache), false)
 7 FCPATH\index.php(67): CodeIgniter\CodeIgniter->run()
CRITICAL - 2023-07-03 09:17:54 --> Unclosed '{' on line 7
in APPPATH\Controllers\Preview\PreviewController.php on line 181.
 1 SYSTEMPATH\Autoloader\Autoloader.php(289): CodeIgniter\Autoloader\Autoloader->includeFile('C:\\xampp\\htdocs\\Baumalight\\cg\\app\\Controllers\\Preview\\PreviewController.php')
 2 SYSTEMPATH\Autoloader\Autoloader.php(267): CodeIgniter\Autoloader\Autoloader->loadInNamespace('App\\Controllers\\Preview\\PreviewController')
 3 [internal function]: CodeIgniter\Autoloader\Autoloader->loadClass('App\\Controllers\\Preview\\PreviewController')
 4 SYSTEMPATH\CodeIgniter.php(892): class_exists('\\App\\Controllers\\Preview\\PreviewController', true)
 5 SYSTEMPATH\CodeIgniter.php(486): CodeIgniter\CodeIgniter->startController()
 6 SYSTEMPATH\CodeIgniter.php(368): CodeIgniter\CodeIgniter->handleRequest(null, Object(Config\Cache), false)
 7 FCPATH\index.php(67): CodeIgniter\CodeIgniter->run()
CRITICAL - 2023-07-03 09:57:24 --> Undefined variable $cid
in APPPATH\Models\Preview\Preview.php on line 66.
 1 APPPATH\Models\Preview\Preview.php(66): CodeIgniter\Debug\Exceptions->errorHandler(2, 'Undefined variable $cid', 'C:\\xampp\\htdocs\\Baumalight\\cg\\app\\Models\\Preview\\Preview.php', 66)
 2 APPPATH\Controllers\Preview\PreviewController.php(189): App\Models\Preview\Preview->insert_ebms_order_billing_details('4343C915RBRKE000', '47339', 'TEST2', 'Test LLC. US', '44566 Testing County Rd.', 'Testiny', 'TX', 'USA', '12366', 'Neil Thorne 31', 'Brian Mullen', '', '2023-07-03 12:00:00', 'Delivery', 'Charge', 0.0, 127186.5, '10  days after due date', 'Net  30 days', '5     % paid in 10  days', '2023-07-03 09:57:24', '43211 Testy North', '', 'Test City', 'USA', 'TX', '12345')
 3 SYSTEMPATH\CodeIgniter.php(934): App\Controllers\Preview\PreviewController->save_order_details()
 4 SYSTEMPATH\CodeIgniter.php(499): CodeIgniter\CodeIgniter->runController(Object(App\Controllers\Preview\PreviewController))
 5 SYSTEMPATH\CodeIgniter.php(368): CodeIgniter\CodeIgniter->handleRequest(null, Object(Config\Cache), false)
 6 FCPATH\index.php(67): CodeIgniter\CodeIgniter->run()
CRITICAL - 2023-07-03 09:58:08 --> Undefined variable $cid
in APPPATH\Models\Preview\Preview.php on line 66.
 1 APPPATH\Models\Preview\Preview.php(66): CodeIgniter\Debug\Exceptions->errorHandler(2, 'Undefined variable $cid', 'C:\\xampp\\htdocs\\Baumalight\\cg\\app\\Models\\Preview\\Preview.php', 66)
 2 APPPATH\Controllers\Preview\PreviewController.php(189): App\Models\Preview\Preview->insert_ebms_order_billing_details('SV1A5HG5RBRKE000', '47340', 'TEST2', 'Test LLC. US', '44566 Testing County Rd.', 'Testiny', 'TX', 'USA', '12366', 'Neil Thorne 31', 'Brian Mullen', '', '2023-07-03 12:00:00', 'Delivery', 'Charge', 0.0, 127186.5, '10  days after due date', 'Net  30 days', '5     % paid in 10  days', '2023-07-03 09:58:08', '43211 Testy North', '', 'Test City', 'USA', 'TX', '12345')
 3 SYSTEMPATH\CodeIgniter.php(934): App\Controllers\Preview\PreviewController->save_order_details()
 4 SYSTEMPATH\CodeIgniter.php(499): CodeIgniter\CodeIgniter->runController(Object(App\Controllers\Preview\PreviewController))
 5 SYSTEMPATH\CodeIgniter.php(368): CodeIgniter\CodeIgniter->handleRequest(null, Object(Config\Cache), false)
 6 FCPATH\index.php(67): CodeIgniter\CodeIgniter->run()
CRITICAL - 2023-07-03 10:14:34 --> Undefined variable $cid
in APPPATH\Models\Preview\Preview.php on line 104.
 1 APPPATH\Models\Preview\Preview.php(104): CodeIgniter\Debug\Exceptions->errorHandler(2, 'Undefined variable $cid', 'C:\\xampp\\htdocs\\Baumalight\\cg\\app\\Models\\Preview\\Preview.php', 104)
 2 APPPATH\Controllers\Preview\PreviewController.php(227): App\Models\Preview\Preview->insert_ebms_order_child('C8IAE46GRBRKE000', '47342', 'TEST2', 'R5000', '[L] Ripper 5000 Series replacement Brush Fire Tooth', '33', '2', '26.4', '52.8', null, '0', '52.8', 'usd', '0', '0', '0')
 3 SYSTEMPATH\CodeIgniter.php(934): App\Controllers\Preview\PreviewController->save_order_details()
 4 SYSTEMPATH\CodeIgniter.php(499): CodeIgniter\CodeIgniter->runController(Object(App\Controllers\Preview\PreviewController))
 5 SYSTEMPATH\CodeIgniter.php(368): CodeIgniter\CodeIgniter->handleRequest(null, Object(Config\Cache), false)
 6 FCPATH\index.php(67): CodeIgniter\CodeIgniter->run()
CRITICAL - 2023-07-03 10:40:34 --> Undefined array key "a"
in APPPATH\Controllers\Cart\ShippingAddressController.php on line 61.
 1 APPPATH\Controllers\Cart\ShippingAddressController.php(61): CodeIgniter\Debug\Exceptions->errorHandler(2, 'Undefined array key "a"', 'C:\\xampp\\htdocs\\Baumalight\\cg\\app\\Controllers\\Cart\\ShippingAddressController.php', 61)
 2 SYSTEMPATH\CodeIgniter.php(934): App\Controllers\Cart\ShippingAddressController->get_ship_address_info()
 3 SYSTEMPATH\CodeIgniter.php(499): CodeIgniter\CodeIgniter->runController(Object(App\Controllers\Cart\ShippingAddressController))
 4 SYSTEMPATH\CodeIgniter.php(368): CodeIgniter\CodeIgniter->handleRequest(null, Object(Config\Cache), false)
 5 FCPATH\index.php(67): CodeIgniter\CodeIgniter->run()
CRITICAL - 2023-07-03 10:55:24 --> Trying to access array offset on value of type null
in APPPATH\Views\onlineorder\content\billprint\billprint.php on line 9.
 1 APPPATH\Views\onlineorder\content\billprint\billprint.php(9): CodeIgniter\Debug\Exceptions->errorHandler(2, 'Trying to access array offset on value of type null', 'C:\\xampp\\htdocs\\Baumalight\\cg\\app\\Views\\onlineorder\\content\\billprint\\billprint.php', 9)
 2 SYSTEMPATH\View\View.php(213): include('C:\\xampp\\htdocs\\Baumalight\\cg\\app\\Views\\onlineorder\\content\\billprint\\billprint.php')
 3 SYSTEMPATH\View\View.php(216): CodeIgniter\View\View->CodeIgniter\View\{closure}()
 4 SYSTEMPATH\Common.php(1184): CodeIgniter\View\View->render('onlineorder/content/billprint/billprint', [], true)
 5 APPPATH\Controllers\Preview\PreviewController.php(31): view('onlineorder/content/billprint/billprint', [...])
 6 SYSTEMPATH\CodeIgniter.php(934): App\Controllers\Preview\PreviewController->billprint()
 7 SYSTEMPATH\CodeIgniter.php(499): CodeIgniter\CodeIgniter->runController(Object(App\Controllers\Preview\PreviewController))
 8 SYSTEMPATH\CodeIgniter.php(368): CodeIgniter\CodeIgniter->handleRequest(null, Object(Config\Cache), false)
 9 FCPATH\index.php(67): CodeIgniter\CodeIgniter->run()
CRITICAL - 2023-07-03 11:08:08 --> Undefined array key "a"
in APPPATH\Controllers\Cart\ShippingAddressController.php on line 61.
 1 APPPATH\Controllers\Cart\ShippingAddressController.php(61): CodeIgniter\Debug\Exceptions->errorHandler(2, 'Undefined array key "a"', 'C:\\xampp\\htdocs\\Baumalight\\cg\\app\\Controllers\\Cart\\ShippingAddressController.php', 61)
 2 SYSTEMPATH\CodeIgniter.php(934): App\Controllers\Cart\ShippingAddressController->get_ship_address_info()
 3 SYSTEMPATH\CodeIgniter.php(499): CodeIgniter\CodeIgniter->runController(Object(App\Controllers\Cart\ShippingAddressController))
 4 SYSTEMPATH\CodeIgniter.php(368): CodeIgniter\CodeIgniter->handleRequest(null, Object(Config\Cache), false)
 5 FCPATH\index.php(67): CodeIgniter\CodeIgniter->run()
CRITICAL - 2023-07-03 11:12:42 --> view(): Argument #2 ($data) must be of type array, null given, called in C:\xampp\htdocs\Baumalight\cg\app\Controllers\Preview\PreviewController.php on line 31
in SYSTEMPATH\Common.php on line 1172.
 1 APPPATH\Controllers\Preview\PreviewController.php(31): view('onlineorder/content/billprint/billprint', null)
 2 SYSTEMPATH\CodeIgniter.php(934): App\Controllers\Preview\PreviewController->billprint()
 3 SYSTEMPATH\CodeIgniter.php(499): CodeIgniter\CodeIgniter->runController(Object(App\Controllers\Preview\PreviewController))
 4 SYSTEMPATH\CodeIgniter.php(368): CodeIgniter\CodeIgniter->handleRequest(null, Object(Config\Cache), false)
 5 FCPATH\index.php(67): CodeIgniter\CodeIgniter->run()
CRITICAL - 2023-07-03 11:13:17 --> Undefined variable $fetchb
in APPPATH\Views\onlineorder\content\billprint\billprint.php on line 10.
 1 APPPATH\Views\onlineorder\content\billprint\billprint.php(10): CodeIgniter\Debug\Exceptions->errorHandler(2, 'Undefined variable $fetchb', 'C:\\xampp\\htdocs\\Baumalight\\cg\\app\\Views\\onlineorder\\content\\billprint\\billprint.php', 10)
 2 SYSTEMPATH\View\View.php(213): include('C:\\xampp\\htdocs\\Baumalight\\cg\\app\\Views\\onlineorder\\content\\billprint\\billprint.php')
 3 SYSTEMPATH\View\View.php(216): CodeIgniter\View\View->CodeIgniter\View\{closure}()
 4 SYSTEMPATH\Common.php(1184): CodeIgniter\View\View->render('onlineorder/content/billprint/billprint', [], true)
 5 APPPATH\Controllers\Preview\PreviewController.php(31): view('onlineorder/content/billprint/billprint', [...])
 6 SYSTEMPATH\CodeIgniter.php(934): App\Controllers\Preview\PreviewController->billprint()
 7 SYSTEMPATH\CodeIgniter.php(499): CodeIgniter\CodeIgniter->runController(Object(App\Controllers\Preview\PreviewController))
 8 SYSTEMPATH\CodeIgniter.php(368): CodeIgniter\CodeIgniter->handleRequest(null, Object(Config\Cache), false)
 9 FCPATH\index.php(67): CodeIgniter\CodeIgniter->run()
CRITICAL - 2023-07-03 11:17:36 --> view(): Argument #2 ($data) must be of type array, string given, called in C:\xampp\htdocs\Baumalight\cg\app\Controllers\Preview\PreviewController.php on line 28
in SYSTEMPATH\Common.php on line 1172.
 1 APPPATH\Controllers\Preview\PreviewController.php(28): view('onlineorder/content/billprint/billprint', '"47355"')
 2 SYSTEMPATH\CodeIgniter.php(934): App\Controllers\Preview\PreviewController->billprint()
 3 SYSTEMPATH\CodeIgniter.php(499): CodeIgniter\CodeIgniter->runController(Object(App\Controllers\Preview\PreviewController))
 4 SYSTEMPATH\CodeIgniter.php(368): CodeIgniter\CodeIgniter->handleRequest(null, Object(Config\Cache), false)
 5 FCPATH\index.php(67): CodeIgniter\CodeIgniter->run()
CRITICAL - 2023-07-03 11:28:09 --> Undefined array key "a"
in APPPATH\Controllers\Cart\ShippingAddressController.php on line 61.
 1 APPPATH\Controllers\Cart\ShippingAddressController.php(61): CodeIgniter\Debug\Exceptions->errorHandler(2, 'Undefined array key "a"', 'C:\\xampp\\htdocs\\Baumalight\\cg\\app\\Controllers\\Cart\\ShippingAddressController.php', 61)
 2 SYSTEMPATH\CodeIgniter.php(934): App\Controllers\Cart\ShippingAddressController->get_ship_address_info()
 3 SYSTEMPATH\CodeIgniter.php(499): CodeIgniter\CodeIgniter->runController(Object(App\Controllers\Cart\ShippingAddressController))
 4 SYSTEMPATH\CodeIgniter.php(368): CodeIgniter\CodeIgniter->handleRequest(null, Object(Config\Cache), false)
 5 FCPATH\index.php(67): CodeIgniter\CodeIgniter->run()
CRITICAL - 2023-07-03 11:29:17 --> Undefined variable $invoice
in APPPATH\Views\onlineorder\content\billprint\billprint.php on line 6.
 1 APPPATH\Views\onlineorder\content\billprint\billprint.php(6): CodeIgniter\Debug\Exceptions->errorHandler(2, 'Undefined variable $invoice', 'C:\\xampp\\htdocs\\Baumalight\\cg\\app\\Views\\onlineorder\\content\\billprint\\billprint.php', 6)
 2 SYSTEMPATH\View\View.php(213): include('C:\\xampp\\htdocs\\Baumalight\\cg\\app\\Views\\onlineorder\\content\\billprint\\billprint.php')
 3 SYSTEMPATH\View\View.php(216): CodeIgniter\View\View->CodeIgniter\View\{closure}()
 4 SYSTEMPATH\Common.php(1184): CodeIgniter\View\View->render('onlineorder/content/billprint/billprint', [], true)
 5 APPPATH\Controllers\Preview\PreviewController.php(31): view('onlineorder/content/billprint/billprint', [...])
 6 SYSTEMPATH\CodeIgniter.php(934): App\Controllers\Preview\PreviewController->billprint()
 7 SYSTEMPATH\CodeIgniter.php(499): CodeIgniter\CodeIgniter->runController(Object(App\Controllers\Preview\PreviewController))
 8 SYSTEMPATH\CodeIgniter.php(368): CodeIgniter\CodeIgniter->handleRequest(null, Object(Config\Cache), false)
 9 FCPATH\index.php(67): CodeIgniter\CodeIgniter->run()
CRITICAL - 2023-07-03 11:29:38 --> Call to undefined method App\Models\MyordersView::get_rows_from_ebms()
in APPPATH\Views\onlineorder\content\billprint\billprint.php on line 7.
 1 SYSTEMPATH\View\View.php(213): include()
 2 SYSTEMPATH\View\View.php(216): CodeIgniter\View\View->CodeIgniter\View\{closure}()
 3 SYSTEMPATH\Common.php(1184): CodeIgniter\View\View->render('onlineorder/content/billprint/billprint', [], true)
 4 APPPATH\Controllers\Preview\PreviewController.php(31): view('onlineorder/content/billprint/billprint', [...])
 5 SYSTEMPATH\CodeIgniter.php(934): App\Controllers\Preview\PreviewController->billprint()
 6 SYSTEMPATH\CodeIgniter.php(499): CodeIgniter\CodeIgniter->runController(Object(App\Controllers\Preview\PreviewController))
 7 SYSTEMPATH\CodeIgniter.php(368): CodeIgniter\CodeIgniter->handleRequest(null, Object(Config\Cache), false)
 8 FCPATH\index.php(67): CodeIgniter\CodeIgniter->run()
CRITICAL - 2023-07-03 11:40:54 --> Undefined array key "AUTOID"
in APPPATH\Views\onlineorder\content\billprint\billprint.php on line 10.
 1 APPPATH\Views\onlineorder\content\billprint\billprint.php(10): CodeIgniter\Debug\Exceptions->errorHandler(2, 'Undefined array key "AUTOID"', 'C:\\xampp\\htdocs\\Baumalight\\cg\\app\\Views\\onlineorder\\content\\billprint\\billprint.php', 10)
 2 SYSTEMPATH\View\View.php(213): include('C:\\xampp\\htdocs\\Baumalight\\cg\\app\\Views\\onlineorder\\content\\billprint\\billprint.php')
 3 SYSTEMPATH\View\View.php(216): CodeIgniter\View\View->CodeIgniter\View\{closure}()
 4 SYSTEMPATH\Common.php(1184): CodeIgniter\View\View->render('onlineorder/content/billprint/billprint', [], true)
 5 APPPATH\Controllers\Preview\PreviewController.php(31): view('onlineorder/content/billprint/billprint', [...])
 6 SYSTEMPATH\CodeIgniter.php(934): App\Controllers\Preview\PreviewController->billprint()
 7 SYSTEMPATH\CodeIgniter.php(499): CodeIgniter\CodeIgniter->runController(Object(App\Controllers\Preview\PreviewController))
 8 SYSTEMPATH\CodeIgniter.php(368): CodeIgniter\CodeIgniter->handleRequest(null, Object(Config\Cache), false)
 9 FCPATH\index.php(67): CodeIgniter\CodeIgniter->run()
CRITICAL - 2023-07-03 11:41:32 --> Undefined array key "AUTOID"
in APPPATH\Views\onlineorder\content\billprint\billprint.php on line 14.
 1 APPPATH\Views\onlineorder\content\billprint\billprint.php(14): CodeIgniter\Debug\Exceptions->errorHandler(2, 'Undefined array key "AUTOID"', 'C:\\xampp\\htdocs\\Baumalight\\cg\\app\\Views\\onlineorder\\content\\billprint\\billprint.php', 14)
 2 SYSTEMPATH\View\View.php(213): include('C:\\xampp\\htdocs\\Baumalight\\cg\\app\\Views\\onlineorder\\content\\billprint\\billprint.php')
 3 SYSTEMPATH\View\View.php(216): CodeIgniter\View\View->CodeIgniter\View\{closure}()
 4 SYSTEMPATH\Common.php(1184): CodeIgniter\View\View->render('onlineorder/content/billprint/billprint', [], true)
 5 APPPATH\Controllers\Preview\PreviewController.php(31): view('onlineorder/content/billprint/billprint', [...])
 6 SYSTEMPATH\CodeIgniter.php(934): App\Controllers\Preview\PreviewController->billprint()
 7 SYSTEMPATH\CodeIgniter.php(499): CodeIgniter\CodeIgniter->runController(Object(App\Controllers\Preview\PreviewController))
 8 SYSTEMPATH\CodeIgniter.php(368): CodeIgniter\CodeIgniter->handleRequest(null, Object(Config\Cache), false)
 9 FCPATH\index.php(67): CodeIgniter\CodeIgniter->run()
CRITICAL - 2023-07-03 11:42:23 --> Attempt to read property "AUTOID" on array
in APPPATH\Views\onlineorder\content\billprint\billprint.php on line 15.
 1 APPPATH\Views\onlineorder\content\billprint\billprint.php(15): CodeIgniter\Debug\Exceptions->errorHandler(2, 'Attempt to read property "AUTOID" on array', 'C:\\xampp\\htdocs\\Baumalight\\cg\\app\\Views\\onlineorder\\content\\billprint\\billprint.php', 15)
 2 SYSTEMPATH\View\View.php(213): include('C:\\xampp\\htdocs\\Baumalight\\cg\\app\\Views\\onlineorder\\content\\billprint\\billprint.php')
 3 SYSTEMPATH\View\View.php(216): CodeIgniter\View\View->CodeIgniter\View\{closure}()
 4 SYSTEMPATH\Common.php(1184): CodeIgniter\View\View->render('onlineorder/content/billprint/billprint', [], true)
 5 APPPATH\Controllers\Preview\PreviewController.php(31): view('onlineorder/content/billprint/billprint', [...])
 6 SYSTEMPATH\CodeIgniter.php(934): App\Controllers\Preview\PreviewController->billprint()
 7 SYSTEMPATH\CodeIgniter.php(499): CodeIgniter\CodeIgniter->runController(Object(App\Controllers\Preview\PreviewController))
 8 SYSTEMPATH\CodeIgniter.php(368): CodeIgniter\CodeIgniter->handleRequest(null, Object(Config\Cache), false)
 9 FCPATH\index.php(67): CodeIgniter\CodeIgniter->run()
CRITICAL - 2023-07-03 11:47:49 --> Undefined variable $conn
in APPPATH\Views\onlineorder\content\billprint\billprint.php on line 137.
 1 APPPATH\Views\onlineorder\content\billprint\billprint.php(137): CodeIgniter\Debug\Exceptions->errorHandler(2, 'Undefined variable $conn', 'C:\\xampp\\htdocs\\Baumalight\\cg\\app\\Views\\onlineorder\\content\\billprint\\billprint.php', 137)
 2 SYSTEMPATH\View\View.php(213): include('C:\\xampp\\htdocs\\Baumalight\\cg\\app\\Views\\onlineorder\\content\\billprint\\billprint.php')
 3 SYSTEMPATH\View\View.php(216): CodeIgniter\View\View->CodeIgniter\View\{closure}()
 4 SYSTEMPATH\Common.php(1184): CodeIgniter\View\View->render('onlineorder/content/billprint/billprint', [], true)
 5 APPPATH\Controllers\Preview\PreviewController.php(31): view('onlineorder/content/billprint/billprint', [...])
 6 SYSTEMPATH\CodeIgniter.php(934): App\Controllers\Preview\PreviewController->billprint()
 7 SYSTEMPATH\CodeIgniter.php(499): CodeIgniter\CodeIgniter->runController(Object(App\Controllers\Preview\PreviewController))
 8 SYSTEMPATH\CodeIgniter.php(368): CodeIgniter\CodeIgniter->handleRequest(null, Object(Config\Cache), false)
 9 FCPATH\index.php(67): CodeIgniter\CodeIgniter->run()
CRITICAL - 2023-07-03 11:57:25 --> Undefined array key "a"
in APPPATH\Controllers\Cart\ShippingAddressController.php on line 61.
 1 APPPATH\Controllers\Cart\ShippingAddressController.php(61): CodeIgniter\Debug\Exceptions->errorHandler(2, 'Undefined array key "a"', 'C:\\xampp\\htdocs\\Baumalight\\cg\\app\\Controllers\\Cart\\ShippingAddressController.php', 61)
 2 SYSTEMPATH\CodeIgniter.php(934): App\Controllers\Cart\ShippingAddressController->get_ship_address_info()
 3 SYSTEMPATH\CodeIgniter.php(499): CodeIgniter\CodeIgniter->runController(Object(App\Controllers\Cart\ShippingAddressController))
 4 SYSTEMPATH\CodeIgniter.php(368): CodeIgniter\CodeIgniter->handleRequest(null, Object(Config\Cache), false)
 5 FCPATH\index.php(67): CodeIgniter\CodeIgniter->run()
CRITICAL - 2023-07-03 12:33:38 --> odbc_fetch_array(): Argument #1 ($statement) must be of type resource, array given
in APPPATH\Controllers\Cart\ShippingAddressController.php on line 30.
 1 APPPATH\Controllers\Cart\ShippingAddressController.php(30): odbc_fetch_array([...])
 2 SYSTEMPATH\CodeIgniter.php(934): App\Controllers\Cart\ShippingAddressController->get_ship_address()
 3 SYSTEMPATH\CodeIgniter.php(499): CodeIgniter\CodeIgniter->runController(Object(App\Controllers\Cart\ShippingAddressController))
 4 SYSTEMPATH\CodeIgniter.php(368): CodeIgniter\CodeIgniter->handleRequest(null, Object(Config\Cache), false)
 5 FCPATH\index.php(67): CodeIgniter\CodeIgniter->run()
CRITICAL - 2023-07-03 12:34:16 --> odbc_fetch_array(): Argument #1 ($statement) must be of type resource, array given
in APPPATH\Controllers\Cart\ShippingAddressController.php on line 30.
 1 APPPATH\Controllers\Cart\ShippingAddressController.php(30): odbc_fetch_array([...])
 2 SYSTEMPATH\CodeIgniter.php(934): App\Controllers\Cart\ShippingAddressController->get_ship_address()
 3 SYSTEMPATH\CodeIgniter.php(499): CodeIgniter\CodeIgniter->runController(Object(App\Controllers\Cart\ShippingAddressController))
 4 SYSTEMPATH\CodeIgniter.php(368): CodeIgniter\CodeIgniter->handleRequest(null, Object(Config\Cache), false)
 5 FCPATH\index.php(67): CodeIgniter\CodeIgniter->run()
CRITICAL - 2023-07-03 12:37:17 --> odbc_fetch_array(): Argument #1 ($statement) must be of type resource, array given
in APPPATH\Controllers\Cart\ShippingAddressController.php on line 30.
 1 APPPATH\Controllers\Cart\ShippingAddressController.php(30): odbc_fetch_array([...])
 2 SYSTEMPATH\CodeIgniter.php(934): App\Controllers\Cart\ShippingAddressController->get_ship_address()
 3 SYSTEMPATH\CodeIgniter.php(499): CodeIgniter\CodeIgniter->runController(Object(App\Controllers\Cart\ShippingAddressController))
 4 SYSTEMPATH\CodeIgniter.php(368): CodeIgniter\CodeIgniter->handleRequest(null, Object(Config\Cache), false)
 5 FCPATH\index.php(67): CodeIgniter\CodeIgniter->run()
CRITICAL - 2023-07-03 12:38:17 --> Undefined variable $fetch_more
in APPPATH\Controllers\Cart\ShippingAddressController.php on line 30.
 1 APPPATH\Controllers\Cart\ShippingAddressController.php(30): CodeIgniter\Debug\Exceptions->errorHandler(2, 'Undefined variable $fetch_more', 'C:\\xampp\\htdocs\\Baumalight\\cg\\app\\Controllers\\Cart\\ShippingAddressController.php', 30)
 2 SYSTEMPATH\CodeIgniter.php(934): App\Controllers\Cart\ShippingAddressController->get_ship_address()
 3 SYSTEMPATH\CodeIgniter.php(499): CodeIgniter\CodeIgniter->runController(Object(App\Controllers\Cart\ShippingAddressController))
 4 SYSTEMPATH\CodeIgniter.php(368): CodeIgniter\CodeIgniter->handleRequest(null, Object(Config\Cache), false)
 5 FCPATH\index.php(67): CodeIgniter\CodeIgniter->run()
